Using pre-set license
Built from '2021.3/staging' branch; Version is '2021.3.20f1 (577897200b8b) revision 5732503'; Using compiler version '192829333'; Build Type 'Release'
OS: 'Windows 10  (10.0.19045) 64bit Professional' Language: 'es' Physical Memory: 16332 MB
BatchMode: 1, IsHumanControllingUs: 0, StartBugReporterOnCrash: 0, Is64bit: 1, IsPro: 1

COMMAND LINE ARGUMENTS:
C:\Program Files\Unity\Hub\Editor\2021.3.20f1\Editor\Unity.exe
-adb2
-batchMode
-noUpm
-name
AssetImportWorker10
-projectPath
C:/Users/f.robledo/Desktop/SACRED-HITMAN/My project (1)
-logFile
Logs/AssetImportWorker10.log
-srvPort
49300
Successfully changed project path to: C:/Users/f.robledo/Desktop/SACRED-HITMAN/My project (1)
C:/Users/f.robledo/Desktop/SACRED-HITMAN/My project (1)
[UnityMemory] Configuration Parameters - Can be set up in boot.config
    "memorysetup-bucket-allocator-granularity=16"
    "memorysetup-bucket-allocator-bucket-count=8"
    "memorysetup-bucket-allocator-block-size=33554432"
    "memorysetup-bucket-allocator-block-count=8"
    "memorysetup-main-allocator-block-size=16777216"
    "memorysetup-thread-allocator-block-size=16777216"
    "memorysetup-gfx-main-allocator-block-size=16777216"
    "memorysetup-gfx-thread-allocator-block-size=16777216"
    "memorysetup-cache-allocator-block-size=4194304"
    "memorysetup-typetree-allocator-block-size=2097152"
    "memorysetup-profiler-bucket-allocator-granularity=16"
    "memorysetup-profiler-bucket-allocator-bucket-count=8"
    "memorysetup-profiler-bucket-allocator-block-size=33554432"
    "memorysetup-profiler-bucket-allocator-block-count=8"
    "memorysetup-profiler-allocator-block-size=16777216"
    "memorysetup-profiler-editor-allocator-block-size=1048576"
    "memorysetup-temp-allocator-size-main=16777216"
    "memorysetup-job-temp-allocator-block-size=2097152"
    "memorysetup-job-temp-allocator-block-size-background=1048576"
    "memorysetup-job-temp-allocator-reduction-small-platforms=262144"
    "memorysetup-temp-allocator-size-background-worker=32768"
    "memorysetup-temp-allocator-size-job-worker=262144"
    "memorysetup-temp-allocator-size-preload-manager=33554432"
    "memorysetup-temp-allocator-size-nav-mesh-worker=65536"
    "memorysetup-temp-allocator-size-audio-worker=65536"
    "memorysetup-temp-allocator-size-cloud-worker=32768"
    "memorysetup-temp-allocator-size-gi-baking-worker=262144"
    "memorysetup-temp-allocator-size-gfx=262144"
Player connection [17824] Host "[IP] 192.168.42.82 [Port] 0 [Flags] 2 [Guid] 470713366 [EditorId] 470713366 [Version] 1048832 [Id] WindowsEditor(7,LAB2I5PC3) [Debug] 1 [PackageName] WindowsEditor [ProjectName] Editor" joined multi-casting on [225.0.0.222:54997]...

Player connection [17824] Host "[IP] 192.168.42.82 [Port] 0 [Flags] 2 [Guid] 470713366 [EditorId] 470713366 [Version] 1048832 [Id] WindowsEditor(7,LAB2I5PC3) [Debug] 1 [PackageName] WindowsEditor [ProjectName] Editor" joined alternative multi-casting on [225.0.0.222:34997]...

Refreshing native plugins compatible for Editor in 127.12 ms, found 4 plugins.
Preloading 0 native plugins for Editor in 0.00 ms.
Initialize engine version: 2021.3.20f1 (577897200b8b)
[Subsystems] Discovering subsystems at path C:/Program Files/Unity/Hub/Editor/2021.3.20f1/Editor/Data/Resources/UnitySubsystems
[Subsystems] Discovering subsystems at path C:/Users/f.robledo/Desktop/SACRED-HITMAN/My project (1)/Assets
GfxDevice: creating device client; threaded=0; jobified=0
Direct3D:
    Version:  Direct3D 11.0 [level 11.1]
    Renderer: NVIDIA GeForce GTX 1650 SUPER (ID=0x2187)
    Vendor:   NVIDIA
    VRAM:     3955 MB
    Driver:   31.0.15.1694
Initialize mono
Mono path[0] = 'C:/Program Files/Unity/Hub/Editor/2021.3.20f1/Editor/Data/Managed'
Mono path[1] = 'C:/Program Files/Unity/Hub/Editor/2021.3.20f1/Editor/Data/MonoBleedingEdge/lib/mono/unityjit-win32'
Mono config path = 'C:/Program Files/Unity/Hub/Editor/2021.3.20f1/Editor/Data/MonoBleedingEdge/etc'
Using monoOptions --debugger-agent=transport=dt_socket,embedding=1,server=y,suspend=n,address=127.0.0.1:56068
Begin MonoManager ReloadAssembly
Registering precompiled unity dll's ...
Register platform support module: C:/Program Files/Unity/Hub/Editor/2021.3.20f1/Editor/Data/PlaybackEngines/WebGLSupport/UnityEditor.WebGL.Extensions.dll
Register platform support module: C:/Program Files/Unity/Hub/Editor/2021.3.20f1/Editor/Data/PlaybackEngines/AndroidPlayer/UnityEditor.Android.Extensions.dll
Register platform support module: C:/Program Files/Unity/Hub/Editor/2021.3.20f1/Editor/Data/PlaybackEngines/WindowsStandaloneSupport/UnityEditor.WindowsStandalone.Extensions.dll
Register platform support module: C:/Program Files/Unity/Hub/Editor/2021.3.20f1/Editor/Data/PlaybackEngines/MetroSupport/UnityEditor.UWP.Extensions.dll
Registered in 0.012497 seconds.
Native extension for UWP target not found
Native extension for WindowsStandalone target not found
Native extension for Android target not found
Android Extension - Scanning For ADB Devices 354 ms
Native extension for WebGL target not found
Refreshing native plugins compatible for Editor in 108.96 ms, found 4 plugins.
Preloading 0 native plugins for Editor in 0.00 ms.
Mono: successfully reloaded assembly
- Completed reload, in  1.172 seconds
Domain Reload Profiling:
	ReloadAssembly (1173ms)
		BeginReloadAssembly (128ms)
			ExecutionOrderSort (0ms)
			DisableScriptedObjects (0ms)
			BackupInstance (0ms)
			ReleaseScriptingObjects (0ms)
			CreateAndSetChildDomain (1ms)
		EndReloadAssembly (913ms)
			LoadAssemblies (126ms)
			RebuildTransferFunctionScriptingTraits (0ms)
			SetupTypeCache (124ms)
			ReleaseScriptCaches (0ms)
			RebuildScriptCaches (31ms)
			SetupLoadedEditorAssemblies (697ms)
				LogAssemblyErrors (0ms)
				InitializePlatformSupportModulesInManaged (433ms)
				SetLoadedEditorAssemblies (0ms)
				RefreshPlugins (109ms)
				BeforeProcessingInitializeOnLoad (1ms)
				ProcessInitializeOnLoadAttributes (100ms)
				ProcessInitializeOnLoadMethodAttributes (53ms)
				AfterProcessingInitializeOnLoad (0ms)
				EditorAssembliesLoaded (0ms)
			ExecutionOrderSort2 (0ms)
			AwakeInstancesAfterBackupRestoration (0ms)
Platform modules already initialized, skipping
Registering precompiled user dll's ...
Registered in 0.011236 seconds.
Begin MonoManager ReloadAssembly
Symbol file LoadedFromMemory doesn't match image C:\Users\f.robledo\Desktop\SACRED-HITMAN\My project (1)\Library\PackageCache\com.unity.visualscripting@1.8.0\Editor\VisualScripting.Core\Dependencies\YamlDotNet\Unity.VisualScripting.YamlDotNet.dll
Symbol file LoadedFromMemory doesn't match image C:\Users\f.robledo\Desktop\SACRED-HITMAN\My project (1)\Library\PackageCache\com.unity.visualscripting@1.8.0\Editor\VisualScripting.Core\Dependencies\DotNetZip\Unity.VisualScripting.IonicZip.dll
Native extension for UWP target not found
Native extension for WindowsStandalone target not found
Native extension for Android target not found
Native extension for WebGL target not found
Refreshing native plugins compatible for Editor in 112.19 ms, found 4 plugins.
Preloading 0 native plugins for Editor in 0.00 ms.
Mono: successfully reloaded assembly
- Completed reload, in  1.339 seconds
Domain Reload Profiling:
	ReloadAssembly (1340ms)
		BeginReloadAssembly (143ms)
			ExecutionOrderSort (0ms)
			DisableScriptedObjects (7ms)
			BackupInstance (0ms)
			ReleaseScriptingObjects (0ms)
			CreateAndSetChildDomain (22ms)
		EndReloadAssembly (1058ms)
			LoadAssemblies (125ms)
			RebuildTransferFunctionScriptingTraits (0ms)
			SetupTypeCache (274ms)
			ReleaseScriptCaches (1ms)
			RebuildScriptCaches (62ms)
			SetupLoadedEditorAssemblies (555ms)
				LogAssemblyErrors (0ms)
				InitializePlatformSupportModulesInManaged (30ms)
				SetLoadedEditorAssemblies (0ms)
				RefreshPlugins (112ms)
				BeforeProcessingInitializeOnLoad (117ms)
				ProcessInitializeOnLoadAttributes (240ms)
				ProcessInitializeOnLoadMethodAttributes (44ms)
				AfterProcessingInitializeOnLoad (11ms)
				EditorAssembliesLoaded (0ms)
			ExecutionOrderSort2 (0ms)
			AwakeInstancesAfterBackupRestoration (6ms)
Platform modules already initialized, skipping
========================================================================
Worker process is ready to serve import requests
Launched and connected shader compiler UnityShaderCompiler.exe after 0.05 seconds
Refreshing native plugins compatible for Editor in 0.90 ms, found 4 plugins.
Preloading 0 native plugins for Editor in 0.00 ms.
Unloading 3740 Unused Serialized files (Serialized files now loaded: 0)
Unloading 35 unused Assets / (56.4 KB). Loaded Objects now: 4202.
Memory consumption went from 143.0 MB to 143.0 MB.
Total: 4.211800 ms (FindLiveObjects: 0.359700 ms CreateObjectMapping: 0.100000 ms MarkObjects: 3.642900 ms  DeleteObjects: 0.107900 ms)

AssetImportParameters requested are different than current active one (requested -> active):
  custom:video-decoder-ogg-theora: a1e56fd34408186e4bbccfd4996cb3dc -> 
  custom:container-muxer-webm: aa71ff27fc2769a1b78a27578f13a17b -> 
  custom:container-demuxer-webm: 4f35f7cbe854078d1ac9338744f61a02 -> 
  custom:video-encoder-webm-vp8: eb34c28f22e8b96e1ab97ce403110664 -> 
  custom:audio-encoder-webm-vorbis: bf7c407c2cedff20999df2af8eb42d56 -> 
  custom:framework-win-MediaFoundation: 216162199b28c13a410421893ffa2e32 -> 
  custom:container-demuxer-ogg: 62fdf1f143b41e24485cea50d1cbac27 -> 
  custom:video-decoder-webm-vp8: 9c59270c3fd7afecdb556c50c9e8de78 -> 
  custom:audio-decoder-ogg-vorbis: bf7c407c2cedff20999df2af8eb42d56 -> 
========================================================================
Received Prepare
Registering precompiled user dll's ...
Registered in 0.009046 seconds.
Begin MonoManager ReloadAssembly
Symbol file LoadedFromMemory doesn't match image C:\Users\f.robledo\Desktop\SACRED-HITMAN\My project (1)\Library\PackageCache\com.unity.visualscripting@1.8.0\Editor\VisualScripting.Core\Dependencies\YamlDotNet\Unity.VisualScripting.YamlDotNet.dll
Symbol file LoadedFromMemory doesn't match image C:\Users\f.robledo\Desktop\SACRED-HITMAN\My project (1)\Library\PackageCache\com.unity.visualscripting@1.8.0\Editor\VisualScripting.Core\Dependencies\DotNetZip\Unity.VisualScripting.IonicZip.dll
Native extension for UWP target not found
Native extension for WindowsStandalone target not found
Native extension for Android target not found
Native extension for WebGL target not found
Refreshing native plugins compatible for Editor in 0.82 ms, found 4 plugins.
Preloading 0 native plugins for Editor in 0.00 ms.
Mono: successfully reloaded assembly
- Completed reload, in  1.227 seconds
Domain Reload Profiling:
	ReloadAssembly (1228ms)
		BeginReloadAssembly (176ms)
			ExecutionOrderSort (0ms)
			DisableScriptedObjects (9ms)
			BackupInstance (0ms)
			ReleaseScriptingObjects (0ms)
			CreateAndSetChildDomain (44ms)
		EndReloadAssembly (931ms)
			LoadAssemblies (128ms)
			RebuildTransferFunctionScriptingTraits (1ms)
			SetupTypeCache (283ms)
			ReleaseScriptCaches (2ms)
			RebuildScriptCaches (56ms)
			SetupLoadedEditorAssemblies (423ms)
				LogAssemblyErrors (0ms)
				InitializePlatformSupportModulesInManaged (29ms)
				SetLoadedEditorAssemblies (0ms)
				RefreshPlugins (1ms)
				BeforeProcessingInitializeOnLoad (91ms)
				ProcessInitializeOnLoadAttributes (248ms)
				ProcessInitializeOnLoadMethodAttributes (41ms)
				AfterProcessingInitializeOnLoad (13ms)
				EditorAssembliesLoaded (0ms)
			ExecutionOrderSort2 (0ms)
			AwakeInstancesAfterBackupRestoration (9ms)
Platform modules already initialized, skipping
Refreshing native plugins compatible for Editor in 3.16 ms, found 4 plugins.
Preloading 0 native plugins for Editor in 0.00 ms.
Unloading 3728 Unused Serialized files (Serialized files now loaded: 0)
Unloading 22 unused Assets / (24.6 KB). Loaded Objects now: 4205.
Memory consumption went from 142.2 MB to 142.2 MB.
Total: 3.871200 ms (FindLiveObjects: 0.376000 ms CreateObjectMapping: 0.115200 ms MarkObjects: 3.348000 ms  DeleteObjects: 0.031000 ms)

AssetImportParameters requested are different than current active one (requested -> active):
  custom:video-decoder-ogg-theora: a1e56fd34408186e4bbccfd4996cb3dc -> 
  custom:container-muxer-webm: aa71ff27fc2769a1b78a27578f13a17b -> 
  custom:container-demuxer-webm: 4f35f7cbe854078d1ac9338744f61a02 -> 
  custom:video-encoder-webm-vp8: eb34c28f22e8b96e1ab97ce403110664 -> 
  custom:audio-encoder-webm-vorbis: bf7c407c2cedff20999df2af8eb42d56 -> 
  custom:framework-win-MediaFoundation: 216162199b28c13a410421893ffa2e32 -> 
  custom:container-demuxer-ogg: 62fdf1f143b41e24485cea50d1cbac27 -> 
  custom:video-decoder-webm-vp8: 9c59270c3fd7afecdb556c50c9e8de78 -> 
  custom:audio-decoder-ogg-vorbis: bf7c407c2cedff20999df2af8eb42d56 -> 
========================================================================
Received Prepare
Registering precompiled user dll's ...
Registered in 0.009952 seconds.
Begin MonoManager ReloadAssembly
Symbol file LoadedFromMemory doesn't match image C:\Users\f.robledo\Desktop\SACRED-HITMAN\My project (1)\Library\PackageCache\com.unity.visualscripting@1.8.0\Editor\VisualScripting.Core\Dependencies\YamlDotNet\Unity.VisualScripting.YamlDotNet.dll
Symbol file LoadedFromMemory doesn't match image C:\Users\f.robledo\Desktop\SACRED-HITMAN\My project (1)\Library\PackageCache\com.unity.visualscripting@1.8.0\Editor\VisualScripting.Core\Dependencies\DotNetZip\Unity.VisualScripting.IonicZip.dll
Native extension for UWP target not found
Native extension for WindowsStandalone target not found
Native extension for Android target not found
Native extension for WebGL target not found
Refreshing native plugins compatible for Editor in 0.81 ms, found 4 plugins.
Preloading 0 native plugins for Editor in 0.00 ms.
Mono: successfully reloaded assembly
- Completed reload, in  1.300 seconds
Domain Reload Profiling:
	ReloadAssembly (1301ms)
		BeginReloadAssembly (177ms)
			ExecutionOrderSort (0ms)
			DisableScriptedObjects (12ms)
			BackupInstance (0ms)
			ReleaseScriptingObjects (0ms)
			CreateAndSetChildDomain (44ms)
		EndReloadAssembly (992ms)
			LoadAssemblies (131ms)
			RebuildTransferFunctionScriptingTraits (0ms)
			SetupTypeCache (324ms)
			ReleaseScriptCaches (2ms)
			RebuildScriptCaches (66ms)
			SetupLoadedEditorAssemblies (411ms)
				LogAssemblyErrors (0ms)
				InitializePlatformSupportModulesInManaged (31ms)
				SetLoadedEditorAssemblies (0ms)
				RefreshPlugins (1ms)
				BeforeProcessingInitializeOnLoad (93ms)
				ProcessInitializeOnLoadAttributes (230ms)
				ProcessInitializeOnLoadMethodAttributes (43ms)
				AfterProcessingInitializeOnLoad (12ms)
				EditorAssembliesLoaded (0ms)
			ExecutionOrderSort2 (0ms)
			AwakeInstancesAfterBackupRestoration (9ms)
Platform modules already initialized, skipping
Refreshing native plugins compatible for Editor in 2.98 ms, found 4 plugins.
Preloading 0 native plugins for Editor in 0.00 ms.
Unloading 3728 Unused Serialized files (Serialized files now loaded: 0)
Unloading 22 unused Assets / (24.7 KB). Loaded Objects now: 4208.
Memory consumption went from 141.9 MB to 141.9 MB.
Total: 5.096700 ms (FindLiveObjects: 0.343100 ms CreateObjectMapping: 0.093900 ms MarkObjects: 4.621100 ms  DeleteObjects: 0.036900 ms)

AssetImportParameters requested are different than current active one (requested -> active):
  custom:video-decoder-ogg-theora: a1e56fd34408186e4bbccfd4996cb3dc -> 
  custom:container-muxer-webm: aa71ff27fc2769a1b78a27578f13a17b -> 
  custom:container-demuxer-webm: 4f35f7cbe854078d1ac9338744f61a02 -> 
  custom:video-encoder-webm-vp8: eb34c28f22e8b96e1ab97ce403110664 -> 
  custom:audio-encoder-webm-vorbis: bf7c407c2cedff20999df2af8eb42d56 -> 
  custom:framework-win-MediaFoundation: 216162199b28c13a410421893ffa2e32 -> 
  custom:container-demuxer-ogg: 62fdf1f143b41e24485cea50d1cbac27 -> 
  custom:video-decoder-webm-vp8: 9c59270c3fd7afecdb556c50c9e8de78 -> 
  custom:audio-decoder-ogg-vorbis: bf7c407c2cedff20999df2af8eb42d56 -> 
========================================================================
Received Import Request.
  Time since last request: 14602.461511 seconds.
  path: Assets/Tiles/tileset_16.asset
  artifactKey: Guid(d2e8dc3bc7925b14983d2c9adb14d398) Importer(815301076,1909f56bfc062723c751e8b465ee728b)
Start importing Assets/Tiles/tileset_16.asset using Guid(d2e8dc3bc7925b14983d2c9adb14d398) Importer(815301076,1909f56bfc062723c751e8b465ee728b)  -> (artifact id: '9942cd24196423d66db7d7ea85797a27') in 0.090705 seconds 
========================================================================
Received Import Request.
  Time since last request: 0.000063 seconds.
  path: Assets/Tiles/tileset_28.asset
  artifactKey: Guid(9ecac5a1257b7494296dbaaf210a52c1) Importer(815301076,1909f56bfc062723c751e8b465ee728b)
Start importing Assets/Tiles/tileset_28.asset using Guid(9ecac5a1257b7494296dbaaf210a52c1) Importer(815301076,1909f56bfc062723c751e8b465ee728b)  -> (artifact id: '8327f042e2192a57c5cc0f48bee6cf12') in 0.017289 seconds 
========================================================================
Received Import Request.
  Time since last request: 0.000045 seconds.
  path: Assets/Tiles/tileset_25.asset
  artifactKey: Guid(7302cccb4ffc45842aea854c8af90cf1) Importer(815301076,1909f56bfc062723c751e8b465ee728b)
Start importing Assets/Tiles/tileset_25.asset using Guid(7302cccb4ffc45842aea854c8af90cf1) Importer(815301076,1909f56bfc062723c751e8b465ee728b)  -> (artifact id: '6345706c1cd4bd0c280d7bdf9a332b4e') in 0.020149 seconds 
========================================================================
Received Import Request.
  Time since last request: 0.000036 seconds.
  path: Assets/Tiles/tileset_29.asset
  artifactKey: Guid(cc5a2344318e1fa4f9adc6ff9849b8b0) Importer(815301076,1909f56bfc062723c751e8b465ee728b)
Start importing Assets/Tiles/tileset_29.asset using Guid(cc5a2344318e1fa4f9adc6ff9849b8b0) Importer(815301076,1909f56bfc062723c751e8b465ee728b)  -> (artifact id: '6655f55bb1a3794be42a6d428d4ab70f') in 0.010996 seconds 
========================================================================
Received Import Request.
  Time since last request: 0.000082 seconds.
  path: Assets/Tiles/tileset_20.asset
  artifactKey: Guid(792936986ff56fb4f9105619932457bd) Importer(815301076,1909f56bfc062723c751e8b465ee728b)
Start importing Assets/Tiles/tileset_20.asset using Guid(792936986ff56fb4f9105619932457bd) Importer(815301076,1909f56bfc062723c751e8b465ee728b)  -> (artifact id: '5109c690ddb4e2f6b0390d830fdb863e') in 0.016117 seconds 
========================================================================
Received Import Request.
  Time since last request: 0.000029 seconds.
  path: Assets/Tiles/tileset_24.asset
  artifactKey: Guid(d756a9f8ad550e446804e21d44569d67) Importer(815301076,1909f56bfc062723c751e8b465ee728b)
Start importing Assets/Tiles/tileset_24.asset using Guid(d756a9f8ad550e446804e21d44569d67) Importer(815301076,1909f56bfc062723c751e8b465ee728b)  -> (artifact id: '566222bf4cb8aaedc37c82a56fb41bc6') in 0.012300 seconds 
========================================================================
Received Import Request.
  Time since last request: 0.000023 seconds.
  path: Assets/Tiles/tileset_30.asset
  artifactKey: Guid(3f9a91b459a3f5849a4874272bfac554) Importer(815301076,1909f56bfc062723c751e8b465ee728b)
Start importing Assets/Tiles/tileset_30.asset using Guid(3f9a91b459a3f5849a4874272bfac554) Importer(815301076,1909f56bfc062723c751e8b465ee728b)  -> (artifact id: '438ca0f672421b8b57092b15b25d549e') in 0.016743 seconds 
========================================================================
Received Import Request.
  Time since last request: 0.000029 seconds.
  path: Assets/Tiles/tileset_35.asset
  artifactKey: Guid(960a59cafa499794ca585a29e5cd8f97) Importer(815301076,1909f56bfc062723c751e8b465ee728b)
Start importing Assets/Tiles/tileset_35.asset using Guid(960a59cafa499794ca585a29e5cd8f97) Importer(815301076,1909f56bfc062723c751e8b465ee728b)  -> (artifact id: '6ed50006f9e02a6579f74542ba970d40') in 0.009672 seconds 
========================================================================
Received Import Request.
  Time since last request: 0.000025 seconds.
  path: Assets/Tiles/tileset_17.asset
  artifactKey: Guid(f8e76d32ff062c847b52187e4092abf1) Importer(815301076,1909f56bfc062723c751e8b465ee728b)
Start importing Assets/Tiles/tileset_17.asset using Guid(f8e76d32ff062c847b52187e4092abf1) Importer(815301076,1909f56bfc062723c751e8b465ee728b)  -> (artifact id: '0518fcd0c16c8c6023ba7783523cdd39') in 0.009884 seconds 
========================================================================
Received Import Request.
  Time since last request: 0.000036 seconds.
  path: Assets/Tiles/tileset_21.asset
  artifactKey: Guid(bd840470928bdcb4799c420a234fbdbd) Importer(815301076,1909f56bfc062723c751e8b465ee728b)
Start importing Assets/Tiles/tileset_21.asset using Guid(bd840470928bdcb4799c420a234fbdbd) Importer(815301076,1909f56bfc062723c751e8b465ee728b)  -> (artifact id: 'a576d29947be13bd8167cfa6da18eb0b') in 0.018242 seconds 
========================================================================
Received Import Request.
  Time since last request: 0.000026 seconds.
  path: Assets/Tiles/tileset_32.asset
  artifactKey: Guid(030fdbfa768c1d14880a018579ded39b) Importer(815301076,1909f56bfc062723c751e8b465ee728b)
Start importing Assets/Tiles/tileset_32.asset using Guid(030fdbfa768c1d14880a018579ded39b) Importer(815301076,1909f56bfc062723c751e8b465ee728b)  -> (artifact id: 'ae80cd6cdb7f682a0f10dba4dde6f6c7') in 0.016242 seconds 
========================================================================
Received Import Request.
  Time since last request: 0.000029 seconds.
  path: Assets/Tiles/tileset_31.asset
  artifactKey: Guid(c43347495b0964045855ef5cbb884d4f) Importer(815301076,1909f56bfc062723c751e8b465ee728b)
Start importing Assets/Tiles/tileset_31.asset using Guid(c43347495b0964045855ef5cbb884d4f) Importer(815301076,1909f56bfc062723c751e8b465ee728b)  -> (artifact id: 'b2b88e9ba2c8bbd2606caeb0b98fe965') in 0.017488 seconds 
========================================================================
Received Import Request.
  Time since last request: 0.323649 seconds.
  path: Assets/Tiles/tileset_8.asset
  artifactKey: Guid(6b762d15d6c4a8c4caa5810c99982213) Importer(815301076,1909f56bfc062723c751e8b465ee728b)
Start importing Assets/Tiles/tileset_8.asset using Guid(6b762d15d6c4a8c4caa5810c99982213) Importer(815301076,1909f56bfc062723c751e8b465ee728b)  -> (artifact id: 'd7c9d7b74f1c07fbefb472d4bc6fd50c') in 0.008793 seconds 
========================================================================
Received Import Request.
  Time since last request: 0.000039 seconds.
  path: Assets/Tiles/tileset_11.asset
  artifactKey: Guid(2952266e9ba3bf447926f460147470e9) Importer(815301076,1909f56bfc062723c751e8b465ee728b)
Start importing Assets/Tiles/tileset_11.asset using Guid(2952266e9ba3bf447926f460147470e9) Importer(815301076,1909f56bfc062723c751e8b465ee728b)  -> (artifact id: 'cc1876b14f48f5ac8544ebf3b4ae8909') in 0.016985 seconds 
========================================================================
Received Import Request.
  Time since last request: 0.000046 seconds.
  path: Assets/Tiles/tileset_10.asset
  artifactKey: Guid(6bbce39bb13ba524d8de47f2cca807c5) Importer(815301076,1909f56bfc062723c751e8b465ee728b)
Start importing Assets/Tiles/tileset_10.asset using Guid(6bbce39bb13ba524d8de47f2cca807c5) Importer(815301076,1909f56bfc062723c751e8b465ee728b)  -> (artifact id: 'cf9ff4b9b81d408fd8d158d6b499e344') in 0.018085 seconds 
========================================================================
Received Import Request.
  Time since last request: 0.000042 seconds.
  path: Assets/Tiles/tileset_3.asset
  artifactKey: Guid(53d1a621f3b2b6c40acf138fe9f6026c) Importer(815301076,1909f56bfc062723c751e8b465ee728b)
Start importing Assets/Tiles/tileset_3.asset using Guid(53d1a621f3b2b6c40acf138fe9f6026c) Importer(815301076,1909f56bfc062723c751e8b465ee728b)  -> (artifact id: '44247cd7f0ab020338b2704b1b38e09b') in 0.019402 seconds 
========================================================================
Received Import Request.
  Time since last request: 0.000066 seconds.
  path: Assets/Tiles/tileset_6.asset
  artifactKey: Guid(cb86282c4fa8dcd499ec25cc42832e48) Importer(815301076,1909f56bfc062723c751e8b465ee728b)
Start importing Assets/Tiles/tileset_6.asset using Guid(cb86282c4fa8dcd499ec25cc42832e48) Importer(815301076,1909f56bfc062723c751e8b465ee728b)  -> (artifact id: '40122e78e15ba9b4136d55605eb34646') in 0.010250 seconds 
========================================================================
Received Import Request.
  Time since last request: 0.000038 seconds.
  path: Assets/Tiles/tileset_1.asset
  artifactKey: Guid(04c943c7396d86d4883e7fd9861e2f2d) Importer(815301076,1909f56bfc062723c751e8b465ee728b)
Start importing Assets/Tiles/tileset_1.asset using Guid(04c943c7396d86d4883e7fd9861e2f2d) Importer(815301076,1909f56bfc062723c751e8b465ee728b)  -> (artifact id: 'edf95b30879f7c555da88488c372f158') in 0.010095 seconds 
========================================================================
Received Import Request.
  Time since last request: 0.000045 seconds.
  path: Assets/Tiles/Castillo.prefab
  artifactKey: Guid(7d9ca6e267d83ca4db0f14083321b483) Importer(815301076,1909f56bfc062723c751e8b465ee728b)
Start importing Assets/Tiles/Castillo.prefab using Guid(7d9ca6e267d83ca4db0f14083321b483) Importer(815301076,1909f56bfc062723c751e8b465ee728b)  -> (artifact id: '620a694577b1bb5832043b7469eb9568') in 0.143204 seconds 
========================================================================
Received Import Request.
  Time since last request: 0.114133 seconds.
  path: Assets/Tiles/tileset_41.asset
  artifactKey: Guid(7647234b7a5a12d41a25f6ebd0724fea) Importer(815301076,1909f56bfc062723c751e8b465ee728b)
Start importing Assets/Tiles/tileset_41.asset using Guid(7647234b7a5a12d41a25f6ebd0724fea) Importer(815301076,1909f56bfc062723c751e8b465ee728b)  -> (artifact id: '0a0982233aba66e8995031904910a2cc') in 0.007654 seconds 
========================================================================
Received Import Request.
  Time since last request: 0.000039 seconds.
  path: Assets/Tiles/tileset_44.asset
  artifactKey: Guid(4843dae0982e8c54b926676ef5269ad5) Importer(815301076,1909f56bfc062723c751e8b465ee728b)
Start importing Assets/Tiles/tileset_44.asset using Guid(4843dae0982e8c54b926676ef5269ad5) Importer(815301076,1909f56bfc062723c751e8b465ee728b)  -> (artifact id: 'c865a54753dd4050958212ac5f1dcfe2') in 0.016539 seconds 
========================================================================
Received Import Request.
  Time since last request: 0.000024 seconds.
  path: Assets/Tiles/tileset_43.asset
  artifactKey: Guid(17f9819efa84d0a4ba28ab3718910e80) Importer(815301076,1909f56bfc062723c751e8b465ee728b)
Start importing Assets/Tiles/tileset_43.asset using Guid(17f9819efa84d0a4ba28ab3718910e80) Importer(815301076,1909f56bfc062723c751e8b465ee728b)  -> (artifact id: 'e680091f11a6f6fd8bcc4592e3864338') in 0.015296 seconds 
========================================================================
Received Import Request.
  Time since last request: 0.000035 seconds.
  path: Assets/Tiles/tileset_47.asset
  artifactKey: Guid(742ac37d2fcb45a499c97bc092ddb512) Importer(815301076,1909f56bfc062723c751e8b465ee728b)
Start importing Assets/Tiles/tileset_47.asset using Guid(742ac37d2fcb45a499c97bc092ddb512) Importer(815301076,1909f56bfc062723c751e8b465ee728b)  -> (artifact id: 'fec940fc6a3da3830db3802425fda6f4') in 0.017416 seconds 
========================================================================
Received Import Request.
  Time since last request: 3.427600 seconds.
  path: Assets/Scenes/tileset_0.asset
  artifactKey: Guid(f6dda6e54c4feac4aa2cb77e3eefa037) Importer(815301076,1909f56bfc062723c751e8b465ee728b)
Start importing Assets/Scenes/tileset_0.asset using Guid(f6dda6e54c4feac4aa2cb77e3eefa037) Importer(815301076,1909f56bfc062723c751e8b465ee728b)  -> (artifact id: 'f917d6c9a26f50b6c54576e9dc6810cf') in 0.007573 seconds 
========================================================================
Received Import Request.
  Time since last request: 0.000032 seconds.
  path: Assets/Scenes/tileset_16.asset
  artifactKey: Guid(e5a89d8b49b29424a947004f7a1b1eb0) Importer(815301076,1909f56bfc062723c751e8b465ee728b)
Start importing Assets/Scenes/tileset_16.asset using Guid(e5a89d8b49b29424a947004f7a1b1eb0) Importer(815301076,1909f56bfc062723c751e8b465ee728b)  -> (artifact id: '1225df13fdaa829db4246729924979e0') in 0.007037 seconds 
========================================================================
Received Import Request.
  Time since last request: 0.000025 seconds.
  path: Assets/Scenes/tileset_17.asset
  artifactKey: Guid(5091841f3e9bb9a40be812a293201f95) Importer(815301076,1909f56bfc062723c751e8b465ee728b)
Start importing Assets/Scenes/tileset_17.asset using Guid(5091841f3e9bb9a40be812a293201f95) Importer(815301076,1909f56bfc062723c751e8b465ee728b)  -> (artifact id: 'c52800e2f877ce7b7a9a4935d905e3f3') in 0.009475 seconds 
========================================================================
Received Import Request.
  Time since last request: 0.000024 seconds.
  path: Assets/Scenes/tileset_18.asset
  artifactKey: Guid(f630299670d1acd4cbb53cecf7f0e2c7) Importer(815301076,1909f56bfc062723c751e8b465ee728b)
Start importing Assets/Scenes/tileset_18.asset using Guid(f630299670d1acd4cbb53cecf7f0e2c7) Importer(815301076,1909f56bfc062723c751e8b465ee728b)  -> (artifact id: 'b769c9e663130f4eacdcd9a590eb842a') in 0.009516 seconds 
========================================================================
Received Import Request.
  Time since last request: 0.000024 seconds.
  path: Assets/Scenes/tileset_21.asset
  artifactKey: Guid(3bcd6489cbc0c79498a660ac0fead50d) Importer(815301076,1909f56bfc062723c751e8b465ee728b)
Start importing Assets/Scenes/tileset_21.asset using Guid(3bcd6489cbc0c79498a660ac0fead50d) Importer(815301076,1909f56bfc062723c751e8b465ee728b)  -> (artifact id: '98b171f8542e8129bdc954d22b13754a') in 0.018110 seconds 
========================================================================
Received Import Request.
  Time since last request: 0.000028 seconds.
  path: Assets/Scenes/tileset_20.asset
  artifactKey: Guid(dc93b2716473b7d4d8f0ebc74a86c8fb) Importer(815301076,1909f56bfc062723c751e8b465ee728b)
Start importing Assets/Scenes/tileset_20.asset using Guid(dc93b2716473b7d4d8f0ebc74a86c8fb) Importer(815301076,1909f56bfc062723c751e8b465ee728b)  -> (artifact id: '91e2c2c93ac8f56771ec44baf793b431') in 0.009097 seconds 
========================================================================
Received Import Request.
  Time since last request: 0.000042 seconds.
  path: Assets/Scenes/tileset_2.asset
  artifactKey: Guid(92170235a6718fa4b95c3f4d08b0bee1) Importer(815301076,1909f56bfc062723c751e8b465ee728b)
Start importing Assets/Scenes/tileset_2.asset using Guid(92170235a6718fa4b95c3f4d08b0bee1) Importer(815301076,1909f56bfc062723c751e8b465ee728b)  -> (artifact id: '0b225b1603f03a8309d6f0f261ec71df') in 0.015055 seconds 
========================================================================
Received Import Request.
  Time since last request: 0.000024 seconds.
  path: Assets/Scenes/tileset_11.asset
  artifactKey: Guid(fc51367c2dee9e840bda4ab6534ad5fd) Importer(815301076,1909f56bfc062723c751e8b465ee728b)
Start importing Assets/Scenes/tileset_11.asset using Guid(fc51367c2dee9e840bda4ab6534ad5fd) Importer(815301076,1909f56bfc062723c751e8b465ee728b)  -> (artifact id: 'fdf7b52e6ce400c97e5818142e79c77b') in 0.009092 seconds 
========================================================================
Received Import Request.
  Time since last request: 0.000031 seconds.
  path: Assets/Scenes/tileset_9.asset
  artifactKey: Guid(d9453591f3072e04bb13c7b52bbc1d3e) Importer(815301076,1909f56bfc062723c751e8b465ee728b)
Start importing Assets/Scenes/tileset_9.asset using Guid(d9453591f3072e04bb13c7b52bbc1d3e) Importer(815301076,1909f56bfc062723c751e8b465ee728b)  -> (artifact id: '3f207f3307e631946f2f2786bfe6ad7b') in 0.017087 seconds 
========================================================================
Received Import Request.
  Time since last request: 0.000033 seconds.
  path: Assets/Scenes/tileset_8.asset
  artifactKey: Guid(817ae7df0c4272d4a9e65a6ab90f335e) Importer(815301076,1909f56bfc062723c751e8b465ee728b)
Start importing Assets/Scenes/tileset_8.asset using Guid(817ae7df0c4272d4a9e65a6ab90f335e) Importer(815301076,1909f56bfc062723c751e8b465ee728b)  -> (artifact id: 'bac6489863de4ce727ff72df1f359469') in 0.012566 seconds 
========================================================================
Received Import Request.
  Time since last request: 0.000033 seconds.
  path: Assets/Scenes/tileset_3.asset
  artifactKey: Guid(6a98d0da8867489499f45662819ea87e) Importer(815301076,1909f56bfc062723c751e8b465ee728b)
Start importing Assets/Scenes/tileset_3.asset using Guid(6a98d0da8867489499f45662819ea87e) Importer(815301076,1909f56bfc062723c751e8b465ee728b)  -> (artifact id: 'cc8066ca206b6282c872493a4d4c49bc') in 0.008312 seconds 
========================================================================
Received Import Request.
  Time since last request: 0.000039 seconds.
  path: Assets/Scenes/tileset_15.asset
  artifactKey: Guid(b40aa04b21efcdf4ebde530d35b44d00) Importer(815301076,1909f56bfc062723c751e8b465ee728b)
Start importing Assets/Scenes/tileset_15.asset using Guid(b40aa04b21efcdf4ebde530d35b44d00) Importer(815301076,1909f56bfc062723c751e8b465ee728b)  -> (artifact id: 'ac38c5aaa0030bb1e59aa04a6230beb8') in 0.014722 seconds 
========================================================================
Received Import Request.
  Time since last request: 0.000052 seconds.
  path: Assets/Scenes/tileset_13.asset
  artifactKey: Guid(463ccad95fe94354587e9eab66406fd9) Importer(815301076,1909f56bfc062723c751e8b465ee728b)
Start importing Assets/Scenes/tileset_13.asset using Guid(463ccad95fe94354587e9eab66406fd9) Importer(815301076,1909f56bfc062723c751e8b465ee728b)  -> (artifact id: '0942679309455c5f6675551f3d3ac8e0') in 0.009667 seconds 
========================================================================
Received Import Request.
  Time since last request: 0.000042 seconds.
  path: Assets/Scenes/tileset_1.asset
  artifactKey: Guid(991a3cfc4a818a945bfefc08a628aac6) Importer(815301076,1909f56bfc062723c751e8b465ee728b)
Start importing Assets/Scenes/tileset_1.asset using Guid(991a3cfc4a818a945bfefc08a628aac6) Importer(815301076,1909f56bfc062723c751e8b465ee728b)  -> (artifact id: '3c0eb4f57e8a92182b12330caf0aeb92') in 0.021415 seconds 
========================================================================
Received Import Request.
  Time since last request: 0.000035 seconds.
  path: Assets/Scenes/tileset_12.asset
  artifactKey: Guid(fe4f591898dd0f54f96af97bd54baeae) Importer(815301076,1909f56bfc062723c751e8b465ee728b)
Start importing Assets/Scenes/tileset_12.asset using Guid(fe4f591898dd0f54f96af97bd54baeae) Importer(815301076,1909f56bfc062723c751e8b465ee728b)  -> (artifact id: '951a46b6dce2430f76f2a65ad29dfbdc') in 0.016636 seconds 
========================================================================
Received Import Request.
  Time since last request: 1.751272 seconds.
  path: Assets/Scenes/tileset_24.asset
  artifactKey: Guid(0a667ca3a35722745bb735559508638f) Importer(815301076,1909f56bfc062723c751e8b465ee728b)
Start importing Assets/Scenes/tileset_24.asset using Guid(0a667ca3a35722745bb735559508638f) Importer(815301076,1909f56bfc062723c751e8b465ee728b)  -> (artifact id: 'a23ca43670d303cc8416cbf48a2e156e') in 0.011196 seconds 
========================================================================
Received Import Request.
  Time since last request: 0.000049 seconds.
  path: Assets/Scenes/tileset_28.asset
  artifactKey: Guid(881f1a692e5090446ac90728b019297d) Importer(815301076,1909f56bfc062723c751e8b465ee728b)
Start importing Assets/Scenes/tileset_28.asset using Guid(881f1a692e5090446ac90728b019297d) Importer(815301076,1909f56bfc062723c751e8b465ee728b)  -> (artifact id: '7cab0a4b53155c7616ee0621d9439c0b') in 0.007959 seconds 
========================================================================
Received Import Request.
  Time since last request: 0.000051 seconds.
  path: Assets/Scenes/tileset_27.asset
  artifactKey: Guid(4d9a940e0f4112840a123eec5311d27a) Importer(815301076,1909f56bfc062723c751e8b465ee728b)
Start importing Assets/Scenes/tileset_27.asset using Guid(4d9a940e0f4112840a123eec5311d27a) Importer(815301076,1909f56bfc062723c751e8b465ee728b)  -> (artifact id: '94e9b75bf798548a6e46da46ec06400f') in 0.008758 seconds 
========================================================================
Received Import Request.
  Time since last request: 0.000033 seconds.
  path: Assets/Scenes/tileset_31.asset
  artifactKey: Guid(c0607f723b3eae045a8d7ca39eedc2e8) Importer(815301076,1909f56bfc062723c751e8b465ee728b)
Start importing Assets/Scenes/tileset_31.asset using Guid(c0607f723b3eae045a8d7ca39eedc2e8) Importer(815301076,1909f56bfc062723c751e8b465ee728b)  -> (artifact id: 'e11f58520ca33877fc95b6b37df0794f') in 0.010715 seconds 
========================================================================
Received Import Request.
  Time since last request: 0.000028 seconds.
  path: Assets/Scenes/tileset_43.asset
  artifactKey: Guid(a63311d6fd0d9d142a2d76d05c8758b7) Importer(815301076,1909f56bfc062723c751e8b465ee728b)
Start importing Assets/Scenes/tileset_43.asset using Guid(a63311d6fd0d9d142a2d76d05c8758b7) Importer(815301076,1909f56bfc062723c751e8b465ee728b)  -> (artifact id: '48da0ab98788545a9ea6a726e2e5b48a') in 0.016457 seconds 
========================================================================
Received Import Request.
  Time since last request: 0.000042 seconds.
  path: Assets/Scenes/tileset_38.asset
  artifactKey: Guid(b50ccff16d7b32f4eb13bfb97bf33504) Importer(815301076,1909f56bfc062723c751e8b465ee728b)
Start importing Assets/Scenes/tileset_38.asset using Guid(b50ccff16d7b32f4eb13bfb97bf33504) Importer(815301076,1909f56bfc062723c751e8b465ee728b)  -> (artifact id: '5cc08a26bbeb794001183d572209f94c') in 0.011529 seconds 
========================================================================
Received Import Request.
  Time since last request: 0.000029 seconds.
  path: Assets/Scenes/tileset_35.asset
  artifactKey: Guid(b916dcb1fb823c54dacff949b5a84032) Importer(815301076,1909f56bfc062723c751e8b465ee728b)
Start importing Assets/Scenes/tileset_35.asset using Guid(b916dcb1fb823c54dacff949b5a84032) Importer(815301076,1909f56bfc062723c751e8b465ee728b)  -> (artifact id: 'dbb66878d3f9ebf46e1797a4eadeafae') in 0.010742 seconds 
========================================================================
Received Import Request.
  Time since last request: 0.000029 seconds.
  path: Assets/Scenes/tileset_36.asset
  artifactKey: Guid(4d8b5bc2e60466a4d960bf90fe596ffc) Importer(815301076,1909f56bfc062723c751e8b465ee728b)
Start importing Assets/Scenes/tileset_36.asset using Guid(4d8b5bc2e60466a4d960bf90fe596ffc) Importer(815301076,1909f56bfc062723c751e8b465ee728b)  -> (artifact id: '1d470d873cd8b96b9878ade676f0902b') in 0.017375 seconds 
========================================================================
Received Import Request.
  Time since last request: 0.233203 seconds.
  path: Assets/Scenes/tileset_48.asset
  artifactKey: Guid(6c830e57acc6dbd4d8438abf3b7500cc) Importer(815301076,1909f56bfc062723c751e8b465ee728b)
Start importing Assets/Scenes/tileset_48.asset using Guid(6c830e57acc6dbd4d8438abf3b7500cc) Importer(815301076,1909f56bfc062723c751e8b465ee728b)  -> (artifact id: '58e155751b5acdfbd2df98aa7a7db6cb') in 0.020735 seconds 
========================================================================
Received Import Request.
  Time since last request: 0.000062 seconds.
  path: Assets/Scenes/tileset_56.asset
  artifactKey: Guid(5010ef30a0e9db343ab10ddf49749fcb) Importer(815301076,1909f56bfc062723c751e8b465ee728b)
Start importing Assets/Scenes/tileset_56.asset using Guid(5010ef30a0e9db343ab10ddf49749fcb) Importer(815301076,1909f56bfc062723c751e8b465ee728b)  -> (artifact id: 'b12fab090c63f68cc9b0b00352a1ea68') in 0.020810 seconds 
========================================================================
Received Import Request.
  Time since last request: 0.000047 seconds.
  path: Assets/Scenes/tileset_55.asset
  artifactKey: Guid(9c877c3ce1101ee4dbb7519a321bf1ed) Importer(815301076,1909f56bfc062723c751e8b465ee728b)
Start importing Assets/Scenes/tileset_55.asset using Guid(9c877c3ce1101ee4dbb7519a321bf1ed) Importer(815301076,1909f56bfc062723c751e8b465ee728b)  -> (artifact id: 'ec3a54ea0bcae08c796f0619fe9d0edd') in 0.022455 seconds 
========================================================================
Received Import Request.
  Time since last request: 0.000051 seconds.
  path: Assets/Scenes/tileset_58.asset
  artifactKey: Guid(0522815e7e69d21438cee0fffbe0f69a) Importer(815301076,1909f56bfc062723c751e8b465ee728b)
Start importing Assets/Scenes/tileset_58.asset using Guid(0522815e7e69d21438cee0fffbe0f69a) Importer(815301076,1909f56bfc062723c751e8b465ee728b)  -> (artifact id: 'cca9654b9ec4bc80066578f958a49a17') in 0.008921 seconds 
========================================================================
Received Import Request.
  Time since last request: 0.253881 seconds.
  path: Assets/Scenes/tileset_64.asset
  artifactKey: Guid(237822b831953c247897b3ec5b4f0d4e) Importer(815301076,1909f56bfc062723c751e8b465ee728b)
Start importing Assets/Scenes/tileset_64.asset using Guid(237822b831953c247897b3ec5b4f0d4e) Importer(815301076,1909f56bfc062723c751e8b465ee728b)  -> (artifact id: '995437313f8d4e9af8e55d4617c70ea4') in 0.020311 seconds 
========================================================================
Received Import Request.
  Time since last request: 0.000027 seconds.
  path: Assets/Scenes/tileset_72.asset
  artifactKey: Guid(b126f273ffa4ffa4cabe82771071acbc) Importer(815301076,1909f56bfc062723c751e8b465ee728b)
Start importing Assets/Scenes/tileset_72.asset using Guid(b126f273ffa4ffa4cabe82771071acbc) Importer(815301076,1909f56bfc062723c751e8b465ee728b)  -> (artifact id: 'e5db19d85ad7d71b83402f8ac3374d9e') in 0.020555 seconds 
========================================================================
Received Import Request.
  Time since last request: 0.000024 seconds.
  path: Assets/Scenes/tileset_78.asset
  artifactKey: Guid(fa0716fd17b193145a4aab8a72e5e9d0) Importer(815301076,1909f56bfc062723c751e8b465ee728b)
Start importing Assets/Scenes/tileset_78.asset using Guid(fa0716fd17b193145a4aab8a72e5e9d0) Importer(815301076,1909f56bfc062723c751e8b465ee728b)  -> (artifact id: 'adf31ddc1a4fe25d89c33b18bdb2f6f1') in 0.018568 seconds 
========================================================================
Received Import Request.
  Time since last request: 0.000029 seconds.
  path: Assets/Scenes/tileset_84.asset
  artifactKey: Guid(fbc474e5cf9b5444aabc31e2e081d2e9) Importer(815301076,1909f56bfc062723c751e8b465ee728b)
Start importing Assets/Scenes/tileset_84.asset using Guid(fbc474e5cf9b5444aabc31e2e081d2e9) Importer(815301076,1909f56bfc062723c751e8b465ee728b)  -> (artifact id: 'ca4c6e95437c97204e219a2f55ac6d14') in 0.020332 seconds 
========================================================================
Received Import Request.
  Time since last request: 0.000031 seconds.
  path: Assets/Scenes/tileset_66.asset
  artifactKey: Guid(8c33ff1822d73e643aa49cc2400e8e3a) Importer(815301076,1909f56bfc062723c751e8b465ee728b)
Start importing Assets/Scenes/tileset_66.asset using Guid(8c33ff1822d73e643aa49cc2400e8e3a) Importer(815301076,1909f56bfc062723c751e8b465ee728b)  -> (artifact id: 'f708aa42295fc6cd6a60d2530aeb46cd') in 0.019676 seconds 
========================================================================
Received Import Request.
  Time since last request: 0.000029 seconds.
  path: Assets/Scenes/tileset_67.asset
  artifactKey: Guid(a0a11f9c04fb64544844948dcb97b667) Importer(815301076,1909f56bfc062723c751e8b465ee728b)
Start importing Assets/Scenes/tileset_67.asset using Guid(a0a11f9c04fb64544844948dcb97b667) Importer(815301076,1909f56bfc062723c751e8b465ee728b)  -> (artifact id: '1ff060d4cbddf7c68f9510e894cff328') in 0.021943 seconds 
========================================================================
Received Import Request.
  Time since last request: 0.000037 seconds.
  path: Assets/Scenes/tileset_90.asset
  artifactKey: Guid(bcd02998ad9ef654e9e4cd1d63934891) Importer(815301076,1909f56bfc062723c751e8b465ee728b)
Start importing Assets/Scenes/tileset_90.asset using Guid(bcd02998ad9ef654e9e4cd1d63934891) Importer(815301076,1909f56bfc062723c751e8b465ee728b)  -> (artifact id: '0f267980e5c5a8df9c0df2217ba3c28e') in 0.015876 seconds 
========================================================================
Received Import Request.
  Time since last request: 0.189336 seconds.
  path: Assets/Scenes/tileset_96.asset
  artifactKey: Guid(1b7cc0cd6c3e5284693a1b4086fe4fe3) Importer(815301076,1909f56bfc062723c751e8b465ee728b)
Start importing Assets/Scenes/tileset_96.asset using Guid(1b7cc0cd6c3e5284693a1b4086fe4fe3) Importer(815301076,1909f56bfc062723c751e8b465ee728b)  -> (artifact id: 'be40f037c9c3ac9872818a5048c55038') in 0.018596 seconds 
========================================================================
Received Import Request.
  Time since last request: 0.000029 seconds.
  path: Assets/Scenes/tileset_99.asset
  artifactKey: Guid(4dd158d0a7073694596ceb85d5fbced0) Importer(815301076,1909f56bfc062723c751e8b465ee728b)
Start importing Assets/Scenes/tileset_99.asset using Guid(4dd158d0a7073694596ceb85d5fbced0) Importer(815301076,1909f56bfc062723c751e8b465ee728b)  -> (artifact id: '426888ccb8397cee6bf8281c4f4bb698') in 0.016583 seconds 
========================================================================
Received Import Request.
  Time since last request: 0.001575 seconds.
  path: Assets/Scenes/tileset_104.asset
  artifactKey: Guid(2f48d06926f8e9e4da486d9e1642c89b) Importer(815301076,1909f56bfc062723c751e8b465ee728b)
Start importing Assets/Scenes/tileset_104.asset using Guid(2f48d06926f8e9e4da486d9e1642c89b) Importer(815301076,1909f56bfc062723c751e8b465ee728b)  -> (artifact id: '8642635987d375627067ec0ebbd61585') in 0.013237 seconds 
========================================================================
Received Import Request.
  Time since last request: 528.899494 seconds.
  path: Assets/Tiles/tileset_0.asset
  artifactKey: Guid(f64700fa51aba834bbce1753c00a2a5f) Importer(815301076,1909f56bfc062723c751e8b465ee728b)
Start importing Assets/Tiles/tileset_0.asset using Guid(f64700fa51aba834bbce1753c00a2a5f) Importer(815301076,1909f56bfc062723c751e8b465ee728b)  -> (artifact id: '55976242dca552ddeb81f73abff6068f') in 0.017602 seconds 
========================================================================
Received Import Request.
  Time since last request: 0.008961 seconds.
  path: Assets/Tiles/tileset_2.asset
  artifactKey: Guid(8915d360454cb924f987b19c0e9cf08e) Importer(815301076,1909f56bfc062723c751e8b465ee728b)
Start importing Assets/Tiles/tileset_2.asset using Guid(8915d360454cb924f987b19c0e9cf08e) Importer(815301076,1909f56bfc062723c751e8b465ee728b)  -> (artifact id: 'b02a0eac873ef9f083c23c9009b4f498') in 0.020060 seconds 
========================================================================
Received Import Request.
  Time since last request: 0.000039 seconds.
  path: Assets/Tiles/tileset_11.asset
  artifactKey: Guid(2952266e9ba3bf447926f460147470e9) Importer(815301076,1909f56bfc062723c751e8b465ee728b)
Start importing Assets/Tiles/tileset_11.asset using Guid(2952266e9ba3bf447926f460147470e9) Importer(815301076,1909f56bfc062723c751e8b465ee728b)  -> (artifact id: '60ede34ef53ab19d220ae0d15e552f97') in 0.020109 seconds 
========================================================================
Received Import Request.
  Time since last request: 0.000034 seconds.
  path: Assets/Tiles/tileset_13.asset
  artifactKey: Guid(47bc98aa5e198fe498e639afdf92e4a5) Importer(815301076,1909f56bfc062723c751e8b465ee728b)
Start importing Assets/Tiles/tileset_13.asset using Guid(47bc98aa5e198fe498e639afdf92e4a5) Importer(815301076,1909f56bfc062723c751e8b465ee728b)  -> (artifact id: '153a0edefff9c3b1a7593ba4001eab2e') in 0.010228 seconds 
========================================================================
Received Import Request.
  Time since last request: 0.000036 seconds.
  path: Assets/Tiles/tileset_3.asset
  artifactKey: Guid(53d1a621f3b2b6c40acf138fe9f6026c) Importer(815301076,1909f56bfc062723c751e8b465ee728b)
Start importing Assets/Tiles/tileset_3.asset using Guid(53d1a621f3b2b6c40acf138fe9f6026c) Importer(815301076,1909f56bfc062723c751e8b465ee728b)  -> (artifact id: '357637cb27612affa1c1af3a70ef95ad') in 0.009576 seconds 
========================================================================
Received Import Request.
  Time since last request: 0.000029 seconds.
  path: Assets/Tiles/tileset_4.asset
  artifactKey: Guid(84c74a432ab6c3b4b8dd1ef748b6b578) Importer(815301076,1909f56bfc062723c751e8b465ee728b)
Start importing Assets/Tiles/tileset_4.asset using Guid(84c74a432ab6c3b4b8dd1ef748b6b578) Importer(815301076,1909f56bfc062723c751e8b465ee728b)  -> (artifact id: '1285794482cd3e8ceb34550428759d0d') in 0.019347 seconds 
========================================================================
Received Import Request.
  Time since last request: 0.000040 seconds.
  path: Assets/Tiles/tileset_5.asset
  artifactKey: Guid(ad6f9036b978ae043abacf363f821a33) Importer(815301076,1909f56bfc062723c751e8b465ee728b)
Start importing Assets/Tiles/tileset_5.asset using Guid(ad6f9036b978ae043abacf363f821a33) Importer(815301076,1909f56bfc062723c751e8b465ee728b)  -> (artifact id: 'c31ad0a31fc528a846b8a90ffeacc2f9') in 0.008543 seconds 
========================================================================
Received Import Request.
  Time since last request: 0.000038 seconds.
  path: Assets/Tiles/tileset_15.asset
  artifactKey: Guid(0cd155775403dde4ab1e57db91162b86) Importer(815301076,1909f56bfc062723c751e8b465ee728b)
Start importing Assets/Tiles/tileset_15.asset using Guid(0cd155775403dde4ab1e57db91162b86) Importer(815301076,1909f56bfc062723c751e8b465ee728b)  -> (artifact id: 'd31271075760eea78409014969bde4eb') in 0.015828 seconds 
========================================================================
Received Import Request.
  Time since last request: 0.000037 seconds.
  path: Assets/Tiles/tileset_1.asset
  artifactKey: Guid(04c943c7396d86d4883e7fd9861e2f2d) Importer(815301076,1909f56bfc062723c751e8b465ee728b)
Start importing Assets/Tiles/tileset_1.asset using Guid(04c943c7396d86d4883e7fd9861e2f2d) Importer(815301076,1909f56bfc062723c751e8b465ee728b)  -> (artifact id: '8b758b18f3a81b451aed37fd6af50c33') in 0.015590 seconds 
========================================================================
Received Import Request.
  Time since last request: 0.000055 seconds.
  path: Assets/Tiles/tileset_19.asset
  artifactKey: Guid(1f83e2c5301b6dc448ffe8695f00469f) Importer(815301076,1909f56bfc062723c751e8b465ee728b)
Start importing Assets/Tiles/tileset_19.asset using Guid(1f83e2c5301b6dc448ffe8695f00469f) Importer(815301076,1909f56bfc062723c751e8b465ee728b)  -> (artifact id: '37403c39909261e336a5273632e80d9a') in 0.016835 seconds 
========================================================================
Received Import Request.
  Time since last request: 0.000041 seconds.
  path: Assets/Tiles/tileset_22.asset
  artifactKey: Guid(0168daabd1c1d954b9cb13b8d489e4dd) Importer(815301076,1909f56bfc062723c751e8b465ee728b)
Start importing Assets/Tiles/tileset_22.asset using Guid(0168daabd1c1d954b9cb13b8d489e4dd) Importer(815301076,1909f56bfc062723c751e8b465ee728b)  -> (artifact id: '7b4b010330ce5f61a009c8fee2c08ec4') in 0.017119 seconds 
========================================================================
Received Import Request.
  Time since last request: 0.000037 seconds.
  path: Assets/Tiles/tileset_8.asset
  artifactKey: Guid(6b762d15d6c4a8c4caa5810c99982213) Importer(815301076,1909f56bfc062723c751e8b465ee728b)
Start importing Assets/Tiles/tileset_8.asset using Guid(6b762d15d6c4a8c4caa5810c99982213) Importer(815301076,1909f56bfc062723c751e8b465ee728b)  -> (artifact id: '32d2202e1023e7b62c43c7c3386fa217') in 0.019627 seconds 
========================================================================
Received Import Request.
  Time since last request: 0.000039 seconds.
  path: Assets/Tiles/tileset_17.asset
  artifactKey: Guid(f8e76d32ff062c847b52187e4092abf1) Importer(815301076,1909f56bfc062723c751e8b465ee728b)
Start importing Assets/Tiles/tileset_17.asset using Guid(f8e76d32ff062c847b52187e4092abf1) Importer(815301076,1909f56bfc062723c751e8b465ee728b)  -> (artifact id: 'cd2d4abbb4208968def27199755a6ae3') in 0.009548 seconds 
========================================================================
Received Import Request.
  Time since last request: 0.000040 seconds.
  path: Assets/Tiles/tileset_14.asset
  artifactKey: Guid(3e730e2b57495eb4180e839803f62463) Importer(815301076,1909f56bfc062723c751e8b465ee728b)
Start importing Assets/Tiles/tileset_14.asset using Guid(3e730e2b57495eb4180e839803f62463) Importer(815301076,1909f56bfc062723c751e8b465ee728b)  -> (artifact id: '9cef0eb5418fb70d23785177bcc0c919') in 0.015016 seconds 
Editor requested this worker to shutdown with reason: Scaling down because of idle timeout
AssetImportWorker is now disconnected from the server
Process exiting
Exiting without the bug reporter. Application will terminate with return code 0