Using pre-set license
Built from '2021.3/staging' branch; Version is '2021.3.20f1 (577897200b8b) revision 5732503'; Using compiler version '192829333'; Build Type 'Release'
OS: 'Windows 10  (10.0.19045) 64bit Professional' Language: 'es' Physical Memory: 16332 MB
BatchMode: 1, IsHumanControllingUs: 0, StartBugReporterOnCrash: 0, Is64bit: 1, IsPro: 1

COMMAND LINE ARGUMENTS:
C:\Program Files\Unity\Hub\Editor\2021.3.20f1\Editor\Unity.exe
-adb2
-batchMode
-noUpm
-name
AssetImportWorker9
-projectPath
C:/Users/f.robledo/Desktop/SACRED-HITMAN/My project (1)
-logFile
Logs/AssetImportWorker9.log
-srvPort
49300
Successfully changed project path to: C:/Users/f.robledo/Desktop/SACRED-HITMAN/My project (1)
C:/Users/f.robledo/Desktop/SACRED-HITMAN/My project (1)
[UnityMemory] Configuration Parameters - Can be set up in boot.config
    "memorysetup-bucket-allocator-granularity=16"
    "memorysetup-bucket-allocator-bucket-count=8"
    "memorysetup-bucket-allocator-block-size=33554432"
    "memorysetup-bucket-allocator-block-count=8"
    "memorysetup-main-allocator-block-size=16777216"
    "memorysetup-thread-allocator-block-size=16777216"
    "memorysetup-gfx-main-allocator-block-size=16777216"
    "memorysetup-gfx-thread-allocator-block-size=16777216"
    "memorysetup-cache-allocator-block-size=4194304"
    "memorysetup-typetree-allocator-block-size=2097152"
    "memorysetup-profiler-bucket-allocator-granularity=16"
    "memorysetup-profiler-bucket-allocator-bucket-count=8"
    "memorysetup-profiler-bucket-allocator-block-size=33554432"
    "memorysetup-profiler-bucket-allocator-block-count=8"
    "memorysetup-profiler-allocator-block-size=16777216"
    "memorysetup-profiler-editor-allocator-block-size=1048576"
    "memorysetup-temp-allocator-size-main=16777216"
    "memorysetup-job-temp-allocator-block-size=2097152"
    "memorysetup-job-temp-allocator-block-size-background=1048576"
    "memorysetup-job-temp-allocator-reduction-small-platforms=262144"
    "memorysetup-temp-allocator-size-background-worker=32768"
    "memorysetup-temp-allocator-size-job-worker=262144"
    "memorysetup-temp-allocator-size-preload-manager=33554432"
    "memorysetup-temp-allocator-size-nav-mesh-worker=65536"
    "memorysetup-temp-allocator-size-audio-worker=65536"
    "memorysetup-temp-allocator-size-cloud-worker=32768"
    "memorysetup-temp-allocator-size-gi-baking-worker=262144"
    "memorysetup-temp-allocator-size-gfx=262144"
Player connection [10836] Host "[IP] 192.168.42.82 [Port] 0 [Flags] 2 [Guid] 513633229 [EditorId] 513633229 [Version] 1048832 [Id] WindowsEditor(7,LAB2I5PC3) [Debug] 1 [PackageName] WindowsEditor [ProjectName] Editor" joined multi-casting on [225.0.0.222:54997]...

Player connection [10836] Host "[IP] 192.168.42.82 [Port] 0 [Flags] 2 [Guid] 513633229 [EditorId] 513633229 [Version] 1048832 [Id] WindowsEditor(7,LAB2I5PC3) [Debug] 1 [PackageName] WindowsEditor [ProjectName] Editor" joined alternative multi-casting on [225.0.0.222:34997]...

Refreshing native plugins compatible for Editor in 133.51 ms, found 4 plugins.
Preloading 0 native plugins for Editor in 0.00 ms.
Initialize engine version: 2021.3.20f1 (577897200b8b)
[Subsystems] Discovering subsystems at path C:/Program Files/Unity/Hub/Editor/2021.3.20f1/Editor/Data/Resources/UnitySubsystems
[Subsystems] Discovering subsystems at path C:/Users/f.robledo/Desktop/SACRED-HITMAN/My project (1)/Assets
GfxDevice: creating device client; threaded=0; jobified=0
Direct3D:
    Version:  Direct3D 11.0 [level 11.1]
    Renderer: NVIDIA GeForce GTX 1650 SUPER (ID=0x2187)
    Vendor:   NVIDIA
    VRAM:     3955 MB
    Driver:   31.0.15.1694
Initialize mono
Mono path[0] = 'C:/Program Files/Unity/Hub/Editor/2021.3.20f1/Editor/Data/Managed'
Mono path[1] = 'C:/Program Files/Unity/Hub/Editor/2021.3.20f1/Editor/Data/MonoBleedingEdge/lib/mono/unityjit-win32'
Mono config path = 'C:/Program Files/Unity/Hub/Editor/2021.3.20f1/Editor/Data/MonoBleedingEdge/etc'
Using monoOptions --debugger-agent=transport=dt_socket,embedding=1,server=y,suspend=n,address=127.0.0.1:56496
Begin MonoManager ReloadAssembly
Registering precompiled unity dll's ...
Register platform support module: C:/Program Files/Unity/Hub/Editor/2021.3.20f1/Editor/Data/PlaybackEngines/WebGLSupport/UnityEditor.WebGL.Extensions.dll
Register platform support module: C:/Program Files/Unity/Hub/Editor/2021.3.20f1/Editor/Data/PlaybackEngines/AndroidPlayer/UnityEditor.Android.Extensions.dll
Register platform support module: C:/Program Files/Unity/Hub/Editor/2021.3.20f1/Editor/Data/PlaybackEngines/WindowsStandaloneSupport/UnityEditor.WindowsStandalone.Extensions.dll
Register platform support module: C:/Program Files/Unity/Hub/Editor/2021.3.20f1/Editor/Data/PlaybackEngines/MetroSupport/UnityEditor.UWP.Extensions.dll
Registered in 0.016184 seconds.
Native extension for UWP target not found
Native extension for WindowsStandalone target not found
Native extension for Android target not found
Android Extension - Scanning For ADB Devices 348 ms
Native extension for WebGL target not found
Refreshing native plugins compatible for Editor in 100.30 ms, found 4 plugins.
Preloading 0 native plugins for Editor in 0.00 ms.
Mono: successfully reloaded assembly
- Completed reload, in  1.226 seconds
Domain Reload Profiling:
	ReloadAssembly (1226ms)
		BeginReloadAssembly (154ms)
			ExecutionOrderSort (0ms)
			DisableScriptedObjects (0ms)
			BackupInstance (0ms)
			ReleaseScriptingObjects (0ms)
			CreateAndSetChildDomain (1ms)
		EndReloadAssembly (917ms)
			LoadAssemblies (151ms)
			RebuildTransferFunctionScriptingTraits (0ms)
			SetupTypeCache (133ms)
			ReleaseScriptCaches (0ms)
			RebuildScriptCaches (31ms)
			SetupLoadedEditorAssemblies (691ms)
				LogAssemblyErrors (0ms)
				InitializePlatformSupportModulesInManaged (426ms)
				SetLoadedEditorAssemblies (0ms)
				RefreshPlugins (100ms)
				BeforeProcessingInitializeOnLoad (1ms)
				ProcessInitializeOnLoadAttributes (107ms)
				ProcessInitializeOnLoadMethodAttributes (55ms)
				AfterProcessingInitializeOnLoad (0ms)
				EditorAssembliesLoaded (0ms)
			ExecutionOrderSort2 (0ms)
			AwakeInstancesAfterBackupRestoration (0ms)
Platform modules already initialized, skipping
Registering precompiled user dll's ...
Registered in 0.011603 seconds.
Begin MonoManager ReloadAssembly
Symbol file LoadedFromMemory doesn't match image C:\Users\f.robledo\Desktop\SACRED-HITMAN\My project (1)\Library\PackageCache\com.unity.visualscripting@1.8.0\Editor\VisualScripting.Core\Dependencies\YamlDotNet\Unity.VisualScripting.YamlDotNet.dll
Symbol file LoadedFromMemory doesn't match image C:\Users\f.robledo\Desktop\SACRED-HITMAN\My project (1)\Library\PackageCache\com.unity.visualscripting@1.8.0\Editor\VisualScripting.Core\Dependencies\DotNetZip\Unity.VisualScripting.IonicZip.dll
Native extension for UWP target not found
Native extension for WindowsStandalone target not found
Native extension for Android target not found
Native extension for WebGL target not found
Refreshing native plugins compatible for Editor in 108.44 ms, found 4 plugins.
Preloading 0 native plugins for Editor in 0.00 ms.
Mono: successfully reloaded assembly
- Completed reload, in  1.378 seconds
Domain Reload Profiling:
	ReloadAssembly (1379ms)
		BeginReloadAssembly (152ms)
			ExecutionOrderSort (0ms)
			DisableScriptedObjects (7ms)
			BackupInstance (0ms)
			ReleaseScriptingObjects (0ms)
			CreateAndSetChildDomain (24ms)
		EndReloadAssembly (1091ms)
			LoadAssemblies (130ms)
			RebuildTransferFunctionScriptingTraits (0ms)
			SetupTypeCache (283ms)
			ReleaseScriptCaches (1ms)
			RebuildScriptCaches (74ms)
			SetupLoadedEditorAssemblies (559ms)
				LogAssemblyErrors (0ms)
				InitializePlatformSupportModulesInManaged (28ms)
				SetLoadedEditorAssemblies (0ms)
				RefreshPlugins (109ms)
				BeforeProcessingInitializeOnLoad (113ms)
				ProcessInitializeOnLoadAttributes (254ms)
				ProcessInitializeOnLoadMethodAttributes (45ms)
				AfterProcessingInitializeOnLoad (11ms)
				EditorAssembliesLoaded (0ms)
			ExecutionOrderSort2 (0ms)
			AwakeInstancesAfterBackupRestoration (7ms)
Platform modules already initialized, skipping
========================================================================
Worker process is ready to serve import requests
Launched and connected shader compiler UnityShaderCompiler.exe after 0.06 seconds
Refreshing native plugins compatible for Editor in 0.99 ms, found 4 plugins.
Preloading 0 native plugins for Editor in 0.00 ms.
Unloading 3740 Unused Serialized files (Serialized files now loaded: 0)
Unloading 35 unused Assets / (56.4 KB). Loaded Objects now: 4202.
Memory consumption went from 143.0 MB to 143.0 MB.
Total: 4.170800 ms (FindLiveObjects: 0.393900 ms CreateObjectMapping: 0.108300 ms MarkObjects: 3.560400 ms  DeleteObjects: 0.106900 ms)

AssetImportParameters requested are different than current active one (requested -> active):
  custom:video-decoder-ogg-theora: a1e56fd34408186e4bbccfd4996cb3dc -> 
  custom:container-muxer-webm: aa71ff27fc2769a1b78a27578f13a17b -> 
  custom:container-demuxer-webm: 4f35f7cbe854078d1ac9338744f61a02 -> 
  custom:video-encoder-webm-vp8: eb34c28f22e8b96e1ab97ce403110664 -> 
  custom:audio-encoder-webm-vorbis: bf7c407c2cedff20999df2af8eb42d56 -> 
  custom:framework-win-MediaFoundation: 216162199b28c13a410421893ffa2e32 -> 
  custom:container-demuxer-ogg: 62fdf1f143b41e24485cea50d1cbac27 -> 
  custom:video-decoder-webm-vp8: 9c59270c3fd7afecdb556c50c9e8de78 -> 
  custom:audio-decoder-ogg-vorbis: bf7c407c2cedff20999df2af8eb42d56 -> 
========================================================================
Received Import Request.
  Time since last request: 13888.144856 seconds.
  path: Assets/GothicVania Church/Environment/New Palette.prefab
  artifactKey: Guid(f2030db1f8811044a9f4908ace265792) Importer(815301076,1909f56bfc062723c751e8b465ee728b)
Start importing Assets/GothicVania Church/Environment/New Palette.prefab using Guid(f2030db1f8811044a9f4908ace265792) Importer(815301076,1909f56bfc062723c751e8b465ee728b)  -> (artifact id: 'ef3276498c02bd34a2d43fe3b4de8a0b') in 0.207384 seconds 
========================================================================
Received Import Request.
  Time since last request: 0.000060 seconds.
  path: Assets/GothicVania Church/Environment/tileset_24.asset
  artifactKey: Guid(6941adc409e1ae144bf9f3ccf170e7db) Importer(815301076,1909f56bfc062723c751e8b465ee728b)
Start importing Assets/GothicVania Church/Environment/tileset_24.asset using Guid(6941adc409e1ae144bf9f3ccf170e7db) Importer(815301076,1909f56bfc062723c751e8b465ee728b)  -> (artifact id: '9148b7e44b7cbfdeb404381f895b8c9d') in 0.021608 seconds 
========================================================================
Received Import Request.
  Time since last request: 0.000048 seconds.
  path: Assets/GothicVania Church/Environment/tileset_7.asset
  artifactKey: Guid(b0aaca1635f915947b66b2ebc5a950eb) Importer(815301076,1909f56bfc062723c751e8b465ee728b)
Start importing Assets/GothicVania Church/Environment/tileset_7.asset using Guid(b0aaca1635f915947b66b2ebc5a950eb) Importer(815301076,1909f56bfc062723c751e8b465ee728b)  -> (artifact id: '98de84497e331abe241acf3224563688') in 0.012547 seconds 
========================================================================
Received Import Request.
  Time since last request: 0.000022 seconds.
  path: Assets/GothicVania Church/Environment/tileset_5.asset
  artifactKey: Guid(44b21976517f23a4aa81d49a38ef0fdc) Importer(815301076,1909f56bfc062723c751e8b465ee728b)
Start importing Assets/GothicVania Church/Environment/tileset_5.asset using Guid(44b21976517f23a4aa81d49a38ef0fdc) Importer(815301076,1909f56bfc062723c751e8b465ee728b)  -> (artifact id: 'be9747e4889f21e93f518f8cd17597ad') in 0.014428 seconds 
========================================================================
Received Import Request.
  Time since last request: 0.000028 seconds.
  path: Assets/GothicVania Church/Environment/tileset_13.asset
  artifactKey: Guid(f3338501262d7f7409cf95692e27df7b) Importer(815301076,1909f56bfc062723c751e8b465ee728b)
Start importing Assets/GothicVania Church/Environment/tileset_13.asset using Guid(f3338501262d7f7409cf95692e27df7b) Importer(815301076,1909f56bfc062723c751e8b465ee728b)  -> (artifact id: '1b431a3d2b8b417cc305f0349bf9ef4e') in 0.013528 seconds 
========================================================================
Received Import Request.
  Time since last request: 0.000032 seconds.
  path: Assets/GothicVania Church/Environment/tileset_2.asset
  artifactKey: Guid(df756f879174a4842a09da3e33ee9b24) Importer(815301076,1909f56bfc062723c751e8b465ee728b)
Start importing Assets/GothicVania Church/Environment/tileset_2.asset using Guid(df756f879174a4842a09da3e33ee9b24) Importer(815301076,1909f56bfc062723c751e8b465ee728b)  -> (artifact id: 'c119591453324aeb42bcafe83dcecd28') in 0.015404 seconds 
========================================================================
Received Import Request.
  Time since last request: 0.000034 seconds.
  path: Assets/GothicVania Church/Environment/tileset_16.asset
  artifactKey: Guid(d97a82da73b46bf44bd1460a925cce71) Importer(815301076,1909f56bfc062723c751e8b465ee728b)
Start importing Assets/GothicVania Church/Environment/tileset_16.asset using Guid(d97a82da73b46bf44bd1460a925cce71) Importer(815301076,1909f56bfc062723c751e8b465ee728b)  -> (artifact id: 'f4e1399d855d0785f975e79006351fd2') in 0.008096 seconds 
========================================================================
Received Import Request.
  Time since last request: 0.000030 seconds.
  path: Assets/GothicVania Church/Environment/tileset_0.asset
  artifactKey: Guid(cca1ea0aea88d784a821c496b53c5bbd) Importer(815301076,1909f56bfc062723c751e8b465ee728b)
Start importing Assets/GothicVania Church/Environment/tileset_0.asset using Guid(cca1ea0aea88d784a821c496b53c5bbd) Importer(815301076,1909f56bfc062723c751e8b465ee728b)  -> (artifact id: 'ae65739768544c79e3743b7f19b9458a') in 0.012505 seconds 
========================================================================
Received Import Request.
  Time since last request: 0.000058 seconds.
  path: Assets/GothicVania Church/Environment/tileset_21.asset
  artifactKey: Guid(8a23ce757408af5498d7f6ae3f5164df) Importer(815301076,1909f56bfc062723c751e8b465ee728b)
Start importing Assets/GothicVania Church/Environment/tileset_21.asset using Guid(8a23ce757408af5498d7f6ae3f5164df) Importer(815301076,1909f56bfc062723c751e8b465ee728b)  -> (artifact id: 'd46824b14b641dc30e50c48975051f36') in 0.015869 seconds 
========================================================================
Received Import Request.
  Time since last request: 0.000026 seconds.
  path: Assets/GothicVania Church/Environment/tileset_1.asset
  artifactKey: Guid(53c6aea327967fa418b188073ef4eeb8) Importer(815301076,1909f56bfc062723c751e8b465ee728b)
Start importing Assets/GothicVania Church/Environment/tileset_1.asset using Guid(53c6aea327967fa418b188073ef4eeb8) Importer(815301076,1909f56bfc062723c751e8b465ee728b)  -> (artifact id: '9c4b606a3eed478aa4cb311bc0fe5d6b') in 0.015301 seconds 
========================================================================
Received Import Request.
  Time since last request: 0.000028 seconds.
  path: Assets/GothicVania Church/Environment/tileset_14.asset
  artifactKey: Guid(b1acdeccc38f83648a568cc5498a2920) Importer(815301076,1909f56bfc062723c751e8b465ee728b)
Start importing Assets/GothicVania Church/Environment/tileset_14.asset using Guid(b1acdeccc38f83648a568cc5498a2920) Importer(815301076,1909f56bfc062723c751e8b465ee728b)  -> (artifact id: '2512daa9592e266f5db8f2b5a6233b41') in 0.009635 seconds 
========================================================================
Received Import Request.
  Time since last request: 0.000020 seconds.
  path: Assets/GothicVania Church/Environment/tileset_11.asset
  artifactKey: Guid(e607dcf09991fd5498a876a2bd7aae7b) Importer(815301076,1909f56bfc062723c751e8b465ee728b)
Start importing Assets/GothicVania Church/Environment/tileset_11.asset using Guid(e607dcf09991fd5498a876a2bd7aae7b) Importer(815301076,1909f56bfc062723c751e8b465ee728b)  -> (artifact id: 'f08d00a621d5638bf81715ef2b2192fb') in 0.015719 seconds 
========================================================================
Received Import Request.
  Time since last request: 0.000031 seconds.
  path: Assets/GothicVania Church/Environment/tileset_19.asset
  artifactKey: Guid(00c699502613a1a47b19b63389b818e3) Importer(815301076,1909f56bfc062723c751e8b465ee728b)
Start importing Assets/GothicVania Church/Environment/tileset_19.asset using Guid(00c699502613a1a47b19b63389b818e3) Importer(815301076,1909f56bfc062723c751e8b465ee728b)  -> (artifact id: '0b04f23c1d428f77a6a9c2646ff480f2') in 0.015908 seconds 
========================================================================
Received Import Request.
  Time since last request: 0.000033 seconds.
  path: Assets/GothicVania Church/Environment/tileset_6.asset
  artifactKey: Guid(e427f1ea9571638488911fcbb77b942b) Importer(815301076,1909f56bfc062723c751e8b465ee728b)
Start importing Assets/GothicVania Church/Environment/tileset_6.asset using Guid(e427f1ea9571638488911fcbb77b942b) Importer(815301076,1909f56bfc062723c751e8b465ee728b)  -> (artifact id: 'f0964f16a8010c8b68c123ee0371e829') in 0.007661 seconds 
========================================================================
Received Import Request.
  Time since last request: 0.000046 seconds.
  path: Assets/GothicVania Church/Environment/tileset_12.asset
  artifactKey: Guid(e1e1289563b31d34f819434de93023c6) Importer(815301076,1909f56bfc062723c751e8b465ee728b)
Start importing Assets/GothicVania Church/Environment/tileset_12.asset using Guid(e1e1289563b31d34f819434de93023c6) Importer(815301076,1909f56bfc062723c751e8b465ee728b)  -> (artifact id: '373b68fec4b0e1f797bcca3cd69bb2f3') in 0.017926 seconds 
========================================================================
Received Import Request.
  Time since last request: 0.000035 seconds.
  path: Assets/GothicVania Church/Environment/tileset_23.asset
  artifactKey: Guid(a0504d6a0d29f964584418211e1dde19) Importer(815301076,1909f56bfc062723c751e8b465ee728b)
Start importing Assets/GothicVania Church/Environment/tileset_23.asset using Guid(a0504d6a0d29f964584418211e1dde19) Importer(815301076,1909f56bfc062723c751e8b465ee728b)  -> (artifact id: '136ce682a9473d94df21f69a0beeab25') in 0.009682 seconds 
========================================================================
Received Import Request.
  Time since last request: 0.000030 seconds.
  path: Assets/GothicVania Church/Environment/tileset_8.asset
  artifactKey: Guid(b39d32e586a82fb4f806218a28294f3e) Importer(815301076,1909f56bfc062723c751e8b465ee728b)
Start importing Assets/GothicVania Church/Environment/tileset_8.asset using Guid(b39d32e586a82fb4f806218a28294f3e) Importer(815301076,1909f56bfc062723c751e8b465ee728b)  -> (artifact id: '2a3e63fe0fb753810b529c11def35b0f') in 0.019929 seconds 
Editor requested this worker to shutdown with reason: Scaling down because of idle timeout
AssetImportWorker is now disconnected from the server
Process exiting
Exiting without the bug reporter. Application will terminate with return code 0