Using pre-set license
Built from '2021.3/staging' branch; Version is '2021.3.20f1 (577897200b8b) revision 5732503'; Using compiler version '192829333'; Build Type 'Release'
OS: 'Windows 10  (10.0.19045) 64bit Professional' Language: 'es' Physical Memory: 16332 MB
BatchMode: 1, IsHumanControllingUs: 0, StartBugReporterOnCrash: 0, Is64bit: 1, IsPro: 1

COMMAND LINE ARGUMENTS:
C:\Program Files\Unity\Hub\Editor\2021.3.20f1\Editor\Unity.exe
-adb2
-batchMode
-noUpm
-name
AssetImportWorker5
-projectPath
C:/Users/la.fernandez/Desktop/SACRED-HITMAN/My project (1)
-logFile
Logs/AssetImportWorker5.log
-srvPort
57553
Successfully changed project path to: C:/Users/la.fernandez/Desktop/SACRED-HITMAN/My project (1)
C:/Users/la.fernandez/Desktop/SACRED-HITMAN/My project (1)
[UnityMemory] Configuration Parameters - Can be set up in boot.config
    "memorysetup-bucket-allocator-granularity=16"
    "memorysetup-bucket-allocator-bucket-count=8"
    "memorysetup-bucket-allocator-block-size=33554432"
    "memorysetup-bucket-allocator-block-count=8"
    "memorysetup-main-allocator-block-size=16777216"
    "memorysetup-thread-allocator-block-size=16777216"
    "memorysetup-gfx-main-allocator-block-size=16777216"
    "memorysetup-gfx-thread-allocator-block-size=16777216"
    "memorysetup-cache-allocator-block-size=4194304"
    "memorysetup-typetree-allocator-block-size=2097152"
    "memorysetup-profiler-bucket-allocator-granularity=16"
    "memorysetup-profiler-bucket-allocator-bucket-count=8"
    "memorysetup-profiler-bucket-allocator-block-size=33554432"
    "memorysetup-profiler-bucket-allocator-block-count=8"
    "memorysetup-profiler-allocator-block-size=16777216"
    "memorysetup-profiler-editor-allocator-block-size=1048576"
    "memorysetup-temp-allocator-size-main=16777216"
    "memorysetup-job-temp-allocator-block-size=2097152"
    "memorysetup-job-temp-allocator-block-size-background=1048576"
    "memorysetup-job-temp-allocator-reduction-small-platforms=262144"
    "memorysetup-temp-allocator-size-background-worker=32768"
    "memorysetup-temp-allocator-size-job-worker=262144"
    "memorysetup-temp-allocator-size-preload-manager=33554432"
    "memorysetup-temp-allocator-size-nav-mesh-worker=65536"
    "memorysetup-temp-allocator-size-audio-worker=65536"
    "memorysetup-temp-allocator-size-cloud-worker=32768"
    "memorysetup-temp-allocator-size-gi-baking-worker=262144"
    "memorysetup-temp-allocator-size-gfx=262144"
Player connection [18916] Host "[IP] 192.168.42.68 [Port] 0 [Flags] 2 [Guid] 1273229833 [EditorId] 1273229833 [Version] 1048832 [Id] WindowsEditor(7,LAB2I2PC3) [Debug] 1 [PackageName] WindowsEditor [ProjectName] Editor" joined multi-casting on [225.0.0.222:54997]...

Player connection [18916] Host "[IP] 192.168.42.68 [Port] 0 [Flags] 2 [Guid] 1273229833 [EditorId] 1273229833 [Version] 1048832 [Id] WindowsEditor(7,LAB2I2PC3) [Debug] 1 [PackageName] WindowsEditor [ProjectName] Editor" joined alternative multi-casting on [225.0.0.222:34997]...

Refreshing native plugins compatible for Editor in 141.69 ms, found 4 plugins.
Preloading 0 native plugins for Editor in 0.00 ms.
Initialize engine version: 2021.3.20f1 (577897200b8b)
[Subsystems] Discovering subsystems at path C:/Program Files/Unity/Hub/Editor/2021.3.20f1/Editor/Data/Resources/UnitySubsystems
[Subsystems] Discovering subsystems at path C:/Users/la.fernandez/Desktop/SACRED-HITMAN/My project (1)/Assets
GfxDevice: creating device client; threaded=0; jobified=0
Direct3D:
    Version:  Direct3D 11.0 [level 11.1]
    Renderer: NVIDIA GeForce GTX 1650 SUPER (ID=0x2187)
    Vendor:   NVIDIA
    VRAM:     3955 MB
    Driver:   31.0.15.1694
Initialize mono
Mono path[0] = 'C:/Program Files/Unity/Hub/Editor/2021.3.20f1/Editor/Data/Managed'
Mono path[1] = 'C:/Program Files/Unity/Hub/Editor/2021.3.20f1/Editor/Data/MonoBleedingEdge/lib/mono/unityjit-win32'
Mono config path = 'C:/Program Files/Unity/Hub/Editor/2021.3.20f1/Editor/Data/MonoBleedingEdge/etc'
Using monoOptions --debugger-agent=transport=dt_socket,embedding=1,server=y,suspend=n,address=127.0.0.1:56936
Begin MonoManager ReloadAssembly
Registering precompiled unity dll's ...
Register platform support module: C:/Program Files/Unity/Hub/Editor/2021.3.20f1/Editor/Data/PlaybackEngines/WebGLSupport/UnityEditor.WebGL.Extensions.dll
Register platform support module: C:/Program Files/Unity/Hub/Editor/2021.3.20f1/Editor/Data/PlaybackEngines/AndroidPlayer/UnityEditor.Android.Extensions.dll
Register platform support module: C:/Program Files/Unity/Hub/Editor/2021.3.20f1/Editor/Data/PlaybackEngines/WindowsStandaloneSupport/UnityEditor.WindowsStandalone.Extensions.dll
Register platform support module: C:/Program Files/Unity/Hub/Editor/2021.3.20f1/Editor/Data/PlaybackEngines/MetroSupport/UnityEditor.UWP.Extensions.dll
Registered in 0.021507 seconds.
Native extension for UWP target not found
Native extension for WindowsStandalone target not found
Native extension for Android target not found
Android Extension - Scanning For ADB Devices 492 ms
Native extension for WebGL target not found
Refreshing native plugins compatible for Editor in 118.91 ms, found 4 plugins.
Preloading 0 native plugins for Editor in 0.00 ms.
Mono: successfully reloaded assembly
- Completed reload, in  1.621 seconds
Domain Reload Profiling:
	ReloadAssembly (1622ms)
		BeginReloadAssembly (143ms)
			ExecutionOrderSort (0ms)
			DisableScriptedObjects (0ms)
			BackupInstance (0ms)
			ReleaseScriptingObjects (0ms)
			CreateAndSetChildDomain (1ms)
		EndReloadAssembly (1248ms)
			LoadAssemblies (141ms)
			RebuildTransferFunctionScriptingTraits (0ms)
			SetupTypeCache (202ms)
			ReleaseScriptCaches (0ms)
			RebuildScriptCaches (41ms)
			SetupLoadedEditorAssemblies (919ms)
				LogAssemblyErrors (0ms)
				InitializePlatformSupportModulesInManaged (599ms)
				SetLoadedEditorAssemblies (0ms)
				RefreshPlugins (119ms)
				BeforeProcessingInitializeOnLoad (2ms)
				ProcessInitializeOnLoadAttributes (130ms)
				ProcessInitializeOnLoadMethodAttributes (69ms)
				AfterProcessingInitializeOnLoad (0ms)
				EditorAssembliesLoaded (0ms)
			ExecutionOrderSort2 (0ms)
			AwakeInstancesAfterBackupRestoration (0ms)
Platform modules already initialized, skipping
Registering precompiled user dll's ...
Registered in 0.009769 seconds.
Begin MonoManager ReloadAssembly
Symbol file LoadedFromMemory doesn't match image C:\Users\la.fernandez\Desktop\SACRED-HITMAN\My project (1)\Library\PackageCache\com.unity.visualscripting@1.8.0\Editor\VisualScripting.Core\Dependencies\YamlDotNet\Unity.VisualScripting.YamlDotNet.dll
Symbol file LoadedFromMemory doesn't match image C:\Users\la.fernandez\Desktop\SACRED-HITMAN\My project (1)\Library\PackageCache\com.unity.visualscripting@1.8.0\Editor\VisualScripting.Core\Dependencies\DotNetZip\Unity.VisualScripting.IonicZip.dll
Native extension for UWP target not found
Native extension for WindowsStandalone target not found
Native extension for Android target not found
Native extension for WebGL target not found
Refreshing native plugins compatible for Editor in 96.55 ms, found 4 plugins.
Preloading 0 native plugins for Editor in 0.00 ms.
Mono: successfully reloaded assembly
- Completed reload, in  1.298 seconds
Domain Reload Profiling:
	ReloadAssembly (1299ms)
		BeginReloadAssembly (138ms)
			ExecutionOrderSort (0ms)
			DisableScriptedObjects (7ms)
			BackupInstance (0ms)
			ReleaseScriptingObjects (0ms)
			CreateAndSetChildDomain (21ms)
		EndReloadAssembly (1028ms)
			LoadAssemblies (110ms)
			RebuildTransferFunctionScriptingTraits (0ms)
			SetupTypeCache (273ms)
			ReleaseScriptCaches (1ms)
			RebuildScriptCaches (70ms)
			SetupLoadedEditorAssemblies (528ms)
				LogAssemblyErrors (0ms)
				InitializePlatformSupportModulesInManaged (22ms)
				SetLoadedEditorAssemblies (0ms)
				RefreshPlugins (97ms)
				BeforeProcessingInitializeOnLoad (105ms)
				ProcessInitializeOnLoadAttributes (248ms)
				ProcessInitializeOnLoadMethodAttributes (45ms)
				AfterProcessingInitializeOnLoad (10ms)
				EditorAssembliesLoaded (0ms)
			ExecutionOrderSort2 (0ms)
			AwakeInstancesAfterBackupRestoration (6ms)
Platform modules already initialized, skipping
========================================================================
Worker process is ready to serve import requests
Launched and connected shader compiler UnityShaderCompiler.exe after 0.05 seconds
Refreshing native plugins compatible for Editor in 0.73 ms, found 4 plugins.
Preloading 0 native plugins for Editor in 0.00 ms.
Unloading 3740 Unused Serialized files (Serialized files now loaded: 0)
Unloading 35 unused Assets / (56.4 KB). Loaded Objects now: 4202.
Memory consumption went from 143.0 MB to 142.9 MB.
Total: 4.176100 ms (FindLiveObjects: 0.405000 ms CreateObjectMapping: 0.118900 ms MarkObjects: 3.551900 ms  DeleteObjects: 0.099000 ms)

AssetImportParameters requested are different than current active one (requested -> active):
  custom:video-decoder-ogg-theora: a1e56fd34408186e4bbccfd4996cb3dc -> 
  custom:container-muxer-webm: aa71ff27fc2769a1b78a27578f13a17b -> 
  custom:container-demuxer-webm: 4f35f7cbe854078d1ac9338744f61a02 -> 
  custom:video-encoder-webm-vp8: eb34c28f22e8b96e1ab97ce403110664 -> 
  custom:audio-encoder-webm-vorbis: bf7c407c2cedff20999df2af8eb42d56 -> 
  custom:framework-win-MediaFoundation: 216162199b28c13a410421893ffa2e32 -> 
  custom:container-demuxer-ogg: 62fdf1f143b41e24485cea50d1cbac27 -> 
  custom:video-decoder-webm-vp8: 9c59270c3fd7afecdb556c50c9e8de78 -> 
  custom:audio-decoder-ogg-vorbis: bf7c407c2cedff20999df2af8eb42d56 -> 
========================================================================
Received Import Request.
  Time since last request: 13649.907134 seconds.
  path: Packages/com.unity.collab-proxy/Editor/PlasticSCM/Assets/Images/iconclosebutton.png
  artifactKey: Guid(13527793884104b46b7446fd7464c3ed) Importer(815301076,1909f56bfc062723c751e8b465ee728b)
Start importing Packages/com.unity.collab-proxy/Editor/PlasticSCM/Assets/Images/iconclosebutton.png using Guid(13527793884104b46b7446fd7464c3ed) Importer(815301076,1909f56bfc062723c751e8b465ee728b)  -> (artifact id: '23957d94086eb0a91cc7e98b578ed355') in 0.116701 seconds 
========================================================================
Received Import Request.
  Time since last request: 4.712791 seconds.
  path: Assets/StoneUI/Buttons_512x512/Rock_white/button_white33.png
  artifactKey: Guid(4930a2f1773ee8a4e81da5598f50c964) Importer(815301076,1909f56bfc062723c751e8b465ee728b)
Start importing Assets/StoneUI/Buttons_512x512/Rock_white/button_white33.png using Guid(4930a2f1773ee8a4e81da5598f50c964) Importer(815301076,1909f56bfc062723c751e8b465ee728b)  -> (artifact id: 'ec3cb887e8e25e8cef81d5b664cffc4c') in 0.063554 seconds 
========================================================================
Received Import Request.
  Time since last request: 0.000049 seconds.
  path: Assets/StoneUI/Buttons_512x512/Rock_white/button_white17.png
  artifactKey: Guid(241265438420d0043b232a56fde1370c) Importer(815301076,1909f56bfc062723c751e8b465ee728b)
Start importing Assets/StoneUI/Buttons_512x512/Rock_white/button_white17.png using Guid(241265438420d0043b232a56fde1370c) Importer(815301076,1909f56bfc062723c751e8b465ee728b)  -> (artifact id: '020c2b068188cea53b4d274ab6b4d5b2') in 0.042715 seconds 
========================================================================
Received Import Request.
  Time since last request: 0.000037 seconds.
  path: Assets/StoneUI/Buttons_512x512/Rock_Yellow/button_rock_yellow37.png
  artifactKey: Guid(6f02683efa272d940bab9f6a2018522a) Importer(815301076,1909f56bfc062723c751e8b465ee728b)
Start importing Assets/StoneUI/Buttons_512x512/Rock_Yellow/button_rock_yellow37.png using Guid(6f02683efa272d940bab9f6a2018522a) Importer(815301076,1909f56bfc062723c751e8b465ee728b)  -> (artifact id: '0871cc6fae449aca3166c030f4f26d9c') in 0.054338 seconds 
========================================================================
Received Import Request.
  Time since last request: 0.000058 seconds.
  path: Assets/StoneUI/Buttons_512x512/Rock_white/button_white29.png
  artifactKey: Guid(ef926f2ac3fc4c249a0dbfe059209841) Importer(815301076,1909f56bfc062723c751e8b465ee728b)
Start importing Assets/StoneUI/Buttons_512x512/Rock_white/button_white29.png using Guid(ef926f2ac3fc4c249a0dbfe059209841) Importer(815301076,1909f56bfc062723c751e8b465ee728b)  -> (artifact id: 'bd4bb74a03065d23eefc945c6e60a825') in 0.044352 seconds 
========================================================================
Received Import Request.
  Time since last request: 0.000040 seconds.
  path: Assets/StoneUI/Buttons_512x512/Rock_white/button_white27.png
  artifactKey: Guid(d9873f14a7919cd479f9a5496c0265cc) Importer(815301076,1909f56bfc062723c751e8b465ee728b)
Start importing Assets/StoneUI/Buttons_512x512/Rock_white/button_white27.png using Guid(d9873f14a7919cd479f9a5496c0265cc) Importer(815301076,1909f56bfc062723c751e8b465ee728b)  -> (artifact id: 'fceb8afdf1708f273e873cd73ae6a4da') in 0.042926 seconds 
========================================================================
Received Import Request.
  Time since last request: 0.000031 seconds.
  path: Assets/StoneUI/Buttons_512x512/Rock_white/button_white14.png
  artifactKey: Guid(b67d4ebd5d849d9458252166ea734d0c) Importer(815301076,1909f56bfc062723c751e8b465ee728b)
Start importing Assets/StoneUI/Buttons_512x512/Rock_white/button_white14.png using Guid(b67d4ebd5d849d9458252166ea734d0c) Importer(815301076,1909f56bfc062723c751e8b465ee728b)  -> (artifact id: '1deb4bdc41159fae6951f48fb3f5386e') in 0.049101 seconds 
========================================================================
Received Import Request.
  Time since last request: 0.000041 seconds.
  path: Assets/StoneUI/Buttons_512x512/Rock_white/button_white21.png
  artifactKey: Guid(b872fda6cc292934284590ec33a17191) Importer(815301076,1909f56bfc062723c751e8b465ee728b)
Start importing Assets/StoneUI/Buttons_512x512/Rock_white/button_white21.png using Guid(b872fda6cc292934284590ec33a17191) Importer(815301076,1909f56bfc062723c751e8b465ee728b)  -> (artifact id: 'fe0bb4b12f51f586a753f92095f06aed') in 0.041733 seconds 
========================================================================
Received Import Request.
  Time since last request: 0.000058 seconds.
  path: Assets/StoneUI/Buttons_512x512/Rock_white/button_white10.png
  artifactKey: Guid(dda538b21ae296a45a9871f752e5203f) Importer(815301076,1909f56bfc062723c751e8b465ee728b)
Start importing Assets/StoneUI/Buttons_512x512/Rock_white/button_white10.png using Guid(dda538b21ae296a45a9871f752e5203f) Importer(815301076,1909f56bfc062723c751e8b465ee728b)  -> (artifact id: '3d1fd731ca0227da2822492cae385d88') in 0.048571 seconds 
========================================================================
Received Import Request.
  Time since last request: 0.000037 seconds.
  path: Assets/StoneUI/Buttons_512x512/Rock_white/button_white11.png
  artifactKey: Guid(0e022dd8005959a41beec722b0360815) Importer(815301076,1909f56bfc062723c751e8b465ee728b)
Start importing Assets/StoneUI/Buttons_512x512/Rock_white/button_white11.png using Guid(0e022dd8005959a41beec722b0360815) Importer(815301076,1909f56bfc062723c751e8b465ee728b)  -> (artifact id: '25db0f6d70a18f2440771d3884553178') in 0.039095 seconds 
========================================================================
Received Import Request.
  Time since last request: 0.000056 seconds.
  path: Assets/StoneUI/Buttons_512x512/Rock_white/button_white26.png
  artifactKey: Guid(c88efd9829acd684ab4c5af00febcb72) Importer(815301076,1909f56bfc062723c751e8b465ee728b)
Start importing Assets/StoneUI/Buttons_512x512/Rock_white/button_white26.png using Guid(c88efd9829acd684ab4c5af00febcb72) Importer(815301076,1909f56bfc062723c751e8b465ee728b)  -> (artifact id: '85d2b0b77f3e455418bd7edb33743fa2') in 0.037293 seconds 
========================================================================
Received Import Request.
  Time since last request: 0.000027 seconds.
  path: Assets/StoneUI/Buttons_512x512/Rock_white/button_white31.png
  artifactKey: Guid(2cd539767e7076341a6f14ca4de33446) Importer(815301076,1909f56bfc062723c751e8b465ee728b)
Start importing Assets/StoneUI/Buttons_512x512/Rock_white/button_white31.png using Guid(2cd539767e7076341a6f14ca4de33446) Importer(815301076,1909f56bfc062723c751e8b465ee728b)  -> (artifact id: '0fe70024290b8432e9a0d6d9e964de9b') in 0.043870 seconds 
========================================================================
Received Import Request.
  Time since last request: 0.000028 seconds.
  path: Assets/StoneUI/Buttons_512x512/Rock_Yellow/button_rock_yellow16.png
  artifactKey: Guid(88cb0f9ce8ce2914a844a7f660cfcb70) Importer(815301076,1909f56bfc062723c751e8b465ee728b)
Start importing Assets/StoneUI/Buttons_512x512/Rock_Yellow/button_rock_yellow16.png using Guid(88cb0f9ce8ce2914a844a7f660cfcb70) Importer(815301076,1909f56bfc062723c751e8b465ee728b)  -> (artifact id: 'c6e0de76012de5486d22345f5a6aea6b') in 0.047617 seconds 
========================================================================
Received Import Request.
  Time since last request: 0.000030 seconds.
  path: Assets/StoneUI/Buttons_512x512/Rock_white/button_white35.png
  artifactKey: Guid(a012dd7f6b5d9f141975d8a6753429e5) Importer(815301076,1909f56bfc062723c751e8b465ee728b)
Start importing Assets/StoneUI/Buttons_512x512/Rock_white/button_white35.png using Guid(a012dd7f6b5d9f141975d8a6753429e5) Importer(815301076,1909f56bfc062723c751e8b465ee728b)  -> (artifact id: '3ddd5f868edcb54719b2c1ee2bf809f6') in 0.038424 seconds 
========================================================================
Received Import Request.
  Time since last request: 0.000043 seconds.
  path: Assets/StoneUI/Buttons_512x512/Rock_Yellow/button_rock_yellow36.png
  artifactKey: Guid(fcea55572cc27404db9665849ca29a7c) Importer(815301076,1909f56bfc062723c751e8b465ee728b)
Start importing Assets/StoneUI/Buttons_512x512/Rock_Yellow/button_rock_yellow36.png using Guid(fcea55572cc27404db9665849ca29a7c) Importer(815301076,1909f56bfc062723c751e8b465ee728b)  -> (artifact id: '4a2855c81835ffc398ffdd76ba93e246') in 0.041610 seconds 
========================================================================
Received Import Request.
  Time since last request: 341.757028 seconds.
  path: Assets/StoneUI/Buttons_512x512/Rock_Yellow/button_rock_yellow50.png
  artifactKey: Guid(e4950ecd39e829f45aa57c255c1e6bb7) Importer(815301076,1909f56bfc062723c751e8b465ee728b)
Start importing Assets/StoneUI/Buttons_512x512/Rock_Yellow/button_rock_yellow50.png using Guid(e4950ecd39e829f45aa57c255c1e6bb7) Importer(815301076,1909f56bfc062723c751e8b465ee728b)  -> (artifact id: '0aa289bd17011d22ee8aab38243e7f53') in 0.042648 seconds 
========================================================================
Received Import Request.
  Time since last request: 0.000044 seconds.
  path: Assets/StoneUI/Buttons_512x512/Rock_Yellow/button_rock_yellow39.png
  artifactKey: Guid(ea25c5ee5c5dd3244963746666aaf2fd) Importer(815301076,1909f56bfc062723c751e8b465ee728b)
Start importing Assets/StoneUI/Buttons_512x512/Rock_Yellow/button_rock_yellow39.png using Guid(ea25c5ee5c5dd3244963746666aaf2fd) Importer(815301076,1909f56bfc062723c751e8b465ee728b)  -> (artifact id: 'b51bd892a47cf19d0c0b41fbbd69176f') in 0.054009 seconds 
========================================================================
Received Import Request.
  Time since last request: 0.000050 seconds.
  path: Assets/StoneUI/Buttons_512x512/Rock_Yellow/button_rock_yellow41.png
  artifactKey: Guid(c60693fabc4a5254e8264cf7798a42a4) Importer(815301076,1909f56bfc062723c751e8b465ee728b)
Start importing Assets/StoneUI/Buttons_512x512/Rock_Yellow/button_rock_yellow41.png using Guid(c60693fabc4a5254e8264cf7798a42a4) Importer(815301076,1909f56bfc062723c751e8b465ee728b)  -> (artifact id: '2933090f4ce97b9feaa70ee3dc44a358') in 0.049476 seconds 
========================================================================
Received Import Request.
  Time since last request: 0.000030 seconds.
  path: Assets/StoneUI/Buttons_512x512/Rock_Yellow/button_rock_yellow43.png
  artifactKey: Guid(6c27b52f05d7f8849bca21dd61f33676) Importer(815301076,1909f56bfc062723c751e8b465ee728b)
Start importing Assets/StoneUI/Buttons_512x512/Rock_Yellow/button_rock_yellow43.png using Guid(6c27b52f05d7f8849bca21dd61f33676) Importer(815301076,1909f56bfc062723c751e8b465ee728b)  -> (artifact id: 'b6b0a4a5f477ae58fbf33fb50148cb73') in 0.049238 seconds 
========================================================================
Received Import Request.
  Time since last request: 0.000028 seconds.
  path: Assets/StoneUI/Buttons_512x512/Rock_Yellow/button_rock_yellow40.png
  artifactKey: Guid(f9884ce668b06e74aabd06b2fc05f9fd) Importer(815301076,1909f56bfc062723c751e8b465ee728b)
Start importing Assets/StoneUI/Buttons_512x512/Rock_Yellow/button_rock_yellow40.png using Guid(f9884ce668b06e74aabd06b2fc05f9fd) Importer(815301076,1909f56bfc062723c751e8b465ee728b)  -> (artifact id: '1ab1663c904b7e2fc9327a32582cb873') in 0.040393 seconds 
========================================================================
Received Import Request.
  Time since last request: 0.000046 seconds.
  path: Assets/StoneUI/Buttons_512x512/Rock_Yellow/button_rock_yellow44.png
  artifactKey: Guid(f60350310c904ce478a6d3c062b7266b) Importer(815301076,1909f56bfc062723c751e8b465ee728b)
Start importing Assets/StoneUI/Buttons_512x512/Rock_Yellow/button_rock_yellow44.png using Guid(f60350310c904ce478a6d3c062b7266b) Importer(815301076,1909f56bfc062723c751e8b465ee728b)  -> (artifact id: '02bab1bbc08feca714d4473c41b782db') in 0.043839 seconds 
Editor requested this worker to shutdown with reason: Scaling down because of idle timeout
AssetImportWorker is now disconnected from the server
Process exiting
Exiting without the bug reporter. Application will terminate with return code 0