Using pre-set license
Built from '2021.3/staging' branch; Version is '2021.3.20f1 (577897200b8b) revision 5732503'; Using compiler version '192829333'; Build Type 'Release'
OS: 'Windows 10  (10.0.19045) 64bit Professional' Language: 'es' Physical Memory: 16332 MB
BatchMode: 1, IsHumanControllingUs: 0, StartBugReporterOnCrash: 0, Is64bit: 1, IsPro: 1

COMMAND LINE ARGUMENTS:
C:\Program Files\Unity\Hub\Editor\2021.3.20f1\Editor\Unity.exe
-adb2
-batchMode
-noUpm
-name
AssetImportWorker6
-projectPath
C:/Users/f.robledo/Desktop/SACRED-HITMAN/My project (1)
-logFile
Logs/AssetImportWorker6.log
-srvPort
49300
Successfully changed project path to: C:/Users/f.robledo/Desktop/SACRED-HITMAN/My project (1)
C:/Users/f.robledo/Desktop/SACRED-HITMAN/My project (1)
[UnityMemory] Configuration Parameters - Can be set up in boot.config
    "memorysetup-bucket-allocator-granularity=16"
    "memorysetup-bucket-allocator-bucket-count=8"
    "memorysetup-bucket-allocator-block-size=33554432"
    "memorysetup-bucket-allocator-block-count=8"
    "memorysetup-main-allocator-block-size=16777216"
    "memorysetup-thread-allocator-block-size=16777216"
    "memorysetup-gfx-main-allocator-block-size=16777216"
    "memorysetup-gfx-thread-allocator-block-size=16777216"
    "memorysetup-cache-allocator-block-size=4194304"
    "memorysetup-typetree-allocator-block-size=2097152"
    "memorysetup-profiler-bucket-allocator-granularity=16"
    "memorysetup-profiler-bucket-allocator-bucket-count=8"
    "memorysetup-profiler-bucket-allocator-block-size=33554432"
    "memorysetup-profiler-bucket-allocator-block-count=8"
    "memorysetup-profiler-allocator-block-size=16777216"
    "memorysetup-profiler-editor-allocator-block-size=1048576"
    "memorysetup-temp-allocator-size-main=16777216"
    "memorysetup-job-temp-allocator-block-size=2097152"
    "memorysetup-job-temp-allocator-block-size-background=1048576"
    "memorysetup-job-temp-allocator-reduction-small-platforms=262144"
    "memorysetup-temp-allocator-size-background-worker=32768"
    "memorysetup-temp-allocator-size-job-worker=262144"
    "memorysetup-temp-allocator-size-preload-manager=33554432"
    "memorysetup-temp-allocator-size-nav-mesh-worker=65536"
    "memorysetup-temp-allocator-size-audio-worker=65536"
    "memorysetup-temp-allocator-size-cloud-worker=32768"
    "memorysetup-temp-allocator-size-gi-baking-worker=262144"
    "memorysetup-temp-allocator-size-gfx=262144"
Player connection [11252] Host "[IP] 192.168.42.82 [Port] 0 [Flags] 2 [Guid] 3877135660 [EditorId] 3877135660 [Version] 1048832 [Id] WindowsEditor(7,LAB2I5PC3) [Debug] 1 [PackageName] WindowsEditor [ProjectName] Editor" joined multi-casting on [225.0.0.222:54997]...

Player connection [11252] Host "[IP] 192.168.42.82 [Port] 0 [Flags] 2 [Guid] 3877135660 [EditorId] 3877135660 [Version] 1048832 [Id] WindowsEditor(7,LAB2I5PC3) [Debug] 1 [PackageName] WindowsEditor [ProjectName] Editor" joined alternative multi-casting on [225.0.0.222:34997]...

Refreshing native plugins compatible for Editor in 146.21 ms, found 4 plugins.
Preloading 0 native plugins for Editor in 0.00 ms.
Initialize engine version: 2021.3.20f1 (577897200b8b)
[Subsystems] Discovering subsystems at path C:/Program Files/Unity/Hub/Editor/2021.3.20f1/Editor/Data/Resources/UnitySubsystems
[Subsystems] Discovering subsystems at path C:/Users/f.robledo/Desktop/SACRED-HITMAN/My project (1)/Assets
GfxDevice: creating device client; threaded=0; jobified=0
Direct3D:
    Version:  Direct3D 11.0 [level 11.1]
    Renderer: NVIDIA GeForce GTX 1650 SUPER (ID=0x2187)
    Vendor:   NVIDIA
    VRAM:     3955 MB
    Driver:   31.0.15.1694
Initialize mono
Mono path[0] = 'C:/Program Files/Unity/Hub/Editor/2021.3.20f1/Editor/Data/Managed'
Mono path[1] = 'C:/Program Files/Unity/Hub/Editor/2021.3.20f1/Editor/Data/MonoBleedingEdge/lib/mono/unityjit-win32'
Mono config path = 'C:/Program Files/Unity/Hub/Editor/2021.3.20f1/Editor/Data/MonoBleedingEdge/etc'
Using monoOptions --debugger-agent=transport=dt_socket,embedding=1,server=y,suspend=n,address=127.0.0.1:56644
Begin MonoManager ReloadAssembly
Registering precompiled unity dll's ...
Register platform support module: C:/Program Files/Unity/Hub/Editor/2021.3.20f1/Editor/Data/PlaybackEngines/WebGLSupport/UnityEditor.WebGL.Extensions.dll
Register platform support module: C:/Program Files/Unity/Hub/Editor/2021.3.20f1/Editor/Data/PlaybackEngines/AndroidPlayer/UnityEditor.Android.Extensions.dll
Register platform support module: C:/Program Files/Unity/Hub/Editor/2021.3.20f1/Editor/Data/PlaybackEngines/WindowsStandaloneSupport/UnityEditor.WindowsStandalone.Extensions.dll
Register platform support module: C:/Program Files/Unity/Hub/Editor/2021.3.20f1/Editor/Data/PlaybackEngines/MetroSupport/UnityEditor.UWP.Extensions.dll
Registered in 0.015403 seconds.
Native extension for UWP target not found
Native extension for WindowsStandalone target not found
Native extension for Android target not found
Android Extension - Scanning For ADB Devices 417 ms
Native extension for WebGL target not found
Refreshing native plugins compatible for Editor in 107.14 ms, found 4 plugins.
Preloading 0 native plugins for Editor in 0.00 ms.
Mono: successfully reloaded assembly
- Completed reload, in  1.279 seconds
Domain Reload Profiling:
	ReloadAssembly (1279ms)
		BeginReloadAssembly (117ms)
			ExecutionOrderSort (0ms)
			DisableScriptedObjects (0ms)
			BackupInstance (0ms)
			ReleaseScriptingObjects (0ms)
			CreateAndSetChildDomain (1ms)
		EndReloadAssembly (1024ms)
			LoadAssemblies (115ms)
			RebuildTransferFunctionScriptingTraits (0ms)
			SetupTypeCache (139ms)
			ReleaseScriptCaches (0ms)
			RebuildScriptCaches (39ms)
			SetupLoadedEditorAssemblies (778ms)
				LogAssemblyErrors (0ms)
				InitializePlatformSupportModulesInManaged (502ms)
				SetLoadedEditorAssemblies (0ms)
				RefreshPlugins (107ms)
				BeforeProcessingInitializeOnLoad (1ms)
				ProcessInitializeOnLoadAttributes (114ms)
				ProcessInitializeOnLoadMethodAttributes (53ms)
				AfterProcessingInitializeOnLoad (0ms)
				EditorAssembliesLoaded (0ms)
			ExecutionOrderSort2 (0ms)
			AwakeInstancesAfterBackupRestoration (0ms)
Platform modules already initialized, skipping
Registering precompiled user dll's ...
Registered in 0.011175 seconds.
Begin MonoManager ReloadAssembly
Symbol file LoadedFromMemory doesn't match image C:\Users\f.robledo\Desktop\SACRED-HITMAN\My project (1)\Library\PackageCache\com.unity.visualscripting@1.8.0\Editor\VisualScripting.Core\Dependencies\YamlDotNet\Unity.VisualScripting.YamlDotNet.dll
Symbol file LoadedFromMemory doesn't match image C:\Users\f.robledo\Desktop\SACRED-HITMAN\My project (1)\Library\PackageCache\com.unity.visualscripting@1.8.0\Editor\VisualScripting.Core\Dependencies\DotNetZip\Unity.VisualScripting.IonicZip.dll
Native extension for UWP target not found
Native extension for WindowsStandalone target not found
Native extension for Android target not found
Native extension for WebGL target not found
Refreshing native plugins compatible for Editor in 96.99 ms, found 4 plugins.
Preloading 0 native plugins for Editor in 0.00 ms.
Mono: successfully reloaded assembly
- Completed reload, in  1.674 seconds
Domain Reload Profiling:
	ReloadAssembly (1675ms)
		BeginReloadAssembly (165ms)
			ExecutionOrderSort (0ms)
			DisableScriptedObjects (8ms)
			BackupInstance (0ms)
			ReleaseScriptingObjects (0ms)
			CreateAndSetChildDomain (24ms)
		EndReloadAssembly (1369ms)
			LoadAssemblies (129ms)
			RebuildTransferFunctionScriptingTraits (0ms)
			SetupTypeCache (502ms)
			ReleaseScriptCaches (1ms)
			RebuildScriptCaches (65ms)
			SetupLoadedEditorAssemblies (631ms)
				LogAssemblyErrors (0ms)
				InitializePlatformSupportModulesInManaged (24ms)
				SetLoadedEditorAssemblies (0ms)
				RefreshPlugins (97ms)
				BeforeProcessingInitializeOnLoad (112ms)
				ProcessInitializeOnLoadAttributes (340ms)
				ProcessInitializeOnLoadMethodAttributes (45ms)
				AfterProcessingInitializeOnLoad (12ms)
				EditorAssembliesLoaded (0ms)
			ExecutionOrderSort2 (0ms)
			AwakeInstancesAfterBackupRestoration (8ms)
Platform modules already initialized, skipping
========================================================================
Worker process is ready to serve import requests
Launched and connected shader compiler UnityShaderCompiler.exe after 0.05 seconds
Refreshing native plugins compatible for Editor in 0.84 ms, found 4 plugins.
Preloading 0 native plugins for Editor in 0.00 ms.
Unloading 3740 Unused Serialized files (Serialized files now loaded: 0)
Unloading 35 unused Assets / (56.4 KB). Loaded Objects now: 4202.
Memory consumption went from 143.0 MB to 142.9 MB.
Total: 3.919900 ms (FindLiveObjects: 0.477800 ms CreateObjectMapping: 0.171800 ms MarkObjects: 3.180000 ms  DeleteObjects: 0.089200 ms)

AssetImportParameters requested are different than current active one (requested -> active):
  custom:video-decoder-ogg-theora: a1e56fd34408186e4bbccfd4996cb3dc -> 
  custom:container-muxer-webm: aa71ff27fc2769a1b78a27578f13a17b -> 
  custom:container-demuxer-webm: 4f35f7cbe854078d1ac9338744f61a02 -> 
  custom:video-encoder-webm-vp8: eb34c28f22e8b96e1ab97ce403110664 -> 
  custom:audio-encoder-webm-vorbis: bf7c407c2cedff20999df2af8eb42d56 -> 
  custom:framework-win-MediaFoundation: 216162199b28c13a410421893ffa2e32 -> 
  custom:container-demuxer-ogg: 62fdf1f143b41e24485cea50d1cbac27 -> 
  custom:video-decoder-webm-vp8: 9c59270c3fd7afecdb556c50c9e8de78 -> 
  custom:audio-decoder-ogg-vorbis: bf7c407c2cedff20999df2af8eb42d56 -> 
========================================================================
Received Import Request.
  Time since last request: 13330.631716 seconds.
  path: Assets/Scenes/New Palette.prefab
  artifactKey: Guid(de9af2f13fcb6bb4c9390f1415a503c0) Importer(815301076,1909f56bfc062723c751e8b465ee728b)
Start importing Assets/Scenes/New Palette.prefab using Guid(de9af2f13fcb6bb4c9390f1415a503c0) Importer(815301076,1909f56bfc062723c751e8b465ee728b)  -> (artifact id: '1525d589aeca4a0113f6a4d1c861a9ff') in 0.131940 seconds 
========================================================================
Received Import Request.
  Time since last request: 186.497493 seconds.
  path: Assets/GothicVania Church/Environment
  artifactKey: Guid(bf678482ad0bb4e2d9fc66d3ba3b925d) Importer(815301076,1909f56bfc062723c751e8b465ee728b)
Start importing Assets/GothicVania Church/Environment using Guid(bf678482ad0bb4e2d9fc66d3ba3b925d) Importer(815301076,1909f56bfc062723c751e8b465ee728b)  -> (artifact id: '39b7079f1861dfcf1997a2e7e700f739') in 0.010747 seconds 
========================================================================
Received Import Request.
  Time since last request: 2.405032 seconds.
  path: Assets/GothicVania Church/Environment/tileset_37.asset
  artifactKey: Guid(41876d2268b802a4f88b4679152f5411) Importer(815301076,1909f56bfc062723c751e8b465ee728b)
Start importing Assets/GothicVania Church/Environment/tileset_37.asset using Guid(41876d2268b802a4f88b4679152f5411) Importer(815301076,1909f56bfc062723c751e8b465ee728b)  -> (artifact id: 'c8e0dc7817bbf36aa7a87882b3ec4eb7') in 0.031735 seconds 
========================================================================
Received Import Request.
  Time since last request: 0.007303 seconds.
  path: Assets/GothicVania Church/Environment/tileset_40.asset
  artifactKey: Guid(97e8dcd663e91704fa7096b6447c2ff5) Importer(815301076,1909f56bfc062723c751e8b465ee728b)
Start importing Assets/GothicVania Church/Environment/tileset_40.asset using Guid(97e8dcd663e91704fa7096b6447c2ff5) Importer(815301076,1909f56bfc062723c751e8b465ee728b)  -> (artifact id: 'bfd1dc65649025247074e9f59b2514b6') in 0.020253 seconds 
========================================================================
Received Import Request.
  Time since last request: 0.000047 seconds.
  path: Assets/GothicVania Church/Environment/tileset_49.asset
  artifactKey: Guid(86e353ea1651f124c93ee539d942976b) Importer(815301076,1909f56bfc062723c751e8b465ee728b)
Start importing Assets/GothicVania Church/Environment/tileset_49.asset using Guid(86e353ea1651f124c93ee539d942976b) Importer(815301076,1909f56bfc062723c751e8b465ee728b)  -> (artifact id: '3fd08a42e68b447ff631f1e48c5f452e') in 0.030708 seconds 
========================================================================
Received Import Request.
  Time since last request: 0.000023 seconds.
  path: Assets/GothicVania Church/Environment/tileset_69.asset
  artifactKey: Guid(f08b42cfc3f1ae547803628739fe1502) Importer(815301076,1909f56bfc062723c751e8b465ee728b)
Start importing Assets/GothicVania Church/Environment/tileset_69.asset using Guid(f08b42cfc3f1ae547803628739fe1502) Importer(815301076,1909f56bfc062723c751e8b465ee728b)  -> (artifact id: '479fcd90274bb9d7109e1642f82570e4') in 0.016849 seconds 
========================================================================
Received Import Request.
  Time since last request: 0.000030 seconds.
  path: Assets/GothicVania Church/Environment/tileset_50.asset
  artifactKey: Guid(194605ffca526b54cb1475d416259211) Importer(815301076,1909f56bfc062723c751e8b465ee728b)
Start importing Assets/GothicVania Church/Environment/tileset_50.asset using Guid(194605ffca526b54cb1475d416259211) Importer(815301076,1909f56bfc062723c751e8b465ee728b)  -> (artifact id: 'b027671abe8adb134fa921e8b550ff40') in 0.018568 seconds 
========================================================================
Received Import Request.
  Time since last request: 0.000036 seconds.
  path: Assets/GothicVania Church/Environment/tileset_47.asset
  artifactKey: Guid(cb87d7e09f06b5340b1cffd004d92442) Importer(815301076,1909f56bfc062723c751e8b465ee728b)
Start importing Assets/GothicVania Church/Environment/tileset_47.asset using Guid(cb87d7e09f06b5340b1cffd004d92442) Importer(815301076,1909f56bfc062723c751e8b465ee728b)  -> (artifact id: '8097ccd4d2b2339175dd8a2b246e301a') in 0.017557 seconds 
========================================================================
Received Import Request.
  Time since last request: 0.000028 seconds.
  path: Assets/GothicVania Church/Environment/tileset_57.asset
  artifactKey: Guid(d703ab69a8caebd40ac422f6ded2d414) Importer(815301076,1909f56bfc062723c751e8b465ee728b)
Start importing Assets/GothicVania Church/Environment/tileset_57.asset using Guid(d703ab69a8caebd40ac422f6ded2d414) Importer(815301076,1909f56bfc062723c751e8b465ee728b)  -> (artifact id: '2baf0639603823727c6ef19cbf871172') in 0.014961 seconds 
========================================================================
Received Import Request.
  Time since last request: 0.000028 seconds.
  path: Assets/GothicVania Church/Environment/tileset_66.asset
  artifactKey: Guid(15059e05d86c3204096fa244421b71ee) Importer(815301076,1909f56bfc062723c751e8b465ee728b)
Start importing Assets/GothicVania Church/Environment/tileset_66.asset using Guid(15059e05d86c3204096fa244421b71ee) Importer(815301076,1909f56bfc062723c751e8b465ee728b)  -> (artifact id: '307309e5c35f20a749cbb9f987a627e5') in 0.017256 seconds 
========================================================================
Received Import Request.
  Time since last request: 0.000027 seconds.
  path: Assets/GothicVania Church/Environment/tileset_64.asset
  artifactKey: Guid(78a64591e159ed0429a888a083b39507) Importer(815301076,1909f56bfc062723c751e8b465ee728b)
Start importing Assets/GothicVania Church/Environment/tileset_64.asset using Guid(78a64591e159ed0429a888a083b39507) Importer(815301076,1909f56bfc062723c751e8b465ee728b)  -> (artifact id: 'd2da96272a6e53365080606c65037569') in 0.017488 seconds 
========================================================================
Received Import Request.
  Time since last request: 0.000041 seconds.
  path: Assets/GothicVania Church/Environment/tileset_68.asset
  artifactKey: Guid(b744bf8c77ad6084c9ed72a840795283) Importer(815301076,1909f56bfc062723c751e8b465ee728b)
Start importing Assets/GothicVania Church/Environment/tileset_68.asset using Guid(b744bf8c77ad6084c9ed72a840795283) Importer(815301076,1909f56bfc062723c751e8b465ee728b)  -> (artifact id: '2f191280dccf2a4f0e6d9fff7ad9b5ef') in 0.016482 seconds 
========================================================================
Received Import Request.
  Time since last request: 0.000034 seconds.
  path: Assets/GothicVania Church/Environment/tileset_51.asset
  artifactKey: Guid(13af334e9adffbd4c81e5062f2fd923a) Importer(815301076,1909f56bfc062723c751e8b465ee728b)
Start importing Assets/GothicVania Church/Environment/tileset_51.asset using Guid(13af334e9adffbd4c81e5062f2fd923a) Importer(815301076,1909f56bfc062723c751e8b465ee728b)  -> (artifact id: '1cb493376235b933a1b10133bf01e577') in 0.016135 seconds 
========================================================================
Received Import Request.
  Time since last request: 0.000024 seconds.
  path: Assets/GothicVania Church/Environment/tileset_62.asset
  artifactKey: Guid(eb92e354af1d88d42ab1b843c1ccc1f1) Importer(815301076,1909f56bfc062723c751e8b465ee728b)
Start importing Assets/GothicVania Church/Environment/tileset_62.asset using Guid(eb92e354af1d88d42ab1b843c1ccc1f1) Importer(815301076,1909f56bfc062723c751e8b465ee728b)  -> (artifact id: '6cc8a532e8668dcf42b653a3b04d3126') in 0.014683 seconds 
========================================================================
Received Import Request.
  Time since last request: 0.000023 seconds.
  path: Assets/GothicVania Church/Environment/tileset_60.asset
  artifactKey: Guid(53a3dc7988605f94586453edae104987) Importer(815301076,1909f56bfc062723c751e8b465ee728b)
Start importing Assets/GothicVania Church/Environment/tileset_60.asset using Guid(53a3dc7988605f94586453edae104987) Importer(815301076,1909f56bfc062723c751e8b465ee728b)  -> (artifact id: '19c2c81b94cf3aa559783ce6154f2b71') in 0.017553 seconds 
========================================================================
Received Import Request.
  Time since last request: 0.000029 seconds.
  path: Assets/GothicVania Church/Environment/tileset_45.asset
  artifactKey: Guid(0c9da4df299522145a6a684788c4ab6f) Importer(815301076,1909f56bfc062723c751e8b465ee728b)
Start importing Assets/GothicVania Church/Environment/tileset_45.asset using Guid(0c9da4df299522145a6a684788c4ab6f) Importer(815301076,1909f56bfc062723c751e8b465ee728b)  -> (artifact id: 'e94d0c24753d8458cc93990bcb40a21b') in 0.016904 seconds 
========================================================================
Received Import Request.
  Time since last request: 0.000021 seconds.
  path: Assets/GothicVania Church/Environment/tileset_58.asset
  artifactKey: Guid(61d318c5fa5519f4fb3174de58dd7087) Importer(815301076,1909f56bfc062723c751e8b465ee728b)
Start importing Assets/GothicVania Church/Environment/tileset_58.asset using Guid(61d318c5fa5519f4fb3174de58dd7087) Importer(815301076,1909f56bfc062723c751e8b465ee728b)  -> (artifact id: 'adc2a26579dd77ed6f740d266cb060d1') in 0.015396 seconds 
========================================================================
Received Import Request.
  Time since last request: 0.000020 seconds.
  path: Assets/GothicVania Church/Environment/tileset_41.asset
  artifactKey: Guid(a69f778e76ae891408a448fa001cba84) Importer(815301076,1909f56bfc062723c751e8b465ee728b)
Start importing Assets/GothicVania Church/Environment/tileset_41.asset using Guid(a69f778e76ae891408a448fa001cba84) Importer(815301076,1909f56bfc062723c751e8b465ee728b)  -> (artifact id: 'dc4e6b06a8f6aff6b4c022ab6e02cd4d') in 0.017802 seconds 
========================================================================
Received Import Request.
  Time since last request: 0.000038 seconds.
  path: Assets/GothicVania Church/Environment/tileset_55.asset
  artifactKey: Guid(5651f9603ae3abe4bb9928e9e916ec41) Importer(815301076,1909f56bfc062723c751e8b465ee728b)
Start importing Assets/GothicVania Church/Environment/tileset_55.asset using Guid(5651f9603ae3abe4bb9928e9e916ec41) Importer(815301076,1909f56bfc062723c751e8b465ee728b)  -> (artifact id: '0b585146c5b7412c5466f11e7c96b3a7') in 0.020290 seconds 
========================================================================
Received Import Request.
  Time since last request: 0.141955 seconds.
  path: Assets/GothicVania Church/Environment/tileset_70.asset
  artifactKey: Guid(c087413f1c3196445bf5b06af3cc72d9) Importer(815301076,1909f56bfc062723c751e8b465ee728b)
Start importing Assets/GothicVania Church/Environment/tileset_70.asset using Guid(c087413f1c3196445bf5b06af3cc72d9) Importer(815301076,1909f56bfc062723c751e8b465ee728b)  -> (artifact id: 'dd7aeb14fb74e8b1f1e31d8908681afa') in 0.016278 seconds 
========================================================================
Received Import Request.
  Time since last request: 0.000027 seconds.
  path: Assets/GothicVania Church/Environment/tileset_80.asset
  artifactKey: Guid(18f389040a7f631458e01c3d9c84efec) Importer(815301076,1909f56bfc062723c751e8b465ee728b)
Start importing Assets/GothicVania Church/Environment/tileset_80.asset using Guid(18f389040a7f631458e01c3d9c84efec) Importer(815301076,1909f56bfc062723c751e8b465ee728b)  -> (artifact id: 'e8fc4c41c8c569024376e0939957ee50') in 0.016756 seconds 
========================================================================
Received Import Request.
  Time since last request: 0.000093 seconds.
  path: Assets/GothicVania Church/Environment/tileset_82.asset
  artifactKey: Guid(79ce2e05e21b77e4c9d94c51d3e972dd) Importer(815301076,1909f56bfc062723c751e8b465ee728b)
Start importing Assets/GothicVania Church/Environment/tileset_82.asset using Guid(79ce2e05e21b77e4c9d94c51d3e972dd) Importer(815301076,1909f56bfc062723c751e8b465ee728b)  -> (artifact id: 'c9284462c0bc558d532efa465617158d') in 0.017794 seconds 
========================================================================
Received Import Request.
  Time since last request: 0.000051 seconds.
  path: Assets/GothicVania Church/Environment/tileset_72.asset
  artifactKey: Guid(89043bc8d928afe48a66949c4d9a0dda) Importer(815301076,1909f56bfc062723c751e8b465ee728b)
Start importing Assets/GothicVania Church/Environment/tileset_72.asset using Guid(89043bc8d928afe48a66949c4d9a0dda) Importer(815301076,1909f56bfc062723c751e8b465ee728b)  -> (artifact id: '14df614d91b411b66dc883b41014f4ec') in 0.017961 seconds 
========================================================================
Received Import Request.
  Time since last request: 0.000039 seconds.
  path: Assets/GothicVania Church/Environment/tileset_102.asset
  artifactKey: Guid(40bd0e6af5bc02244a66399aa476b836) Importer(815301076,1909f56bfc062723c751e8b465ee728b)
Start importing Assets/GothicVania Church/Environment/tileset_102.asset using Guid(40bd0e6af5bc02244a66399aa476b836) Importer(815301076,1909f56bfc062723c751e8b465ee728b)  -> (artifact id: '1eaecd0cbe038e7e1031b7c46e56f834') in 0.015830 seconds 
========================================================================
Received Import Request.
  Time since last request: 0.000040 seconds.
  path: Assets/GothicVania Church/Environment/tileset_99.asset
  artifactKey: Guid(3d674dbb17df7734c97c085b216517a9) Importer(815301076,1909f56bfc062723c751e8b465ee728b)
Start importing Assets/GothicVania Church/Environment/tileset_99.asset using Guid(3d674dbb17df7734c97c085b216517a9) Importer(815301076,1909f56bfc062723c751e8b465ee728b)  -> (artifact id: '9bdd03c989d187a9211536671aeae5f8') in 0.020720 seconds 
========================================================================
Received Import Request.
  Time since last request: 0.000044 seconds.
  path: Assets/GothicVania Church/Environment/tileset_92.asset
  artifactKey: Guid(5cf4bd72b3ca8e1419b0324edbfc3ea2) Importer(815301076,1909f56bfc062723c751e8b465ee728b)
Start importing Assets/GothicVania Church/Environment/tileset_92.asset using Guid(5cf4bd72b3ca8e1419b0324edbfc3ea2) Importer(815301076,1909f56bfc062723c751e8b465ee728b)  -> (artifact id: '8200b05c638fa1c8bdabdf4fd08dac4f') in 0.018437 seconds 
========================================================================
Received Import Request.
  Time since last request: 0.000025 seconds.
  path: Assets/GothicVania Church/Environment/tileset_86.asset
  artifactKey: Guid(1047b56cdee94ef42bea70bd9df73613) Importer(815301076,1909f56bfc062723c751e8b465ee728b)
Start importing Assets/GothicVania Church/Environment/tileset_86.asset using Guid(1047b56cdee94ef42bea70bd9df73613) Importer(815301076,1909f56bfc062723c751e8b465ee728b)  -> (artifact id: 'cc618397020072894c69228d13e70c15') in 0.016685 seconds 
========================================================================
Received Import Request.
  Time since last request: 0.000042 seconds.
  path: Assets/GothicVania Church/Environment/tileset_89.asset
  artifactKey: Guid(730bb50b35cc3f0479aa5b0f68457a4c) Importer(815301076,1909f56bfc062723c751e8b465ee728b)
Start importing Assets/GothicVania Church/Environment/tileset_89.asset using Guid(730bb50b35cc3f0479aa5b0f68457a4c) Importer(815301076,1909f56bfc062723c751e8b465ee728b)  -> (artifact id: '0c252e57bbed5a0a9fd3b84fb58364c2') in 0.015473 seconds 
========================================================================
Received Import Request.
  Time since last request: 0.000026 seconds.
  path: Assets/GothicVania Church/Environment/tileset_84.asset
  artifactKey: Guid(c5d1f986b41f3394f9f17520bc48090c) Importer(815301076,1909f56bfc062723c751e8b465ee728b)
Start importing Assets/GothicVania Church/Environment/tileset_84.asset using Guid(c5d1f986b41f3394f9f17520bc48090c) Importer(815301076,1909f56bfc062723c751e8b465ee728b)  -> (artifact id: '2abda10e042b44d447699e70bdec1ebe') in 0.018720 seconds 
========================================================================
Received Import Request.
  Time since last request: 0.000029 seconds.
  path: Assets/GothicVania Church/Environment/tileset_97.asset
  artifactKey: Guid(1c87bcbb2a6d25445bc3a165318fc3ea) Importer(815301076,1909f56bfc062723c751e8b465ee728b)
Start importing Assets/GothicVania Church/Environment/tileset_97.asset using Guid(1c87bcbb2a6d25445bc3a165318fc3ea) Importer(815301076,1909f56bfc062723c751e8b465ee728b)  -> (artifact id: '6f0d792d39393a226bf9cc68cc13ab83') in 0.018348 seconds 
========================================================================
Received Import Request.
  Time since last request: 0.000061 seconds.
  path: Assets/GothicVania Church/Environment/tileset_83.asset
  artifactKey: Guid(5a218d89d643a0244811cc40dc0607a6) Importer(815301076,1909f56bfc062723c751e8b465ee728b)
Start importing Assets/GothicVania Church/Environment/tileset_83.asset using Guid(5a218d89d643a0244811cc40dc0607a6) Importer(815301076,1909f56bfc062723c751e8b465ee728b)  -> (artifact id: '02bf46a775e089da04111b395da92d74') in 0.021713 seconds 
========================================================================
Received Import Request.
  Time since last request: 0.000027 seconds.
  path: Assets/GothicVania Church/Environment/tileset_90.asset
  artifactKey: Guid(4e91c7acb9c6f1a4782a4d214693d381) Importer(815301076,1909f56bfc062723c751e8b465ee728b)
Start importing Assets/GothicVania Church/Environment/tileset_90.asset using Guid(4e91c7acb9c6f1a4782a4d214693d381) Importer(815301076,1909f56bfc062723c751e8b465ee728b)  -> (artifact id: 'c9501d85e4018da3196ea1607fddbc4f') in 0.020093 seconds 
========================================================================
Received Import Request.
  Time since last request: 0.000052 seconds.
  path: Assets/GothicVania Church/Environment/tileset_104.asset
  artifactKey: Guid(77931aed7aaeb5c429fd704fd1a4ca8b) Importer(815301076,1909f56bfc062723c751e8b465ee728b)
Start importing Assets/GothicVania Church/Environment/tileset_104.asset using Guid(77931aed7aaeb5c429fd704fd1a4ca8b) Importer(815301076,1909f56bfc062723c751e8b465ee728b)  -> (artifact id: '757e4d2e496218171f104d97150f8724') in 0.020298 seconds 
========================================================================
Received Import Request.
  Time since last request: 0.000029 seconds.
  path: Assets/GothicVania Church/Environment/tileset_73.asset
  artifactKey: Guid(deef402e35a865a459bb4c37203f97bc) Importer(815301076,1909f56bfc062723c751e8b465ee728b)
Start importing Assets/GothicVania Church/Environment/tileset_73.asset using Guid(deef402e35a865a459bb4c37203f97bc) Importer(815301076,1909f56bfc062723c751e8b465ee728b)  -> (artifact id: 'd32bf0a9177bcce1a8a3cd7f2fe0ca3b') in 0.016153 seconds 
========================================================================
Received Import Request.
  Time since last request: 0.000032 seconds.
  path: Assets/GothicVania Church/Environment/tileset_103.asset
  artifactKey: Guid(f1680594950d2a743ae36eae5a97c89d) Importer(815301076,1909f56bfc062723c751e8b465ee728b)
Start importing Assets/GothicVania Church/Environment/tileset_103.asset using Guid(f1680594950d2a743ae36eae5a97c89d) Importer(815301076,1909f56bfc062723c751e8b465ee728b)  -> (artifact id: 'c6b466d4d8c810a241044b71c77395c2') in 0.016063 seconds 
========================================================================
Received Import Request.
  Time since last request: 0.000040 seconds.
  path: Assets/GothicVania Church/Environment/tileset_74.asset
  artifactKey: Guid(e0481ec043249d5438eb20b3c91ac44d) Importer(815301076,1909f56bfc062723c751e8b465ee728b)
Start importing Assets/GothicVania Church/Environment/tileset_74.asset using Guid(e0481ec043249d5438eb20b3c91ac44d) Importer(815301076,1909f56bfc062723c751e8b465ee728b)  -> (artifact id: '76e05800b6acab18c6883c8dc3c8af33') in 0.015594 seconds 
========================================================================
Received Import Request.
  Time since last request: 0.000031 seconds.
  path: Assets/GothicVania Church/Environment/tileset_78.asset
  artifactKey: Guid(fd1939e2897542740aa634c8d8dcaeb5) Importer(815301076,1909f56bfc062723c751e8b465ee728b)
Start importing Assets/GothicVania Church/Environment/tileset_78.asset using Guid(fd1939e2897542740aa634c8d8dcaeb5) Importer(815301076,1909f56bfc062723c751e8b465ee728b)  -> (artifact id: '1aa1289b9becc7c7ae849b3698d89f07') in 0.015469 seconds 
Editor requested this worker to shutdown with reason: Scaling down because of idle timeout
AssetImportWorker is now disconnected from the server
Process exiting
Exiting without the bug reporter. Application will terminate with return code 0