Using pre-set license
Built from '2021.3/staging' branch; Version is '2021.3.20f1 (577897200b8b) revision 5732503'; Using compiler version '192829333'; Build Type 'Release'
OS: 'Windows 10  (10.0.19045) 64bit Professional' Language: 'es' Physical Memory: 16332 MB
BatchMode: 1, IsHumanControllingUs: 0, StartBugReporterOnCrash: 0, Is64bit: 1, IsPro: 1

COMMAND LINE ARGUMENTS:
C:\Program Files\Unity\Hub\Editor\2021.3.20f1\Editor\Unity.exe
-adb2
-batchMode
-noUpm
-name
AssetImportWorker12
-projectPath
C:/Users/f.robledo/Desktop/SACRED-HITMAN/My project (1)
-logFile
Logs/AssetImportWorker12.log
-srvPort
49300
Successfully changed project path to: C:/Users/f.robledo/Desktop/SACRED-HITMAN/My project (1)
C:/Users/f.robledo/Desktop/SACRED-HITMAN/My project (1)
[UnityMemory] Configuration Parameters - Can be set up in boot.config
    "memorysetup-bucket-allocator-granularity=16"
    "memorysetup-bucket-allocator-bucket-count=8"
    "memorysetup-bucket-allocator-block-size=33554432"
    "memorysetup-bucket-allocator-block-count=8"
    "memorysetup-main-allocator-block-size=16777216"
    "memorysetup-thread-allocator-block-size=16777216"
    "memorysetup-gfx-main-allocator-block-size=16777216"
    "memorysetup-gfx-thread-allocator-block-size=16777216"
    "memorysetup-cache-allocator-block-size=4194304"
    "memorysetup-typetree-allocator-block-size=2097152"
    "memorysetup-profiler-bucket-allocator-granularity=16"
    "memorysetup-profiler-bucket-allocator-bucket-count=8"
    "memorysetup-profiler-bucket-allocator-block-size=33554432"
    "memorysetup-profiler-bucket-allocator-block-count=8"
    "memorysetup-profiler-allocator-block-size=16777216"
    "memorysetup-profiler-editor-allocator-block-size=1048576"
    "memorysetup-temp-allocator-size-main=16777216"
    "memorysetup-job-temp-allocator-block-size=2097152"
    "memorysetup-job-temp-allocator-block-size-background=1048576"
    "memorysetup-job-temp-allocator-reduction-small-platforms=262144"
    "memorysetup-temp-allocator-size-background-worker=32768"
    "memorysetup-temp-allocator-size-job-worker=262144"
    "memorysetup-temp-allocator-size-preload-manager=33554432"
    "memorysetup-temp-allocator-size-nav-mesh-worker=65536"
    "memorysetup-temp-allocator-size-audio-worker=65536"
    "memorysetup-temp-allocator-size-cloud-worker=32768"
    "memorysetup-temp-allocator-size-gi-baking-worker=262144"
    "memorysetup-temp-allocator-size-gfx=262144"
Player connection [18228] Host "[IP] 192.168.42.82 [Port] 0 [Flags] 2 [Guid] 2375113839 [EditorId] 2375113839 [Version] 1048832 [Id] WindowsEditor(7,LAB2I5PC3) [Debug] 1 [PackageName] WindowsEditor [ProjectName] Editor" joined multi-casting on [225.0.0.222:54997]...

Player connection [18228] Host "[IP] 192.168.42.82 [Port] 0 [Flags] 2 [Guid] 2375113839 [EditorId] 2375113839 [Version] 1048832 [Id] WindowsEditor(7,LAB2I5PC3) [Debug] 1 [PackageName] WindowsEditor [ProjectName] Editor" joined alternative multi-casting on [225.0.0.222:34997]...

Refreshing native plugins compatible for Editor in 126.91 ms, found 4 plugins.
Preloading 0 native plugins for Editor in 0.00 ms.
Initialize engine version: 2021.3.20f1 (577897200b8b)
[Subsystems] Discovering subsystems at path C:/Program Files/Unity/Hub/Editor/2021.3.20f1/Editor/Data/Resources/UnitySubsystems
[Subsystems] Discovering subsystems at path C:/Users/f.robledo/Desktop/SACRED-HITMAN/My project (1)/Assets
GfxDevice: creating device client; threaded=0; jobified=0
Direct3D:
    Version:  Direct3D 11.0 [level 11.1]
    Renderer: NVIDIA GeForce GTX 1650 SUPER (ID=0x2187)
    Vendor:   NVIDIA
    VRAM:     3955 MB
    Driver:   31.0.15.1694
Initialize mono
Mono path[0] = 'C:/Program Files/Unity/Hub/Editor/2021.3.20f1/Editor/Data/Managed'
Mono path[1] = 'C:/Program Files/Unity/Hub/Editor/2021.3.20f1/Editor/Data/MonoBleedingEdge/lib/mono/unityjit-win32'
Mono config path = 'C:/Program Files/Unity/Hub/Editor/2021.3.20f1/Editor/Data/MonoBleedingEdge/etc'
Using monoOptions --debugger-agent=transport=dt_socket,embedding=1,server=y,suspend=n,address=127.0.0.1:56656
Begin MonoManager ReloadAssembly
Registering precompiled unity dll's ...
Register platform support module: C:/Program Files/Unity/Hub/Editor/2021.3.20f1/Editor/Data/PlaybackEngines/WebGLSupport/UnityEditor.WebGL.Extensions.dll
Register platform support module: C:/Program Files/Unity/Hub/Editor/2021.3.20f1/Editor/Data/PlaybackEngines/AndroidPlayer/UnityEditor.Android.Extensions.dll
Register platform support module: C:/Program Files/Unity/Hub/Editor/2021.3.20f1/Editor/Data/PlaybackEngines/WindowsStandaloneSupport/UnityEditor.WindowsStandalone.Extensions.dll
Register platform support module: C:/Program Files/Unity/Hub/Editor/2021.3.20f1/Editor/Data/PlaybackEngines/MetroSupport/UnityEditor.UWP.Extensions.dll
Registered in 0.013107 seconds.
Native extension for UWP target not found
Native extension for WindowsStandalone target not found
Native extension for Android target not found
Android Extension - Scanning For ADB Devices 309 ms
Native extension for WebGL target not found
Refreshing native plugins compatible for Editor in 101.45 ms, found 4 plugins.
Preloading 0 native plugins for Editor in 0.00 ms.
Mono: successfully reloaded assembly
- Completed reload, in  1.182 seconds
Domain Reload Profiling:
	ReloadAssembly (1182ms)
		BeginReloadAssembly (147ms)
			ExecutionOrderSort (0ms)
			DisableScriptedObjects (0ms)
			BackupInstance (0ms)
			ReleaseScriptingObjects (0ms)
			CreateAndSetChildDomain (2ms)
		EndReloadAssembly (901ms)
			LoadAssemblies (142ms)
			RebuildTransferFunctionScriptingTraits (0ms)
			SetupTypeCache (150ms)
			ReleaseScriptCaches (0ms)
			RebuildScriptCaches (32ms)
			SetupLoadedEditorAssemblies (649ms)
				LogAssemblyErrors (0ms)
				InitializePlatformSupportModulesInManaged (392ms)
				SetLoadedEditorAssemblies (0ms)
				RefreshPlugins (102ms)
				BeforeProcessingInitializeOnLoad (1ms)
				ProcessInitializeOnLoadAttributes (106ms)
				ProcessInitializeOnLoadMethodAttributes (47ms)
				AfterProcessingInitializeOnLoad (0ms)
				EditorAssembliesLoaded (0ms)
			ExecutionOrderSort2 (0ms)
			AwakeInstancesAfterBackupRestoration (0ms)
Platform modules already initialized, skipping
Registering precompiled user dll's ...
Registered in 0.009789 seconds.
Begin MonoManager ReloadAssembly
Symbol file LoadedFromMemory doesn't match image C:\Users\f.robledo\Desktop\SACRED-HITMAN\My project (1)\Library\PackageCache\com.unity.visualscripting@1.8.0\Editor\VisualScripting.Core\Dependencies\YamlDotNet\Unity.VisualScripting.YamlDotNet.dll
Symbol file LoadedFromMemory doesn't match image C:\Users\f.robledo\Desktop\SACRED-HITMAN\My project (1)\Library\PackageCache\com.unity.visualscripting@1.8.0\Editor\VisualScripting.Core\Dependencies\DotNetZip\Unity.VisualScripting.IonicZip.dll
Native extension for UWP target not found
Native extension for WindowsStandalone target not found
Native extension for Android target not found
Native extension for WebGL target not found
Refreshing native plugins compatible for Editor in 109.98 ms, found 4 plugins.
Preloading 0 native plugins for Editor in 0.00 ms.
Mono: successfully reloaded assembly
- Completed reload, in  1.365 seconds
Domain Reload Profiling:
	ReloadAssembly (1366ms)
		BeginReloadAssembly (160ms)
			ExecutionOrderSort (0ms)
			DisableScriptedObjects (7ms)
			BackupInstance (0ms)
			ReleaseScriptingObjects (0ms)
			CreateAndSetChildDomain (22ms)
		EndReloadAssembly (1070ms)
			LoadAssemblies (137ms)
			RebuildTransferFunctionScriptingTraits (0ms)
			SetupTypeCache (278ms)
			ReleaseScriptCaches (1ms)
			RebuildScriptCaches (69ms)
			SetupLoadedEditorAssemblies (557ms)
				LogAssemblyErrors (0ms)
				InitializePlatformSupportModulesInManaged (24ms)
				SetLoadedEditorAssemblies (0ms)
				RefreshPlugins (110ms)
				BeforeProcessingInitializeOnLoad (112ms)
				ProcessInitializeOnLoadAttributes (255ms)
				ProcessInitializeOnLoadMethodAttributes (44ms)
				AfterProcessingInitializeOnLoad (12ms)
				EditorAssembliesLoaded (0ms)
			ExecutionOrderSort2 (0ms)
			AwakeInstancesAfterBackupRestoration (6ms)
Platform modules already initialized, skipping
========================================================================
Worker process is ready to serve import requests
Launched and connected shader compiler UnityShaderCompiler.exe after 0.07 seconds
Refreshing native plugins compatible for Editor in 1.76 ms, found 4 plugins.
Preloading 0 native plugins for Editor in 0.00 ms.
Unloading 3740 Unused Serialized files (Serialized files now loaded: 0)
Unloading 35 unused Assets / (56.4 KB). Loaded Objects now: 4202.
Memory consumption went from 143.0 MB to 143.0 MB.
Total: 5.317000 ms (FindLiveObjects: 0.563400 ms CreateObjectMapping: 0.214200 ms MarkObjects: 4.408300 ms  DeleteObjects: 0.129200 ms)

AssetImportParameters requested are different than current active one (requested -> active):
  custom:video-decoder-ogg-theora: a1e56fd34408186e4bbccfd4996cb3dc -> 
  custom:container-muxer-webm: aa71ff27fc2769a1b78a27578f13a17b -> 
  custom:container-demuxer-webm: 4f35f7cbe854078d1ac9338744f61a02 -> 
  custom:video-encoder-webm-vp8: eb34c28f22e8b96e1ab97ce403110664 -> 
  custom:audio-encoder-webm-vorbis: bf7c407c2cedff20999df2af8eb42d56 -> 
  custom:framework-win-MediaFoundation: 216162199b28c13a410421893ffa2e32 -> 
  custom:container-demuxer-ogg: 62fdf1f143b41e24485cea50d1cbac27 -> 
  custom:video-decoder-webm-vp8: 9c59270c3fd7afecdb556c50c9e8de78 -> 
  custom:audio-decoder-ogg-vorbis: bf7c407c2cedff20999df2af8eb42d56 -> 
========================================================================
Received Import Request.
  Time since last request: 14609.063350 seconds.
  path: Assets/Scenes/tileset_23.asset
  artifactKey: Guid(774a11130ad24a245bb998b1fad06435) Importer(815301076,1909f56bfc062723c751e8b465ee728b)
Start importing Assets/Scenes/tileset_23.asset using Guid(774a11130ad24a245bb998b1fad06435) Importer(815301076,1909f56bfc062723c751e8b465ee728b)  -> (artifact id: 'b9d4019ed8c6e5cb1b63949cda4ca281') in 0.074706 seconds 
========================================================================
Received Import Request.
  Time since last request: 0.000051 seconds.
  path: Assets/Scenes/tileset_34.asset
  artifactKey: Guid(1da8eb5885abf334e91be1aeeac5d3a7) Importer(815301076,1909f56bfc062723c751e8b465ee728b)
Start importing Assets/Scenes/tileset_34.asset using Guid(1da8eb5885abf334e91be1aeeac5d3a7) Importer(815301076,1909f56bfc062723c751e8b465ee728b)  -> (artifact id: 'd872774f5a99cc5c280d14adaf270af6') in 0.010497 seconds 
========================================================================
Received Import Request.
  Time since last request: 0.000053 seconds.
  path: Assets/Scenes/tileset_37.asset
  artifactKey: Guid(e4bc57ed39a44ab46b7a3251935b8a59) Importer(815301076,1909f56bfc062723c751e8b465ee728b)
Start importing Assets/Scenes/tileset_37.asset using Guid(e4bc57ed39a44ab46b7a3251935b8a59) Importer(815301076,1909f56bfc062723c751e8b465ee728b)  -> (artifact id: 'f5ac734e84cc58a5502e928a8d75a303') in 0.010650 seconds 
========================================================================
Received Import Request.
  Time since last request: 0.000041 seconds.
  path: Assets/Scenes/tileset_45.asset
  artifactKey: Guid(02bf2d4d2b16fbd41960b1775c28706d) Importer(815301076,1909f56bfc062723c751e8b465ee728b)
Start importing Assets/Scenes/tileset_45.asset using Guid(02bf2d4d2b16fbd41960b1775c28706d) Importer(815301076,1909f56bfc062723c751e8b465ee728b)  -> (artifact id: 'f78691582f0106adb7d1a992b9e85c73') in 0.015915 seconds 
========================================================================
Received Import Request.
  Time since last request: 0.248819 seconds.
  path: Assets/Scenes/tileset_47.asset
  artifactKey: Guid(9eb72c8d14aa4fa4e8d20a28e9042d85) Importer(815301076,1909f56bfc062723c751e8b465ee728b)
Start importing Assets/Scenes/tileset_47.asset using Guid(9eb72c8d14aa4fa4e8d20a28e9042d85) Importer(815301076,1909f56bfc062723c751e8b465ee728b)  -> (artifact id: '036b4848eb9c52e2059ec8266090b9f0') in 0.009411 seconds 
========================================================================
Received Import Request.
  Time since last request: 0.000032 seconds.
  path: Assets/Scenes/tileset_51.asset
  artifactKey: Guid(5520e6e6edd8dd34aa4ef73ec7cb038b) Importer(815301076,1909f56bfc062723c751e8b465ee728b)
Start importing Assets/Scenes/tileset_51.asset using Guid(5520e6e6edd8dd34aa4ef73ec7cb038b) Importer(815301076,1909f56bfc062723c751e8b465ee728b)  -> (artifact id: '56aab7f8f866f485f5d53a22b7b069e1') in 0.022404 seconds 
========================================================================
Received Import Request.
  Time since last request: 0.000053 seconds.
  path: Assets/Scenes/tileset_59.asset
  artifactKey: Guid(0a243c32ca3aabb439100229df66bf8e) Importer(815301076,1909f56bfc062723c751e8b465ee728b)
Start importing Assets/Scenes/tileset_59.asset using Guid(0a243c32ca3aabb439100229df66bf8e) Importer(815301076,1909f56bfc062723c751e8b465ee728b)  -> (artifact id: '4d21f8c54294415e8b00106fa745b8d4') in 0.011491 seconds 
========================================================================
Received Import Request.
  Time since last request: 0.000033 seconds.
  path: Assets/Scenes/tileset_57.asset
  artifactKey: Guid(3e8bf2c8b72d3f34b8274ba3132b35bf) Importer(815301076,1909f56bfc062723c751e8b465ee728b)
Start importing Assets/Scenes/tileset_57.asset using Guid(3e8bf2c8b72d3f34b8274ba3132b35bf) Importer(815301076,1909f56bfc062723c751e8b465ee728b)  -> (artifact id: '404cdf903afca45764a84617809e8be4') in 0.021327 seconds 
========================================================================
Received Import Request.
  Time since last request: 0.262051 seconds.
  path: Assets/Scenes/tileset_63.asset
  artifactKey: Guid(4231832b0c4d40046a5c405c21ce8d03) Importer(815301076,1909f56bfc062723c751e8b465ee728b)
Start importing Assets/Scenes/tileset_63.asset using Guid(4231832b0c4d40046a5c405c21ce8d03) Importer(815301076,1909f56bfc062723c751e8b465ee728b)  -> (artifact id: '540085cc3a6f3641e6535208e79e757a') in 0.012964 seconds 
========================================================================
Received Import Request.
  Time since last request: 0.000034 seconds.
  path: Assets/Scenes/tileset_70.asset
  artifactKey: Guid(caaf7f6da90ef334a880d908368a15ae) Importer(815301076,1909f56bfc062723c751e8b465ee728b)
Start importing Assets/Scenes/tileset_70.asset using Guid(caaf7f6da90ef334a880d908368a15ae) Importer(815301076,1909f56bfc062723c751e8b465ee728b)  -> (artifact id: '54724ed2c7b2dd53272c814ac720877e') in 0.017457 seconds 
========================================================================
Received Import Request.
  Time since last request: 0.000053 seconds.
  path: Assets/Scenes/tileset_69.asset
  artifactKey: Guid(1dda5b0289a98744db679e71315c0264) Importer(815301076,1909f56bfc062723c751e8b465ee728b)
Start importing Assets/Scenes/tileset_69.asset using Guid(1dda5b0289a98744db679e71315c0264) Importer(815301076,1909f56bfc062723c751e8b465ee728b)  -> (artifact id: '7cec48be58f7f5fc7813f159b257462b') in 0.012280 seconds 
========================================================================
Received Import Request.
  Time since last request: 0.000036 seconds.
  path: Assets/Scenes/tileset_79.asset
  artifactKey: Guid(8de79b410a9352b4b9eeaf58744ffc97) Importer(815301076,1909f56bfc062723c751e8b465ee728b)
Start importing Assets/Scenes/tileset_79.asset using Guid(8de79b410a9352b4b9eeaf58744ffc97) Importer(815301076,1909f56bfc062723c751e8b465ee728b)  -> (artifact id: 'e4224f45162d5545d258e3435dddabd1') in 0.012517 seconds 
========================================================================
Received Import Request.
  Time since last request: 0.000026 seconds.
  path: Assets/Scenes/tileset_74.asset
  artifactKey: Guid(a0910a8144e86174aba47f75c5f060bf) Importer(815301076,1909f56bfc062723c751e8b465ee728b)
Start importing Assets/Scenes/tileset_74.asset using Guid(a0910a8144e86174aba47f75c5f060bf) Importer(815301076,1909f56bfc062723c751e8b465ee728b)  -> (artifact id: '8137d0c932d6eebe825e73cd5904273f') in 0.017382 seconds 
========================================================================
Received Import Request.
  Time since last request: 0.000028 seconds.
  path: Assets/Scenes/tileset_93.asset
  artifactKey: Guid(004440a39d6a01c46accf4e1dc32198a) Importer(815301076,1909f56bfc062723c751e8b465ee728b)
Start importing Assets/Scenes/tileset_93.asset using Guid(004440a39d6a01c46accf4e1dc32198a) Importer(815301076,1909f56bfc062723c751e8b465ee728b)  -> (artifact id: '82004582669bcd8ca1f8a3b1907efd49') in 0.013646 seconds 
========================================================================
Received Import Request.
  Time since last request: 0.000026 seconds.
  path: Assets/Scenes/tileset_80.asset
  artifactKey: Guid(c529775b79b7119408b9e6c08528a235) Importer(815301076,1909f56bfc062723c751e8b465ee728b)
Start importing Assets/Scenes/tileset_80.asset using Guid(c529775b79b7119408b9e6c08528a235) Importer(815301076,1909f56bfc062723c751e8b465ee728b)  -> (artifact id: '3a7291bbc5fd0496ee8ce7223420afbd') in 0.017858 seconds 
========================================================================
Received Import Request.
  Time since last request: 0.000048 seconds.
  path: Assets/Scenes/tileset_71.asset
  artifactKey: Guid(4e5b0e86618cbbb4ab84fa3229bbdb7f) Importer(815301076,1909f56bfc062723c751e8b465ee728b)
Start importing Assets/Scenes/tileset_71.asset using Guid(4e5b0e86618cbbb4ab84fa3229bbdb7f) Importer(815301076,1909f56bfc062723c751e8b465ee728b)  -> (artifact id: 'c34b34467b198d2d473e2a4e54a4ea7e') in 0.020511 seconds 
========================================================================
Received Import Request.
  Time since last request: 0.197241 seconds.
  path: Assets/Scenes/tileset_95.asset
  artifactKey: Guid(47cf0d319bbcb704284f3abfc072b150) Importer(815301076,1909f56bfc062723c751e8b465ee728b)
Start importing Assets/Scenes/tileset_95.asset using Guid(47cf0d319bbcb704284f3abfc072b150) Importer(815301076,1909f56bfc062723c751e8b465ee728b)  -> (artifact id: 'ca6d162986c8c6a52deddb3dfa77f8c2') in 0.012566 seconds 
========================================================================
Received Import Request.
  Time since last request: 0.000034 seconds.
  path: Assets/Scenes/tileset_101.asset
  artifactKey: Guid(dcc49042989207c4ebf0609e55f1ea78) Importer(815301076,1909f56bfc062723c751e8b465ee728b)
Start importing Assets/Scenes/tileset_101.asset using Guid(dcc49042989207c4ebf0609e55f1ea78) Importer(815301076,1909f56bfc062723c751e8b465ee728b)  -> (artifact id: 'e39896944c4412fd22fa2f368439e382') in 0.010342 seconds 
========================================================================
Received Import Request.
  Time since last request: 0.013855 seconds.
  path: Assets/Scenes/tileset_103.asset
  artifactKey: Guid(36dacbbd5d9b46d43b51d911f2664f12) Importer(815301076,1909f56bfc062723c751e8b465ee728b)
Start importing Assets/Scenes/tileset_103.asset using Guid(36dacbbd5d9b46d43b51d911f2664f12) Importer(815301076,1909f56bfc062723c751e8b465ee728b)  -> (artifact id: '608e27f2d5818d49f65c05d8cb37997f') in 0.016018 seconds 
========================================================================
Received Import Request.
  Time since last request: 80.960332 seconds.
  path: Assets/Scenes/New Palette.prefab
  artifactKey: Guid(de9af2f13fcb6bb4c9390f1415a503c0) Importer(815301076,1909f56bfc062723c751e8b465ee728b)
Start importing Assets/Scenes/New Palette.prefab using Guid(de9af2f13fcb6bb4c9390f1415a503c0) Importer(815301076,1909f56bfc062723c751e8b465ee728b)  -> (artifact id: 'eaad1df59796ef63f3c63c11e9831c1f') in 0.102276 seconds 
========================================================================
Received Import Request.
  Time since last request: 231.846520 seconds.
  path: ProjectSettings/TagManager.asset
  artifactKey: Guid(00000000000000003000000000000000) Importer(815301076,1909f56bfc062723c751e8b465ee728b)
Start importing ProjectSettings/TagManager.asset using Guid(00000000000000003000000000000000) Importer(815301076,1909f56bfc062723c751e8b465ee728b)  -> (artifact id: '30b682ace0a881bf204351cd1cb0310e') in 0.010512 seconds 
========================================================================
Received Import Request.
  Time since last request: 92.530956 seconds.
  path: Assets/GothicVania Church/Environment/tileset.png
  artifactKey: Guid(aaa6ed922388941e8a1e8c9a7cb2a712) Importer(815301076,1909f56bfc062723c751e8b465ee728b)
Start importing Assets/GothicVania Church/Environment/tileset.png using Guid(aaa6ed922388941e8a1e8c9a7cb2a712) Importer(815301076,1909f56bfc062723c751e8b465ee728b)  -> (artifact id: 'cf1b5473c7d0522a24de86a1ae1721ca') in 0.205958 seconds 
========================================================================
Received Import Request.
  Time since last request: 123.223740 seconds.
  path: Assets/Tiles/Castillo.prefab
  artifactKey: Guid(7d9ca6e267d83ca4db0f14083321b483) Importer(815301076,1909f56bfc062723c751e8b465ee728b)
Start importing Assets/Tiles/Castillo.prefab using Guid(7d9ca6e267d83ca4db0f14083321b483) Importer(815301076,1909f56bfc062723c751e8b465ee728b)  -> (artifact id: '0b979b34a65a7de8c0efc9a11654adef') in 0.105669 seconds 
========================================================================
Received Import Request.
  Time since last request: 0.000035 seconds.
  path: Assets/Tiles/tileset_6.asset
  artifactKey: Guid(cb86282c4fa8dcd499ec25cc42832e48) Importer(815301076,1909f56bfc062723c751e8b465ee728b)
Start importing Assets/Tiles/tileset_6.asset using Guid(cb86282c4fa8dcd499ec25cc42832e48) Importer(815301076,1909f56bfc062723c751e8b465ee728b)  -> (artifact id: 'b968cf0e6601a93185e3419e0827ab55') in 0.012272 seconds 
========================================================================
Received Import Request.
  Time since last request: 0.000048 seconds.
  path: Assets/Tiles/tileset_10.asset
  artifactKey: Guid(6bbce39bb13ba524d8de47f2cca807c5) Importer(815301076,1909f56bfc062723c751e8b465ee728b)
Start importing Assets/Tiles/tileset_10.asset using Guid(6bbce39bb13ba524d8de47f2cca807c5) Importer(815301076,1909f56bfc062723c751e8b465ee728b)  -> (artifact id: '48a18f216a3c0772168b7cc27eb93273') in 0.011808 seconds 
========================================================================
Received Import Request.
  Time since last request: 0.000025 seconds.
  path: Assets/Tiles/tileset_20.asset
  artifactKey: Guid(792936986ff56fb4f9105619932457bd) Importer(815301076,1909f56bfc062723c751e8b465ee728b)
Start importing Assets/Tiles/tileset_20.asset using Guid(792936986ff56fb4f9105619932457bd) Importer(815301076,1909f56bfc062723c751e8b465ee728b)  -> (artifact id: 'e55b2a7f8aae8657184f08b559a70a28') in 0.011024 seconds 
========================================================================
Received Import Request.
  Time since last request: 0.000024 seconds.
  path: Assets/Tiles/tileset_18.asset
  artifactKey: Guid(eaaf4b98a34df9c43b4e5304be5fdeff) Importer(815301076,1909f56bfc062723c751e8b465ee728b)
Start importing Assets/Tiles/tileset_18.asset using Guid(eaaf4b98a34df9c43b4e5304be5fdeff) Importer(815301076,1909f56bfc062723c751e8b465ee728b)  -> (artifact id: 'c85cf8c0b305dcf3c527acabd891f245') in 0.018622 seconds 
========================================================================
Received Import Request.
  Time since last request: 0.000027 seconds.
  path: Assets/Tiles/tileset_7.asset
  artifactKey: Guid(954d6479378654d4d97c334c0b6cb87e) Importer(815301076,1909f56bfc062723c751e8b465ee728b)
Start importing Assets/Tiles/tileset_7.asset using Guid(954d6479378654d4d97c334c0b6cb87e) Importer(815301076,1909f56bfc062723c751e8b465ee728b)  -> (artifact id: '6ce091b5bb6744211a8a85ba9ed904e4') in 0.010875 seconds 
========================================================================
Received Import Request.
  Time since last request: 0.000033 seconds.
  path: Assets/Tiles/tileset_12.asset
  artifactKey: Guid(c67e94af9a545e340ba233679b49196f) Importer(815301076,1909f56bfc062723c751e8b465ee728b)
Start importing Assets/Tiles/tileset_12.asset using Guid(c67e94af9a545e340ba233679b49196f) Importer(815301076,1909f56bfc062723c751e8b465ee728b)  -> (artifact id: '20f4e597f2974e4c29dc28b5c5294b55') in 0.019411 seconds 
========================================================================
Received Import Request.
  Time since last request: 0.000039 seconds.
  path: Assets/Tiles/tileset_16.asset
  artifactKey: Guid(d2e8dc3bc7925b14983d2c9adb14d398) Importer(815301076,1909f56bfc062723c751e8b465ee728b)
Start importing Assets/Tiles/tileset_16.asset using Guid(d2e8dc3bc7925b14983d2c9adb14d398) Importer(815301076,1909f56bfc062723c751e8b465ee728b)  -> (artifact id: 'd79b893bf8b826dbc3d0baf47648cf76') in 0.017779 seconds 
========================================================================
Received Import Request.
  Time since last request: 0.000028 seconds.
  path: Assets/Tiles/tileset_23.asset
  artifactKey: Guid(9bad16a1fef7d8d45bfd72e2ee2b983a) Importer(815301076,1909f56bfc062723c751e8b465ee728b)
Start importing Assets/Tiles/tileset_23.asset using Guid(9bad16a1fef7d8d45bfd72e2ee2b983a) Importer(815301076,1909f56bfc062723c751e8b465ee728b)  -> (artifact id: '50f10e70bb33b07945b4877c63964def') in 0.018132 seconds 
========================================================================
Received Import Request.
  Time since last request: 0.000028 seconds.
  path: Assets/Tiles/tileset_21.asset
  artifactKey: Guid(bd840470928bdcb4799c420a234fbdbd) Importer(815301076,1909f56bfc062723c751e8b465ee728b)
Start importing Assets/Tiles/tileset_21.asset using Guid(bd840470928bdcb4799c420a234fbdbd) Importer(815301076,1909f56bfc062723c751e8b465ee728b)  -> (artifact id: '678c19ff67b63d13df5bf58667814468') in 0.016324 seconds 
========================================================================
Received Import Request.
  Time since last request: 0.000025 seconds.
  path: Assets/Tiles/tileset_9.asset
  artifactKey: Guid(b3beecf2f1bdd4140893b574b506747f) Importer(815301076,1909f56bfc062723c751e8b465ee728b)
Start importing Assets/Tiles/tileset_9.asset using Guid(b3beecf2f1bdd4140893b574b506747f) Importer(815301076,1909f56bfc062723c751e8b465ee728b)  -> (artifact id: '496ec49b289e91d9708895ae16c8d452') in 0.015811 seconds 
Editor requested this worker to shutdown with reason: Scaling down because of idle timeout
AssetImportWorker is now disconnected from the server
Process exiting
Exiting without the bug reporter. Application will terminate with return code 0