Using pre-set license
Built from '2021.3/staging' branch; Version is '2021.3.20f1 (577897200b8b) revision 5732503'; Using compiler version '192829333'; Build Type 'Release'
OS: 'Windows 10  (10.0.19045) 64bit Professional' Language: 'es' Physical Memory: 16332 MB
BatchMode: 1, IsHumanControllingUs: 0, StartBugReporterOnCrash: 0, Is64bit: 1, IsPro: 1

COMMAND LINE ARGUMENTS:
C:\Program Files\Unity\Hub\Editor\2021.3.20f1\Editor\Unity.exe
-adb2
-batchMode
-noUpm
-name
AssetImportWorker11
-projectPath
C:/Users/f.robledo/Desktop/SACRED-HITMAN/My project (1)
-logFile
Logs/AssetImportWorker11.log
-srvPort
49300
Successfully changed project path to: C:/Users/f.robledo/Desktop/SACRED-HITMAN/My project (1)
C:/Users/f.robledo/Desktop/SACRED-HITMAN/My project (1)
[UnityMemory] Configuration Parameters - Can be set up in boot.config
    "memorysetup-bucket-allocator-granularity=16"
    "memorysetup-bucket-allocator-bucket-count=8"
    "memorysetup-bucket-allocator-block-size=33554432"
    "memorysetup-bucket-allocator-block-count=8"
    "memorysetup-main-allocator-block-size=16777216"
    "memorysetup-thread-allocator-block-size=16777216"
    "memorysetup-gfx-main-allocator-block-size=16777216"
    "memorysetup-gfx-thread-allocator-block-size=16777216"
    "memorysetup-cache-allocator-block-size=4194304"
    "memorysetup-typetree-allocator-block-size=2097152"
    "memorysetup-profiler-bucket-allocator-granularity=16"
    "memorysetup-profiler-bucket-allocator-bucket-count=8"
    "memorysetup-profiler-bucket-allocator-block-size=33554432"
    "memorysetup-profiler-bucket-allocator-block-count=8"
    "memorysetup-profiler-allocator-block-size=16777216"
    "memorysetup-profiler-editor-allocator-block-size=1048576"
    "memorysetup-temp-allocator-size-main=16777216"
    "memorysetup-job-temp-allocator-block-size=2097152"
    "memorysetup-job-temp-allocator-block-size-background=1048576"
    "memorysetup-job-temp-allocator-reduction-small-platforms=262144"
    "memorysetup-temp-allocator-size-background-worker=32768"
    "memorysetup-temp-allocator-size-job-worker=262144"
    "memorysetup-temp-allocator-size-preload-manager=33554432"
    "memorysetup-temp-allocator-size-nav-mesh-worker=65536"
    "memorysetup-temp-allocator-size-audio-worker=65536"
    "memorysetup-temp-allocator-size-cloud-worker=32768"
    "memorysetup-temp-allocator-size-gi-baking-worker=262144"
    "memorysetup-temp-allocator-size-gfx=262144"
Player connection [11668] Host "[IP] 192.168.42.82 [Port] 0 [Flags] 2 [Guid] 2719420031 [EditorId] 2719420031 [Version] 1048832 [Id] WindowsEditor(7,LAB2I5PC3) [Debug] 1 [PackageName] WindowsEditor [ProjectName] Editor" joined multi-casting on [225.0.0.222:54997]...

Player connection [11668] Host "[IP] 192.168.42.82 [Port] 0 [Flags] 2 [Guid] 2719420031 [EditorId] 2719420031 [Version] 1048832 [Id] WindowsEditor(7,LAB2I5PC3) [Debug] 1 [PackageName] WindowsEditor [ProjectName] Editor" joined alternative multi-casting on [225.0.0.222:34997]...

Refreshing native plugins compatible for Editor in 127.65 ms, found 4 plugins.
Preloading 0 native plugins for Editor in 0.00 ms.
Initialize engine version: 2021.3.20f1 (577897200b8b)
[Subsystems] Discovering subsystems at path C:/Program Files/Unity/Hub/Editor/2021.3.20f1/Editor/Data/Resources/UnitySubsystems
[Subsystems] Discovering subsystems at path C:/Users/f.robledo/Desktop/SACRED-HITMAN/My project (1)/Assets
GfxDevice: creating device client; threaded=0; jobified=0
Direct3D:
    Version:  Direct3D 11.0 [level 11.1]
    Renderer: NVIDIA GeForce GTX 1650 SUPER (ID=0x2187)
    Vendor:   NVIDIA
    VRAM:     3955 MB
    Driver:   31.0.15.1694
Initialize mono
Mono path[0] = 'C:/Program Files/Unity/Hub/Editor/2021.3.20f1/Editor/Data/Managed'
Mono path[1] = 'C:/Program Files/Unity/Hub/Editor/2021.3.20f1/Editor/Data/MonoBleedingEdge/lib/mono/unityjit-win32'
Mono config path = 'C:/Program Files/Unity/Hub/Editor/2021.3.20f1/Editor/Data/MonoBleedingEdge/etc'
Using monoOptions --debugger-agent=transport=dt_socket,embedding=1,server=y,suspend=n,address=127.0.0.1:56332
Begin MonoManager ReloadAssembly
Registering precompiled unity dll's ...
Register platform support module: C:/Program Files/Unity/Hub/Editor/2021.3.20f1/Editor/Data/PlaybackEngines/WebGLSupport/UnityEditor.WebGL.Extensions.dll
Register platform support module: C:/Program Files/Unity/Hub/Editor/2021.3.20f1/Editor/Data/PlaybackEngines/AndroidPlayer/UnityEditor.Android.Extensions.dll
Register platform support module: C:/Program Files/Unity/Hub/Editor/2021.3.20f1/Editor/Data/PlaybackEngines/WindowsStandaloneSupport/UnityEditor.WindowsStandalone.Extensions.dll
Register platform support module: C:/Program Files/Unity/Hub/Editor/2021.3.20f1/Editor/Data/PlaybackEngines/MetroSupport/UnityEditor.UWP.Extensions.dll
Registered in 0.012877 seconds.
Native extension for UWP target not found
Native extension for WindowsStandalone target not found
Native extension for Android target not found
Android Extension - Scanning For ADB Devices 354 ms
Native extension for WebGL target not found
Refreshing native plugins compatible for Editor in 109.09 ms, found 4 plugins.
Preloading 0 native plugins for Editor in 0.00 ms.
Mono: successfully reloaded assembly
- Completed reload, in  1.172 seconds
Domain Reload Profiling:
	ReloadAssembly (1172ms)
		BeginReloadAssembly (120ms)
			ExecutionOrderSort (0ms)
			DisableScriptedObjects (0ms)
			BackupInstance (0ms)
			ReleaseScriptingObjects (0ms)
			CreateAndSetChildDomain (1ms)
		EndReloadAssembly (919ms)
			LoadAssemblies (118ms)
			RebuildTransferFunctionScriptingTraits (0ms)
			SetupTypeCache (128ms)
			ReleaseScriptCaches (0ms)
			RebuildScriptCaches (31ms)
			SetupLoadedEditorAssemblies (697ms)
				LogAssemblyErrors (0ms)
				InitializePlatformSupportModulesInManaged (434ms)
				SetLoadedEditorAssemblies (0ms)
				RefreshPlugins (109ms)
				BeforeProcessingInitializeOnLoad (1ms)
				ProcessInitializeOnLoadAttributes (100ms)
				ProcessInitializeOnLoadMethodAttributes (52ms)
				AfterProcessingInitializeOnLoad (0ms)
				EditorAssembliesLoaded (0ms)
			ExecutionOrderSort2 (0ms)
			AwakeInstancesAfterBackupRestoration (0ms)
Platform modules already initialized, skipping
Registering precompiled user dll's ...
Registered in 0.011420 seconds.
Begin MonoManager ReloadAssembly
Symbol file LoadedFromMemory doesn't match image C:\Users\f.robledo\Desktop\SACRED-HITMAN\My project (1)\Library\PackageCache\com.unity.visualscripting@1.8.0\Editor\VisualScripting.Core\Dependencies\YamlDotNet\Unity.VisualScripting.YamlDotNet.dll
Symbol file LoadedFromMemory doesn't match image C:\Users\f.robledo\Desktop\SACRED-HITMAN\My project (1)\Library\PackageCache\com.unity.visualscripting@1.8.0\Editor\VisualScripting.Core\Dependencies\DotNetZip\Unity.VisualScripting.IonicZip.dll
Native extension for UWP target not found
Native extension for WindowsStandalone target not found
Native extension for Android target not found
Native extension for WebGL target not found
Refreshing native plugins compatible for Editor in 108.51 ms, found 4 plugins.
Preloading 0 native plugins for Editor in 0.00 ms.
Mono: successfully reloaded assembly
- Completed reload, in  1.353 seconds
Domain Reload Profiling:
	ReloadAssembly (1354ms)
		BeginReloadAssembly (144ms)
			ExecutionOrderSort (0ms)
			DisableScriptedObjects (7ms)
			BackupInstance (0ms)
			ReleaseScriptingObjects (0ms)
			CreateAndSetChildDomain (22ms)
		EndReloadAssembly (1068ms)
			LoadAssemblies (120ms)
			RebuildTransferFunctionScriptingTraits (0ms)
			SetupTypeCache (283ms)
			ReleaseScriptCaches (1ms)
			RebuildScriptCaches (63ms)
			SetupLoadedEditorAssemblies (561ms)
				LogAssemblyErrors (0ms)
				InitializePlatformSupportModulesInManaged (39ms)
				SetLoadedEditorAssemblies (0ms)
				RefreshPlugins (109ms)
				BeforeProcessingInitializeOnLoad (117ms)
				ProcessInitializeOnLoadAttributes (241ms)
				ProcessInitializeOnLoadMethodAttributes (44ms)
				AfterProcessingInitializeOnLoad (11ms)
				EditorAssembliesLoaded (0ms)
			ExecutionOrderSort2 (0ms)
			AwakeInstancesAfterBackupRestoration (6ms)
Platform modules already initialized, skipping
========================================================================
Worker process is ready to serve import requests
Launched and connected shader compiler UnityShaderCompiler.exe after 0.05 seconds
Refreshing native plugins compatible for Editor in 1.39 ms, found 4 plugins.
Preloading 0 native plugins for Editor in 0.00 ms.
Unloading 3740 Unused Serialized files (Serialized files now loaded: 0)
Unloading 35 unused Assets / (56.4 KB). Loaded Objects now: 4202.
Memory consumption went from 143.0 MB to 143.0 MB.
Total: 3.603200 ms (FindLiveObjects: 0.348300 ms CreateObjectMapping: 0.100100 ms MarkObjects: 3.071400 ms  DeleteObjects: 0.082300 ms)

AssetImportParameters requested are different than current active one (requested -> active):
  custom:video-decoder-ogg-theora: a1e56fd34408186e4bbccfd4996cb3dc -> 
  custom:container-muxer-webm: aa71ff27fc2769a1b78a27578f13a17b -> 
  custom:container-demuxer-webm: 4f35f7cbe854078d1ac9338744f61a02 -> 
  custom:video-encoder-webm-vp8: eb34c28f22e8b96e1ab97ce403110664 -> 
  custom:audio-encoder-webm-vorbis: bf7c407c2cedff20999df2af8eb42d56 -> 
  custom:framework-win-MediaFoundation: 216162199b28c13a410421893ffa2e32 -> 
  custom:container-demuxer-ogg: 62fdf1f143b41e24485cea50d1cbac27 -> 
  custom:video-decoder-webm-vp8: 9c59270c3fd7afecdb556c50c9e8de78 -> 
  custom:audio-decoder-ogg-vorbis: bf7c407c2cedff20999df2af8eb42d56 -> 
========================================================================
Received Import Request.
  Time since last request: 14180.479618 seconds.
  path: Assets/GothicVania Church/Environment/Castillo.prefab
  artifactKey: Guid(7d9ca6e267d83ca4db0f14083321b483) Importer(815301076,1909f56bfc062723c751e8b465ee728b)
Start importing Assets/GothicVania Church/Environment/Castillo.prefab using Guid(7d9ca6e267d83ca4db0f14083321b483) Importer(815301076,1909f56bfc062723c751e8b465ee728b)  -> (artifact id: 'd1c5d630fd7919f554a3faf1b3d161b2') in 0.119370 seconds 
========================================================================
Received Prepare
Registering precompiled user dll's ...
Registered in 0.009329 seconds.
Begin MonoManager ReloadAssembly
Symbol file LoadedFromMemory doesn't match image C:\Users\f.robledo\Desktop\SACRED-HITMAN\My project (1)\Library\PackageCache\com.unity.visualscripting@1.8.0\Editor\VisualScripting.Core\Dependencies\YamlDotNet\Unity.VisualScripting.YamlDotNet.dll
Symbol file LoadedFromMemory doesn't match image C:\Users\f.robledo\Desktop\SACRED-HITMAN\My project (1)\Library\PackageCache\com.unity.visualscripting@1.8.0\Editor\VisualScripting.Core\Dependencies\DotNetZip\Unity.VisualScripting.IonicZip.dll
Native extension for UWP target not found
Native extension for WindowsStandalone target not found
Native extension for Android target not found
Native extension for WebGL target not found
Refreshing native plugins compatible for Editor in 0.86 ms, found 4 plugins.
Preloading 0 native plugins for Editor in 0.00 ms.
Mono: successfully reloaded assembly
- Completed reload, in  1.231 seconds
Domain Reload Profiling:
	ReloadAssembly (1231ms)
		BeginReloadAssembly (180ms)
			ExecutionOrderSort (0ms)
			DisableScriptedObjects (7ms)
			BackupInstance (0ms)
			ReleaseScriptingObjects (0ms)
			CreateAndSetChildDomain (47ms)
		EndReloadAssembly (933ms)
			LoadAssemblies (124ms)
			RebuildTransferFunctionScriptingTraits (0ms)
			SetupTypeCache (282ms)
			ReleaseScriptCaches (2ms)
			RebuildScriptCaches (56ms)
			SetupLoadedEditorAssemblies (427ms)
				LogAssemblyErrors (0ms)
				InitializePlatformSupportModulesInManaged (27ms)
				SetLoadedEditorAssemblies (0ms)
				RefreshPlugins (1ms)
				BeforeProcessingInitializeOnLoad (89ms)
				ProcessInitializeOnLoadAttributes (259ms)
				ProcessInitializeOnLoadMethodAttributes (37ms)
				AfterProcessingInitializeOnLoad (13ms)
				EditorAssembliesLoaded (0ms)
			ExecutionOrderSort2 (0ms)
			AwakeInstancesAfterBackupRestoration (10ms)
Platform modules already initialized, skipping
Refreshing native plugins compatible for Editor in 3.47 ms, found 4 plugins.
Preloading 0 native plugins for Editor in 0.00 ms.
Unloading 3728 Unused Serialized files (Serialized files now loaded: 0)
Unloading 22 unused Assets / (24.7 KB). Loaded Objects now: 4213.
Memory consumption went from 146.3 MB to 146.3 MB.
Total: 3.501600 ms (FindLiveObjects: 0.311600 ms CreateObjectMapping: 0.099300 ms MarkObjects: 3.058100 ms  DeleteObjects: 0.031400 ms)

AssetImportParameters requested are different than current active one (requested -> active):
  custom:video-decoder-ogg-theora: a1e56fd34408186e4bbccfd4996cb3dc -> 
  custom:container-muxer-webm: aa71ff27fc2769a1b78a27578f13a17b -> 
  custom:container-demuxer-webm: 4f35f7cbe854078d1ac9338744f61a02 -> 
  custom:video-encoder-webm-vp8: eb34c28f22e8b96e1ab97ce403110664 -> 
  custom:audio-encoder-webm-vorbis: bf7c407c2cedff20999df2af8eb42d56 -> 
  custom:framework-win-MediaFoundation: 216162199b28c13a410421893ffa2e32 -> 
  custom:container-demuxer-ogg: 62fdf1f143b41e24485cea50d1cbac27 -> 
  custom:video-decoder-webm-vp8: 9c59270c3fd7afecdb556c50c9e8de78 -> 
  custom:audio-decoder-ogg-vorbis: bf7c407c2cedff20999df2af8eb42d56 -> 
========================================================================
Received Prepare
Registering precompiled user dll's ...
Registered in 0.009451 seconds.
Begin MonoManager ReloadAssembly
Symbol file LoadedFromMemory doesn't match image C:\Users\f.robledo\Desktop\SACRED-HITMAN\My project (1)\Library\PackageCache\com.unity.visualscripting@1.8.0\Editor\VisualScripting.Core\Dependencies\YamlDotNet\Unity.VisualScripting.YamlDotNet.dll
Symbol file LoadedFromMemory doesn't match image C:\Users\f.robledo\Desktop\SACRED-HITMAN\My project (1)\Library\PackageCache\com.unity.visualscripting@1.8.0\Editor\VisualScripting.Core\Dependencies\DotNetZip\Unity.VisualScripting.IonicZip.dll
Native extension for UWP target not found
Native extension for WindowsStandalone target not found
Native extension for Android target not found
Native extension for WebGL target not found
Refreshing native plugins compatible for Editor in 1.60 ms, found 4 plugins.
Preloading 0 native plugins for Editor in 0.00 ms.
Mono: successfully reloaded assembly
- Completed reload, in  1.284 seconds
Domain Reload Profiling:
	ReloadAssembly (1285ms)
		BeginReloadAssembly (174ms)
			ExecutionOrderSort (0ms)
			DisableScriptedObjects (8ms)
			BackupInstance (0ms)
			ReleaseScriptingObjects (0ms)
			CreateAndSetChildDomain (45ms)
		EndReloadAssembly (981ms)
			LoadAssemblies (133ms)
			RebuildTransferFunctionScriptingTraits (0ms)
			SetupTypeCache (324ms)
			ReleaseScriptCaches (2ms)
			RebuildScriptCaches (65ms)
			SetupLoadedEditorAssemblies (408ms)
				LogAssemblyErrors (0ms)
				InitializePlatformSupportModulesInManaged (30ms)
				SetLoadedEditorAssemblies (1ms)
				RefreshPlugins (2ms)
				BeforeProcessingInitializeOnLoad (94ms)
				ProcessInitializeOnLoadAttributes (228ms)
				ProcessInitializeOnLoadMethodAttributes (42ms)
				AfterProcessingInitializeOnLoad (12ms)
				EditorAssembliesLoaded (0ms)
			ExecutionOrderSort2 (0ms)
			AwakeInstancesAfterBackupRestoration (10ms)
Platform modules already initialized, skipping
Refreshing native plugins compatible for Editor in 3.03 ms, found 4 plugins.
Preloading 0 native plugins for Editor in 0.00 ms.
Unloading 3728 Unused Serialized files (Serialized files now loaded: 0)
Unloading 22 unused Assets / (24.5 KB). Loaded Objects now: 4216.
Memory consumption went from 146.3 MB to 146.3 MB.
Total: 4.292600 ms (FindLiveObjects: 0.355000 ms CreateObjectMapping: 0.122800 ms MarkObjects: 3.776400 ms  DeleteObjects: 0.037100 ms)

AssetImportParameters requested are different than current active one (requested -> active):
  custom:video-decoder-ogg-theora: a1e56fd34408186e4bbccfd4996cb3dc -> 
  custom:container-muxer-webm: aa71ff27fc2769a1b78a27578f13a17b -> 
  custom:container-demuxer-webm: 4f35f7cbe854078d1ac9338744f61a02 -> 
  custom:video-encoder-webm-vp8: eb34c28f22e8b96e1ab97ce403110664 -> 
  custom:audio-encoder-webm-vorbis: bf7c407c2cedff20999df2af8eb42d56 -> 
  custom:framework-win-MediaFoundation: 216162199b28c13a410421893ffa2e32 -> 
  custom:container-demuxer-ogg: 62fdf1f143b41e24485cea50d1cbac27 -> 
  custom:video-decoder-webm-vp8: 9c59270c3fd7afecdb556c50c9e8de78 -> 
  custom:audio-decoder-ogg-vorbis: bf7c407c2cedff20999df2af8eb42d56 -> 
========================================================================
Received Import Request.
  Time since last request: 421.854676 seconds.
  path: Assets/Tiles/tileset_15.asset
  artifactKey: Guid(0cd155775403dde4ab1e57db91162b86) Importer(815301076,1909f56bfc062723c751e8b465ee728b)
Start importing Assets/Tiles/tileset_15.asset using Guid(0cd155775403dde4ab1e57db91162b86) Importer(815301076,1909f56bfc062723c751e8b465ee728b)  -> (artifact id: 'ad8eb72990feeba88f743f832c1b3d11') in 0.064936 seconds 
========================================================================
Received Import Request.
  Time since last request: 0.000065 seconds.
  path: Assets/Tiles/tileset_36.asset
  artifactKey: Guid(5f444eb4032ae154c8f27a4697884b98) Importer(815301076,1909f56bfc062723c751e8b465ee728b)
Start importing Assets/Tiles/tileset_36.asset using Guid(5f444eb4032ae154c8f27a4697884b98) Importer(815301076,1909f56bfc062723c751e8b465ee728b)  -> (artifact id: '5e1d7f886f5204594e0dabbadb7158ab') in 0.022436 seconds 
========================================================================
Received Import Request.
  Time since last request: 0.000063 seconds.
  path: Assets/Tiles/tileset_33.asset
  artifactKey: Guid(650bca9d1ed74c24191c689458ff56e7) Importer(815301076,1909f56bfc062723c751e8b465ee728b)
Start importing Assets/Tiles/tileset_33.asset using Guid(650bca9d1ed74c24191c689458ff56e7) Importer(815301076,1909f56bfc062723c751e8b465ee728b)  -> (artifact id: '30e95f8982969f680a5db2f085d42ab0') in 0.017295 seconds 
========================================================================
Received Import Request.
  Time since last request: 0.000033 seconds.
  path: Assets/Tiles/tileset_39.asset
  artifactKey: Guid(76bce8a88f4267d4c940589c078c4bfd) Importer(815301076,1909f56bfc062723c751e8b465ee728b)
Start importing Assets/Tiles/tileset_39.asset using Guid(76bce8a88f4267d4c940589c078c4bfd) Importer(815301076,1909f56bfc062723c751e8b465ee728b)  -> (artifact id: 'dec0e13f33dd51c10fa5142262249a04') in 0.020913 seconds 
========================================================================
Received Import Request.
  Time since last request: 0.000030 seconds.
  path: Assets/Tiles/tileset_34.asset
  artifactKey: Guid(5bfddd39cfd66e740b205c0286c0456c) Importer(815301076,1909f56bfc062723c751e8b465ee728b)
Start importing Assets/Tiles/tileset_34.asset using Guid(5bfddd39cfd66e740b205c0286c0456c) Importer(815301076,1909f56bfc062723c751e8b465ee728b)  -> (artifact id: '0e0aedae1d4701d1d56f252705b2a0a3') in 0.015055 seconds 
========================================================================
Received Import Request.
  Time since last request: 0.000025 seconds.
  path: Assets/Tiles/tileset_18.asset
  artifactKey: Guid(eaaf4b98a34df9c43b4e5304be5fdeff) Importer(815301076,1909f56bfc062723c751e8b465ee728b)
Start importing Assets/Tiles/tileset_18.asset using Guid(eaaf4b98a34df9c43b4e5304be5fdeff) Importer(815301076,1909f56bfc062723c751e8b465ee728b)  -> (artifact id: '36f7cc8505fae85224d92c1607bdd033') in 0.019609 seconds 
========================================================================
Received Import Request.
  Time since last request: 0.000027 seconds.
  path: Assets/Tiles/tileset_19.asset
  artifactKey: Guid(1f83e2c5301b6dc448ffe8695f00469f) Importer(815301076,1909f56bfc062723c751e8b465ee728b)
Start importing Assets/Tiles/tileset_19.asset using Guid(1f83e2c5301b6dc448ffe8695f00469f) Importer(815301076,1909f56bfc062723c751e8b465ee728b)  -> (artifact id: '4d34046197a1c6ac75a926e471f40c1d') in 0.009493 seconds 
========================================================================
Received Import Request.
  Time since last request: 0.000030 seconds.
  path: Assets/Tiles/tileset_22.asset
  artifactKey: Guid(0168daabd1c1d954b9cb13b8d489e4dd) Importer(815301076,1909f56bfc062723c751e8b465ee728b)
Start importing Assets/Tiles/tileset_22.asset using Guid(0168daabd1c1d954b9cb13b8d489e4dd) Importer(815301076,1909f56bfc062723c751e8b465ee728b)  -> (artifact id: '819e2715022e1846e034894efce465e3') in 0.009534 seconds 
========================================================================
Received Import Request.
  Time since last request: 0.000027 seconds.
  path: Assets/Tiles/tileset_23.asset
  artifactKey: Guid(9bad16a1fef7d8d45bfd72e2ee2b983a) Importer(815301076,1909f56bfc062723c751e8b465ee728b)
Start importing Assets/Tiles/tileset_23.asset using Guid(9bad16a1fef7d8d45bfd72e2ee2b983a) Importer(815301076,1909f56bfc062723c751e8b465ee728b)  -> (artifact id: 'ff40b4e64d57102c76710338af94e337') in 0.010197 seconds 
========================================================================
Received Import Request.
  Time since last request: 0.000025 seconds.
  path: Assets/Tiles/tileset_38.asset
  artifactKey: Guid(8bddbdfaad15d33488ad6a1e82ab0da1) Importer(815301076,1909f56bfc062723c751e8b465ee728b)
Start importing Assets/Tiles/tileset_38.asset using Guid(8bddbdfaad15d33488ad6a1e82ab0da1) Importer(815301076,1909f56bfc062723c751e8b465ee728b)  -> (artifact id: '551fd9115a95bae381a1a84a4c8a0363') in 0.016380 seconds 
========================================================================
Received Import Request.
  Time since last request: 0.000030 seconds.
  path: Assets/Tiles/tileset_27.asset
  artifactKey: Guid(397cf2fc59329de45969af68f9465962) Importer(815301076,1909f56bfc062723c751e8b465ee728b)
Start importing Assets/Tiles/tileset_27.asset using Guid(397cf2fc59329de45969af68f9465962) Importer(815301076,1909f56bfc062723c751e8b465ee728b)  -> (artifact id: 'e118275024c76d0815962ff514cf31de') in 0.019836 seconds 
========================================================================
Received Import Request.
  Time since last request: 0.000032 seconds.
  path: Assets/Tiles/tileset_26.asset
  artifactKey: Guid(091a12094b6ba824b9a4a82a25285551) Importer(815301076,1909f56bfc062723c751e8b465ee728b)
Start importing Assets/Tiles/tileset_26.asset using Guid(091a12094b6ba824b9a4a82a25285551) Importer(815301076,1909f56bfc062723c751e8b465ee728b)  -> (artifact id: '1a78439ce3c266756eac1a4c35b7170b') in 0.009782 seconds 
========================================================================
Received Import Request.
  Time since last request: 0.000032 seconds.
  path: Assets/Tiles/tileset_37.asset
  artifactKey: Guid(0333453cb0ab5bb48b4a37000bed4242) Importer(815301076,1909f56bfc062723c751e8b465ee728b)
Start importing Assets/Tiles/tileset_37.asset using Guid(0333453cb0ab5bb48b4a37000bed4242) Importer(815301076,1909f56bfc062723c751e8b465ee728b)  -> (artifact id: '96a3a4af7fe4b4eb5ae139264ccb3f50') in 0.016545 seconds 
========================================================================
Received Import Request.
  Time since last request: 0.319298 seconds.
  path: Assets/Tiles/tileset_7.asset
  artifactKey: Guid(954d6479378654d4d97c334c0b6cb87e) Importer(815301076,1909f56bfc062723c751e8b465ee728b)
Start importing Assets/Tiles/tileset_7.asset using Guid(954d6479378654d4d97c334c0b6cb87e) Importer(815301076,1909f56bfc062723c751e8b465ee728b)  -> (artifact id: '0a7229e1473e593885fc1f591d4a8f71') in 0.015776 seconds 
========================================================================
Received Import Request.
  Time since last request: 0.000047 seconds.
  path: Assets/Tiles/tileset_13.asset
  artifactKey: Guid(47bc98aa5e198fe498e639afdf92e4a5) Importer(815301076,1909f56bfc062723c751e8b465ee728b)
Start importing Assets/Tiles/tileset_13.asset using Guid(47bc98aa5e198fe498e639afdf92e4a5) Importer(815301076,1909f56bfc062723c751e8b465ee728b)  -> (artifact id: '2b31e60fb5651591207644ab52206faa') in 0.016299 seconds 
========================================================================
Received Import Request.
  Time since last request: 0.000026 seconds.
  path: Assets/Tiles/tileset_12.asset
  artifactKey: Guid(c67e94af9a545e340ba233679b49196f) Importer(815301076,1909f56bfc062723c751e8b465ee728b)
Start importing Assets/Tiles/tileset_12.asset using Guid(c67e94af9a545e340ba233679b49196f) Importer(815301076,1909f56bfc062723c751e8b465ee728b)  -> (artifact id: 'dd4b3492876117554cd80e00a6fa9ad2') in 0.011795 seconds 
========================================================================
Received Import Request.
  Time since last request: 0.000054 seconds.
  path: Assets/Tiles/tileset_2.asset
  artifactKey: Guid(8915d360454cb924f987b19c0e9cf08e) Importer(815301076,1909f56bfc062723c751e8b465ee728b)
Start importing Assets/Tiles/tileset_2.asset using Guid(8915d360454cb924f987b19c0e9cf08e) Importer(815301076,1909f56bfc062723c751e8b465ee728b)  -> (artifact id: '27eeaa3be968f290c5b837e113e56ad4') in 0.019621 seconds 
========================================================================
Received Import Request.
  Time since last request: 0.000066 seconds.
  path: Assets/Tiles/tileset_4.asset
  artifactKey: Guid(84c74a432ab6c3b4b8dd1ef748b6b578) Importer(815301076,1909f56bfc062723c751e8b465ee728b)
Start importing Assets/Tiles/tileset_4.asset using Guid(84c74a432ab6c3b4b8dd1ef748b6b578) Importer(815301076,1909f56bfc062723c751e8b465ee728b)  -> (artifact id: 'bc938652e63e0fbaab525b26b2ce59d0') in 0.009721 seconds 
========================================================================
Received Import Request.
  Time since last request: 0.000033 seconds.
  path: Assets/Tiles/tileset_5.asset
  artifactKey: Guid(ad6f9036b978ae043abacf363f821a33) Importer(815301076,1909f56bfc062723c751e8b465ee728b)
Start importing Assets/Tiles/tileset_5.asset using Guid(ad6f9036b978ae043abacf363f821a33) Importer(815301076,1909f56bfc062723c751e8b465ee728b)  -> (artifact id: '09e43f2faa2afb98a1d557de449204b7') in 0.009058 seconds 
========================================================================
Received Import Request.
  Time since last request: 0.000036 seconds.
  path: Assets/Tiles/tileset_0.asset
  artifactKey: Guid(f64700fa51aba834bbce1753c00a2a5f) Importer(815301076,1909f56bfc062723c751e8b465ee728b)
Start importing Assets/Tiles/tileset_0.asset using Guid(f64700fa51aba834bbce1753c00a2a5f) Importer(815301076,1909f56bfc062723c751e8b465ee728b)  -> (artifact id: '4fe9e32463e207de3b0c994ea49d0d8f') in 0.018910 seconds 
========================================================================
Received Import Request.
  Time since last request: 0.000034 seconds.
  path: Assets/Tiles/tileset_14.asset
  artifactKey: Guid(3e730e2b57495eb4180e839803f62463) Importer(815301076,1909f56bfc062723c751e8b465ee728b)
Start importing Assets/Tiles/tileset_14.asset using Guid(3e730e2b57495eb4180e839803f62463) Importer(815301076,1909f56bfc062723c751e8b465ee728b)  -> (artifact id: '2379227dc8a08cda766548b90d55fb49') in 0.007957 seconds 
========================================================================
Received Import Request.
  Time since last request: 0.000030 seconds.
  path: Assets/Tiles/tileset_9.asset
  artifactKey: Guid(b3beecf2f1bdd4140893b574b506747f) Importer(815301076,1909f56bfc062723c751e8b465ee728b)
Start importing Assets/Tiles/tileset_9.asset using Guid(b3beecf2f1bdd4140893b574b506747f) Importer(815301076,1909f56bfc062723c751e8b465ee728b)  -> (artifact id: 'e6f7c473b070897e2e95c8c5eba589e2') in 0.013777 seconds 
========================================================================
Received Import Request.
  Time since last request: 0.204228 seconds.
  path: Assets/Tiles/tileset_40.asset
  artifactKey: Guid(652401dfa8f20cd4f87f888ab5791971) Importer(815301076,1909f56bfc062723c751e8b465ee728b)
Start importing Assets/Tiles/tileset_40.asset using Guid(652401dfa8f20cd4f87f888ab5791971) Importer(815301076,1909f56bfc062723c751e8b465ee728b)  -> (artifact id: '09f4b5f6eb979d821e3a7d2775172558') in 0.016779 seconds 
========================================================================
Received Import Request.
  Time since last request: 0.000035 seconds.
  path: Assets/Tiles/tileset_42.asset
  artifactKey: Guid(9279dfc725e861e4dbcca02103ec8bc8) Importer(815301076,1909f56bfc062723c751e8b465ee728b)
Start importing Assets/Tiles/tileset_42.asset using Guid(9279dfc725e861e4dbcca02103ec8bc8) Importer(815301076,1909f56bfc062723c751e8b465ee728b)  -> (artifact id: '50be4d865b35d2621c3337c20e2d1cf1') in 0.015469 seconds 
========================================================================
Received Import Request.
  Time since last request: 0.000033 seconds.
  path: Assets/Tiles/tileset_45.asset
  artifactKey: Guid(94095bfb37671504b8b8ed78315dc3d3) Importer(815301076,1909f56bfc062723c751e8b465ee728b)
Start importing Assets/Tiles/tileset_45.asset using Guid(94095bfb37671504b8b8ed78315dc3d3) Importer(815301076,1909f56bfc062723c751e8b465ee728b)  -> (artifact id: '72ebe6e250ef3020c2c83bfa8d2ef8e0') in 0.018259 seconds 
========================================================================
Received Import Request.
  Time since last request: 0.000039 seconds.
  path: Assets/Tiles/tileset_46.asset
  artifactKey: Guid(b1b22f7d8e694c448a09d740364d4c4f) Importer(815301076,1909f56bfc062723c751e8b465ee728b)
Start importing Assets/Tiles/tileset_46.asset using Guid(b1b22f7d8e694c448a09d740364d4c4f) Importer(815301076,1909f56bfc062723c751e8b465ee728b)  -> (artifact id: 'cead443482c4595aa193081e063a16df') in 0.017221 seconds 
========================================================================
Received Import Request.
  Time since last request: 3.416491 seconds.
  path: Assets/Scenes/New Palette.prefab
  artifactKey: Guid(de9af2f13fcb6bb4c9390f1415a503c0) Importer(815301076,1909f56bfc062723c751e8b465ee728b)
Start importing Assets/Scenes/New Palette.prefab using Guid(de9af2f13fcb6bb4c9390f1415a503c0) Importer(815301076,1909f56bfc062723c751e8b465ee728b)  -> (artifact id: 'ed67f4f11a694a88ededfe55a4131f5e') in 0.122848 seconds 
========================================================================
Received Import Request.
  Time since last request: 0.000130 seconds.
  path: Assets/Scenes/tileset_19.asset
  artifactKey: Guid(2127fe0785b91094dae46a3d304e96e7) Importer(815301076,1909f56bfc062723c751e8b465ee728b)
Start importing Assets/Scenes/tileset_19.asset using Guid(2127fe0785b91094dae46a3d304e96e7) Importer(815301076,1909f56bfc062723c751e8b465ee728b)  -> (artifact id: '26c51489e8e8bffaa86a04b39e8402fd') in 0.020195 seconds 
========================================================================
Received Import Request.
  Time since last request: 0.000030 seconds.
  path: Assets/Scenes/tileset_7.asset
  artifactKey: Guid(ebaff72adac378249b11fbbe108e3af4) Importer(815301076,1909f56bfc062723c751e8b465ee728b)
Start importing Assets/Scenes/tileset_7.asset using Guid(ebaff72adac378249b11fbbe108e3af4) Importer(815301076,1909f56bfc062723c751e8b465ee728b)  -> (artifact id: '0ec8e0d9162a72e4c43ed50b0ecc2505') in 0.013076 seconds 
========================================================================
Received Import Request.
  Time since last request: 0.000032 seconds.
  path: Assets/Scenes/tileset_14.asset
  artifactKey: Guid(02607809709adcf4daf1700ec0b52cd4) Importer(815301076,1909f56bfc062723c751e8b465ee728b)
Start importing Assets/Scenes/tileset_14.asset using Guid(02607809709adcf4daf1700ec0b52cd4) Importer(815301076,1909f56bfc062723c751e8b465ee728b)  -> (artifact id: 'c8f4582fe9edbea534ff8da51bebb6ed') in 0.008956 seconds 
========================================================================
Received Import Request.
  Time since last request: 0.000046 seconds.
  path: Assets/Scenes/tileset_4.asset
  artifactKey: Guid(6b5913f707f52f748aa57e741f25b8ad) Importer(815301076,1909f56bfc062723c751e8b465ee728b)
Start importing Assets/Scenes/tileset_4.asset using Guid(6b5913f707f52f748aa57e741f25b8ad) Importer(815301076,1909f56bfc062723c751e8b465ee728b)  -> (artifact id: '5a59e12ab5d7464b3fb9d00f9b8381ee') in 0.010565 seconds 
========================================================================
Received Import Request.
  Time since last request: 0.000028 seconds.
  path: Assets/Scenes/tileset_6.asset
  artifactKey: Guid(a7cafb88241e4fe45a6df59fe9c8c825) Importer(815301076,1909f56bfc062723c751e8b465ee728b)
Start importing Assets/Scenes/tileset_6.asset using Guid(a7cafb88241e4fe45a6df59fe9c8c825) Importer(815301076,1909f56bfc062723c751e8b465ee728b)  -> (artifact id: '9b1bf5bb15e361b729b46842646819e4') in 0.009846 seconds 
========================================================================
Received Import Request.
  Time since last request: 0.000033 seconds.
  path: Assets/Scenes/tileset_5.asset
  artifactKey: Guid(709b8a1fa9cc65a408b0cfaad41ec48c) Importer(815301076,1909f56bfc062723c751e8b465ee728b)
Start importing Assets/Scenes/tileset_5.asset using Guid(709b8a1fa9cc65a408b0cfaad41ec48c) Importer(815301076,1909f56bfc062723c751e8b465ee728b)  -> (artifact id: 'ce207611068c48e883af25c5dfc8ceb5') in 0.009321 seconds 
========================================================================
Received Import Request.
  Time since last request: 0.000038 seconds.
  path: Assets/Scenes/tileset_10.asset
  artifactKey: Guid(2a43435636d231f4d95aaf1f25100d6e) Importer(815301076,1909f56bfc062723c751e8b465ee728b)
Start importing Assets/Scenes/tileset_10.asset using Guid(2a43435636d231f4d95aaf1f25100d6e) Importer(815301076,1909f56bfc062723c751e8b465ee728b)  -> (artifact id: 'c2711726f3167ef8b8e09cf99fb31214') in 0.019194 seconds 
========================================================================
Received Import Request.
  Time since last request: 1.764733 seconds.
  path: Assets/Scenes/tileset_22.asset
  artifactKey: Guid(0c59c303fdb7bcb4a8c75a3f000dcfc9) Importer(815301076,1909f56bfc062723c751e8b465ee728b)
Start importing Assets/Scenes/tileset_22.asset using Guid(0c59c303fdb7bcb4a8c75a3f000dcfc9) Importer(815301076,1909f56bfc062723c751e8b465ee728b)  -> (artifact id: 'e1a26869c370532918e168a2217adb70') in 0.009390 seconds 
========================================================================
Received Import Request.
  Time since last request: 0.000027 seconds.
  path: Assets/Scenes/tileset_26.asset
  artifactKey: Guid(6282f8a8bb11c3342ab21938c6a553a3) Importer(815301076,1909f56bfc062723c751e8b465ee728b)
Start importing Assets/Scenes/tileset_26.asset using Guid(6282f8a8bb11c3342ab21938c6a553a3) Importer(815301076,1909f56bfc062723c751e8b465ee728b)  -> (artifact id: '4eba5b35a74e6e11d2f31a989cda9b8b') in 0.008936 seconds 
========================================================================
Received Import Request.
  Time since last request: 0.000044 seconds.
  path: Assets/Scenes/tileset_29.asset
  artifactKey: Guid(c80f7fa4bade98e4287bc1401faa91d6) Importer(815301076,1909f56bfc062723c751e8b465ee728b)
Start importing Assets/Scenes/tileset_29.asset using Guid(c80f7fa4bade98e4287bc1401faa91d6) Importer(815301076,1909f56bfc062723c751e8b465ee728b)  -> (artifact id: '6ccc219037f95fbb4a09626ccd0a1920') in 0.009039 seconds 
========================================================================
Received Import Request.
  Time since last request: 0.004325 seconds.
  path: Assets/Scenes/tileset_30.asset
  artifactKey: Guid(1bebdc3eed66087458d3c9755ea47e46) Importer(815301076,1909f56bfc062723c751e8b465ee728b)
Start importing Assets/Scenes/tileset_30.asset using Guid(1bebdc3eed66087458d3c9755ea47e46) Importer(815301076,1909f56bfc062723c751e8b465ee728b)  -> (artifact id: '232dda9ab958226b18cf82b2eb7c9d8f') in 0.008885 seconds 
========================================================================
Received Import Request.
  Time since last request: 0.000037 seconds.
  path: Assets/Scenes/tileset_40.asset
  artifactKey: Guid(778b6c3c0d1bd1a4a9cf3908a11c5e89) Importer(815301076,1909f56bfc062723c751e8b465ee728b)
Start importing Assets/Scenes/tileset_40.asset using Guid(778b6c3c0d1bd1a4a9cf3908a11c5e89) Importer(815301076,1909f56bfc062723c751e8b465ee728b)  -> (artifact id: '9739f9ed4efa1e411d3177b33354f305') in 0.011888 seconds 
========================================================================
Received Import Request.
  Time since last request: 0.000032 seconds.
  path: Assets/Scenes/tileset_33.asset
  artifactKey: Guid(c3492e82fa67e514abc35371b78adfb0) Importer(815301076,1909f56bfc062723c751e8b465ee728b)
Start importing Assets/Scenes/tileset_33.asset using Guid(c3492e82fa67e514abc35371b78adfb0) Importer(815301076,1909f56bfc062723c751e8b465ee728b)  -> (artifact id: '0279df97e015937d9026b605c4488761') in 0.010754 seconds 
========================================================================
Received Import Request.
  Time since last request: 0.000029 seconds.
  path: Assets/Scenes/tileset_32.asset
  artifactKey: Guid(72bb9b32a444acd43a88ce73c400b377) Importer(815301076,1909f56bfc062723c751e8b465ee728b)
Start importing Assets/Scenes/tileset_32.asset using Guid(72bb9b32a444acd43a88ce73c400b377) Importer(815301076,1909f56bfc062723c751e8b465ee728b)  -> (artifact id: '6b0a48e14fd119b22b514a66c1f78729') in 0.009509 seconds 
========================================================================
Received Import Request.
  Time since last request: 0.000049 seconds.
  path: Assets/Scenes/tileset_44.asset
  artifactKey: Guid(9df1c229f6decc74eb25014ce6bed9bd) Importer(815301076,1909f56bfc062723c751e8b465ee728b)
Start importing Assets/Scenes/tileset_44.asset using Guid(9df1c229f6decc74eb25014ce6bed9bd) Importer(815301076,1909f56bfc062723c751e8b465ee728b)  -> (artifact id: '9c783f3b21d68a9b617bf842b3e2c2eb') in 0.015567 seconds 
========================================================================
Received Import Request.
  Time since last request: 0.246578 seconds.
  path: Assets/Scenes/tileset_46.asset
  artifactKey: Guid(a5ab6ec312a33914493c4cc33dd92152) Importer(815301076,1909f56bfc062723c751e8b465ee728b)
Start importing Assets/Scenes/tileset_46.asset using Guid(a5ab6ec312a33914493c4cc33dd92152) Importer(815301076,1909f56bfc062723c751e8b465ee728b)  -> (artifact id: 'bc609a4cc065edac9de537e57d014399') in 0.014819 seconds 
========================================================================
Received Import Request.
  Time since last request: 0.000025 seconds.
  path: Assets/Scenes/tileset_52.asset
  artifactKey: Guid(6331a6e52bdd3c747a0ce4ffc65dc98b) Importer(815301076,1909f56bfc062723c751e8b465ee728b)
Start importing Assets/Scenes/tileset_52.asset using Guid(6331a6e52bdd3c747a0ce4ffc65dc98b) Importer(815301076,1909f56bfc062723c751e8b465ee728b)  -> (artifact id: '1113c4dee317fec2a0964814ac26e7c6') in 0.024264 seconds 
========================================================================
Received Import Request.
  Time since last request: 0.000042 seconds.
  path: Assets/Scenes/tileset_61.asset
  artifactKey: Guid(e762ecd70dc32194eac310d9542132be) Importer(815301076,1909f56bfc062723c751e8b465ee728b)
Start importing Assets/Scenes/tileset_61.asset using Guid(e762ecd70dc32194eac310d9542132be) Importer(815301076,1909f56bfc062723c751e8b465ee728b)  -> (artifact id: '6616548e9f421ebe422accf7f7e1f5e1') in 0.011862 seconds 
========================================================================
Received Import Request.
  Time since last request: 0.000041 seconds.
  path: Assets/Scenes/tileset_53.asset
  artifactKey: Guid(fd2bd15798fafec44941f58f7c0fb3d8) Importer(815301076,1909f56bfc062723c751e8b465ee728b)
Start importing Assets/Scenes/tileset_53.asset using Guid(fd2bd15798fafec44941f58f7c0fb3d8) Importer(815301076,1909f56bfc062723c751e8b465ee728b)  -> (artifact id: '9693e33d654f860d2d83dc887b0fcdda') in 0.022582 seconds 
========================================================================
Received Import Request.
  Time since last request: 0.256821 seconds.
  path: Assets/Scenes/tileset_62.asset
  artifactKey: Guid(bdc62e377c1f11d469e848ab5efa719d) Importer(815301076,1909f56bfc062723c751e8b465ee728b)
Start importing Assets/Scenes/tileset_62.asset using Guid(bdc62e377c1f11d469e848ab5efa719d) Importer(815301076,1909f56bfc062723c751e8b465ee728b)  -> (artifact id: '73cd1b5b2c464778209f479b63dee202') in 0.007825 seconds 
========================================================================
Received Import Request.
  Time since last request: 0.000041 seconds.
  path: Assets/Scenes/tileset_68.asset
  artifactKey: Guid(ac0c57ab2044a34489ec7afec6ca8330) Importer(815301076,1909f56bfc062723c751e8b465ee728b)
Start importing Assets/Scenes/tileset_68.asset using Guid(ac0c57ab2044a34489ec7afec6ca8330) Importer(815301076,1909f56bfc062723c751e8b465ee728b)  -> (artifact id: '7ce1aef749d07aef76aeb98bd1295a09') in 0.009620 seconds 
========================================================================
Received Import Request.
  Time since last request: 0.000024 seconds.
  path: Assets/Scenes/tileset_77.asset
  artifactKey: Guid(1319af390cee6e44f9dde8d8ed59e15c) Importer(815301076,1909f56bfc062723c751e8b465ee728b)
Start importing Assets/Scenes/tileset_77.asset using Guid(1319af390cee6e44f9dde8d8ed59e15c) Importer(815301076,1909f56bfc062723c751e8b465ee728b)  -> (artifact id: '4093123d019cbc35f1e1c7a5f8bdd378') in 0.021058 seconds 
========================================================================
Received Import Request.
  Time since last request: 0.000036 seconds.
  path: Assets/Scenes/tileset_81.asset
  artifactKey: Guid(8f9e9d91d7d497445965218462e1c0fa) Importer(815301076,1909f56bfc062723c751e8b465ee728b)
Start importing Assets/Scenes/tileset_81.asset using Guid(8f9e9d91d7d497445965218462e1c0fa) Importer(815301076,1909f56bfc062723c751e8b465ee728b)  -> (artifact id: '4136928adbc36bc46a78b64e13a3fc65') in 0.019956 seconds 
========================================================================
Received Import Request.
  Time since last request: 0.000038 seconds.
  path: Assets/Scenes/tileset_73.asset
  artifactKey: Guid(cdf939cf5d639e94ebbe6f4af464126b) Importer(815301076,1909f56bfc062723c751e8b465ee728b)
Start importing Assets/Scenes/tileset_73.asset using Guid(cdf939cf5d639e94ebbe6f4af464126b) Importer(815301076,1909f56bfc062723c751e8b465ee728b)  -> (artifact id: '2d8c3c809e8edb90fbeb84557be00828') in 0.011509 seconds 
========================================================================
Received Import Request.
  Time since last request: 0.000031 seconds.
  path: Assets/Scenes/tileset_88.asset
  artifactKey: Guid(ebd92baf37999e543ae968a0d49de0b3) Importer(815301076,1909f56bfc062723c751e8b465ee728b)
Start importing Assets/Scenes/tileset_88.asset using Guid(ebd92baf37999e543ae968a0d49de0b3) Importer(815301076,1909f56bfc062723c751e8b465ee728b)  -> (artifact id: 'f250266c9182111b771df14509b0c8e8') in 0.016662 seconds 
========================================================================
Received Import Request.
  Time since last request: 0.000029 seconds.
  path: Assets/Scenes/tileset_87.asset
  artifactKey: Guid(0158a6ec7935e4f43ac04bfb640d656a) Importer(815301076,1909f56bfc062723c751e8b465ee728b)
Start importing Assets/Scenes/tileset_87.asset using Guid(0158a6ec7935e4f43ac04bfb640d656a) Importer(815301076,1909f56bfc062723c751e8b465ee728b)  -> (artifact id: '2b2df8ed0e88acfb3f93358c3ea601f3') in 0.009287 seconds 
========================================================================
Received Import Request.
  Time since last request: 0.000038 seconds.
  path: Assets/Scenes/tileset_86.asset
  artifactKey: Guid(607a9420e6715224697e0593a72c5da9) Importer(815301076,1909f56bfc062723c751e8b465ee728b)
Start importing Assets/Scenes/tileset_86.asset using Guid(607a9420e6715224697e0593a72c5da9) Importer(815301076,1909f56bfc062723c751e8b465ee728b)  -> (artifact id: '47e6887da4b4ec1ab04b8ad769513bce') in 0.019314 seconds 
========================================================================
Received Import Request.
  Time since last request: 0.000068 seconds.
  path: Assets/Scenes/tileset_91.asset
  artifactKey: Guid(07368ee1c5b668d4388373ca5bbc4b66) Importer(815301076,1909f56bfc062723c751e8b465ee728b)
Start importing Assets/Scenes/tileset_91.asset using Guid(07368ee1c5b668d4388373ca5bbc4b66) Importer(815301076,1909f56bfc062723c751e8b465ee728b)  -> (artifact id: 'e1b6bf7130fa955bb196f1a0e0ab1f37') in 0.017108 seconds 
========================================================================
Received Import Request.
  Time since last request: 0.185078 seconds.
  path: Assets/Scenes/tileset_94.asset
  artifactKey: Guid(5be89e020f1e5c048ab44744d92a4ab6) Importer(815301076,1909f56bfc062723c751e8b465ee728b)
Start importing Assets/Scenes/tileset_94.asset using Guid(5be89e020f1e5c048ab44744d92a4ab6) Importer(815301076,1909f56bfc062723c751e8b465ee728b)  -> (artifact id: '8f73d27a85530f69246051469d28e30f') in 0.013554 seconds 
========================================================================
Received Import Request.
  Time since last request: 0.000042 seconds.
  path: Assets/Scenes/tileset_98.asset
  artifactKey: Guid(7c6fb0f51be87804e88d05f532efeb7a) Importer(815301076,1909f56bfc062723c751e8b465ee728b)
Start importing Assets/Scenes/tileset_98.asset using Guid(7c6fb0f51be87804e88d05f532efeb7a) Importer(815301076,1909f56bfc062723c751e8b465ee728b)  -> (artifact id: 'f7f224149b967b90dd0c61f21780d9aa') in 0.016784 seconds 
========================================================================
Received Import Request.
  Time since last request: 0.005763 seconds.
  path: Assets/Scenes/tileset_102.asset
  artifactKey: Guid(6870db837a3f7b64f98a32b4902e86fe) Importer(815301076,1909f56bfc062723c751e8b465ee728b)
Start importing Assets/Scenes/tileset_102.asset using Guid(6870db837a3f7b64f98a32b4902e86fe) Importer(815301076,1909f56bfc062723c751e8b465ee728b)  -> (artifact id: '7585426a8cf321f59eca053bdb37df12') in 0.008029 seconds 
Editor requested this worker to shutdown with reason: Scaling down because of idle timeout
AssetImportWorker is now disconnected from the server
Process exiting
Exiting without the bug reporter. Application will terminate with return code 0