Using pre-set license
Built from '2021.3/staging' branch; Version is '2021.3.20f1 (577897200b8b) revision 5732503'; Using compiler version '192829333'; Build Type 'Release'
OS: 'Windows 10  (10.0.19045) 64bit Professional' Language: 'es' Physical Memory: 16332 MB
BatchMode: 1, IsHumanControllingUs: 0, StartBugReporterOnCrash: 0, Is64bit: 1, IsPro: 1

COMMAND LINE ARGUMENTS:
C:\Program Files\Unity\Hub\Editor\2021.3.20f1\Editor\Unity.exe
-adb2
-batchMode
-noUpm
-name
AssetImportWorker13
-projectPath
C:/Users/f.robledo/Desktop/SACRED-HITMAN/My project (1)
-logFile
Logs/AssetImportWorker13.log
-srvPort
49300
Successfully changed project path to: C:/Users/f.robledo/Desktop/SACRED-HITMAN/My project (1)
C:/Users/f.robledo/Desktop/SACRED-HITMAN/My project (1)
[UnityMemory] Configuration Parameters - Can be set up in boot.config
    "memorysetup-bucket-allocator-granularity=16"
    "memorysetup-bucket-allocator-bucket-count=8"
    "memorysetup-bucket-allocator-block-size=33554432"
    "memorysetup-bucket-allocator-block-count=8"
    "memorysetup-main-allocator-block-size=16777216"
    "memorysetup-thread-allocator-block-size=16777216"
    "memorysetup-gfx-main-allocator-block-size=16777216"
    "memorysetup-gfx-thread-allocator-block-size=16777216"
    "memorysetup-cache-allocator-block-size=4194304"
    "memorysetup-typetree-allocator-block-size=2097152"
    "memorysetup-profiler-bucket-allocator-granularity=16"
    "memorysetup-profiler-bucket-allocator-bucket-count=8"
    "memorysetup-profiler-bucket-allocator-block-size=33554432"
    "memorysetup-profiler-bucket-allocator-block-count=8"
    "memorysetup-profiler-allocator-block-size=16777216"
    "memorysetup-profiler-editor-allocator-block-size=1048576"
    "memorysetup-temp-allocator-size-main=16777216"
    "memorysetup-job-temp-allocator-block-size=2097152"
    "memorysetup-job-temp-allocator-block-size-background=1048576"
    "memorysetup-job-temp-allocator-reduction-small-platforms=262144"
    "memorysetup-temp-allocator-size-background-worker=32768"
    "memorysetup-temp-allocator-size-job-worker=262144"
    "memorysetup-temp-allocator-size-preload-manager=33554432"
    "memorysetup-temp-allocator-size-nav-mesh-worker=65536"
    "memorysetup-temp-allocator-size-audio-worker=65536"
    "memorysetup-temp-allocator-size-cloud-worker=32768"
    "memorysetup-temp-allocator-size-gi-baking-worker=262144"
    "memorysetup-temp-allocator-size-gfx=262144"
Player connection [17292] Host "[IP] 192.168.42.82 [Port] 0 [Flags] 2 [Guid] 2373323369 [EditorId] 2373323369 [Version] 1048832 [Id] WindowsEditor(7,LAB2I5PC3) [Debug] 1 [PackageName] WindowsEditor [ProjectName] Editor" joined multi-casting on [225.0.0.222:54997]...

Player connection [17292] Host "[IP] 192.168.42.82 [Port] 0 [Flags] 2 [Guid] 2373323369 [EditorId] 2373323369 [Version] 1048832 [Id] WindowsEditor(7,LAB2I5PC3) [Debug] 1 [PackageName] WindowsEditor [ProjectName] Editor" joined alternative multi-casting on [225.0.0.222:34997]...

Refreshing native plugins compatible for Editor in 121.85 ms, found 4 plugins.
Preloading 0 native plugins for Editor in 0.00 ms.
Initialize engine version: 2021.3.20f1 (577897200b8b)
[Subsystems] Discovering subsystems at path C:/Program Files/Unity/Hub/Editor/2021.3.20f1/Editor/Data/Resources/UnitySubsystems
[Subsystems] Discovering subsystems at path C:/Users/f.robledo/Desktop/SACRED-HITMAN/My project (1)/Assets
GfxDevice: creating device client; threaded=0; jobified=0
Direct3D:
    Version:  Direct3D 11.0 [level 11.1]
    Renderer: NVIDIA GeForce GTX 1650 SUPER (ID=0x2187)
    Vendor:   NVIDIA
    VRAM:     3955 MB
    Driver:   31.0.15.1694
Initialize mono
Mono path[0] = 'C:/Program Files/Unity/Hub/Editor/2021.3.20f1/Editor/Data/Managed'
Mono path[1] = 'C:/Program Files/Unity/Hub/Editor/2021.3.20f1/Editor/Data/MonoBleedingEdge/lib/mono/unityjit-win32'
Mono config path = 'C:/Program Files/Unity/Hub/Editor/2021.3.20f1/Editor/Data/MonoBleedingEdge/etc'
Using monoOptions --debugger-agent=transport=dt_socket,embedding=1,server=y,suspend=n,address=127.0.0.1:56616
Begin MonoManager ReloadAssembly
Registering precompiled unity dll's ...
Register platform support module: C:/Program Files/Unity/Hub/Editor/2021.3.20f1/Editor/Data/PlaybackEngines/WebGLSupport/UnityEditor.WebGL.Extensions.dll
Register platform support module: C:/Program Files/Unity/Hub/Editor/2021.3.20f1/Editor/Data/PlaybackEngines/AndroidPlayer/UnityEditor.Android.Extensions.dll
Register platform support module: C:/Program Files/Unity/Hub/Editor/2021.3.20f1/Editor/Data/PlaybackEngines/WindowsStandaloneSupport/UnityEditor.WindowsStandalone.Extensions.dll
Register platform support module: C:/Program Files/Unity/Hub/Editor/2021.3.20f1/Editor/Data/PlaybackEngines/MetroSupport/UnityEditor.UWP.Extensions.dll
Registered in 0.014390 seconds.
Native extension for UWP target not found
Native extension for WindowsStandalone target not found
Native extension for Android target not found
Android Extension - Scanning For ADB Devices 308 ms
Native extension for WebGL target not found
Refreshing native plugins compatible for Editor in 102.36 ms, found 4 plugins.
Preloading 0 native plugins for Editor in 0.00 ms.
Mono: successfully reloaded assembly
- Completed reload, in  1.182 seconds
Domain Reload Profiling:
	ReloadAssembly (1182ms)
		BeginReloadAssembly (137ms)
			ExecutionOrderSort (0ms)
			DisableScriptedObjects (0ms)
			BackupInstance (0ms)
			ReleaseScriptingObjects (0ms)
			CreateAndSetChildDomain (1ms)
		EndReloadAssembly (909ms)
			LoadAssemblies (133ms)
			RebuildTransferFunctionScriptingTraits (0ms)
			SetupTypeCache (165ms)
			ReleaseScriptCaches (0ms)
			RebuildScriptCaches (31ms)
			SetupLoadedEditorAssemblies (647ms)
				LogAssemblyErrors (0ms)
				InitializePlatformSupportModulesInManaged (391ms)
				SetLoadedEditorAssemblies (0ms)
				RefreshPlugins (102ms)
				BeforeProcessingInitializeOnLoad (2ms)
				ProcessInitializeOnLoadAttributes (105ms)
				ProcessInitializeOnLoadMethodAttributes (47ms)
				AfterProcessingInitializeOnLoad (0ms)
				EditorAssembliesLoaded (0ms)
			ExecutionOrderSort2 (0ms)
			AwakeInstancesAfterBackupRestoration (0ms)
Platform modules already initialized, skipping
Registering precompiled user dll's ...
Registered in 0.009519 seconds.
Begin MonoManager ReloadAssembly
Symbol file LoadedFromMemory doesn't match image C:\Users\f.robledo\Desktop\SACRED-HITMAN\My project (1)\Library\PackageCache\com.unity.visualscripting@1.8.0\Editor\VisualScripting.Core\Dependencies\YamlDotNet\Unity.VisualScripting.YamlDotNet.dll
Symbol file LoadedFromMemory doesn't match image C:\Users\f.robledo\Desktop\SACRED-HITMAN\My project (1)\Library\PackageCache\com.unity.visualscripting@1.8.0\Editor\VisualScripting.Core\Dependencies\DotNetZip\Unity.VisualScripting.IonicZip.dll
Native extension for UWP target not found
Native extension for WindowsStandalone target not found
Native extension for Android target not found
Native extension for WebGL target not found
Refreshing native plugins compatible for Editor in 102.16 ms, found 4 plugins.
Preloading 0 native plugins for Editor in 0.00 ms.
Mono: successfully reloaded assembly
- Completed reload, in  1.354 seconds
Domain Reload Profiling:
	ReloadAssembly (1355ms)
		BeginReloadAssembly (159ms)
			ExecutionOrderSort (0ms)
			DisableScriptedObjects (7ms)
			BackupInstance (0ms)
			ReleaseScriptingObjects (0ms)
			CreateAndSetChildDomain (23ms)
		EndReloadAssembly (1059ms)
			LoadAssemblies (132ms)
			RebuildTransferFunctionScriptingTraits (0ms)
			SetupTypeCache (280ms)
			ReleaseScriptCaches (1ms)
			RebuildScriptCaches (65ms)
			SetupLoadedEditorAssemblies (550ms)
				LogAssemblyErrors (0ms)
				InitializePlatformSupportModulesInManaged (23ms)
				SetLoadedEditorAssemblies (0ms)
				RefreshPlugins (102ms)
				BeforeProcessingInitializeOnLoad (114ms)
				ProcessInitializeOnLoadAttributes (256ms)
				ProcessInitializeOnLoadMethodAttributes (42ms)
				AfterProcessingInitializeOnLoad (11ms)
				EditorAssembliesLoaded (0ms)
			ExecutionOrderSort2 (0ms)
			AwakeInstancesAfterBackupRestoration (6ms)
Platform modules already initialized, skipping
========================================================================
Worker process is ready to serve import requests
Launched and connected shader compiler UnityShaderCompiler.exe after 0.07 seconds
Refreshing native plugins compatible for Editor in 1.55 ms, found 4 plugins.
Preloading 0 native plugins for Editor in 0.00 ms.
Unloading 3740 Unused Serialized files (Serialized files now loaded: 0)
Unloading 35 unused Assets / (56.4 KB). Loaded Objects now: 4202.
Memory consumption went from 143.0 MB to 143.0 MB.
Total: 4.318000 ms (FindLiveObjects: 0.395100 ms CreateObjectMapping: 0.134100 ms MarkObjects: 3.679200 ms  DeleteObjects: 0.108400 ms)

AssetImportParameters requested are different than current active one (requested -> active):
  custom:video-decoder-ogg-theora: a1e56fd34408186e4bbccfd4996cb3dc -> 
  custom:container-muxer-webm: aa71ff27fc2769a1b78a27578f13a17b -> 
  custom:container-demuxer-webm: 4f35f7cbe854078d1ac9338744f61a02 -> 
  custom:video-encoder-webm-vp8: eb34c28f22e8b96e1ab97ce403110664 -> 
  custom:audio-encoder-webm-vorbis: bf7c407c2cedff20999df2af8eb42d56 -> 
  custom:framework-win-MediaFoundation: 216162199b28c13a410421893ffa2e32 -> 
  custom:container-demuxer-ogg: 62fdf1f143b41e24485cea50d1cbac27 -> 
  custom:video-decoder-webm-vp8: 9c59270c3fd7afecdb556c50c9e8de78 -> 
  custom:audio-decoder-ogg-vorbis: bf7c407c2cedff20999df2af8eb42d56 -> 
========================================================================
Received Import Request.
  Time since last request: 14609.064959 seconds.
  path: Assets/Scenes/tileset_25.asset
  artifactKey: Guid(7a565eb3d8851104b8aeb1568468481f) Importer(815301076,1909f56bfc062723c751e8b465ee728b)
Start importing Assets/Scenes/tileset_25.asset using Guid(7a565eb3d8851104b8aeb1568468481f) Importer(815301076,1909f56bfc062723c751e8b465ee728b)  -> (artifact id: 'b7d8cc02ee546dfe12dbdf3321bdad09') in 0.090704 seconds 
========================================================================
Received Import Request.
  Time since last request: 0.000088 seconds.
  path: Assets/Scenes/tileset_39.asset
  artifactKey: Guid(f1b3a7ac10954d043bb8e56cc8b386b6) Importer(815301076,1909f56bfc062723c751e8b465ee728b)
Start importing Assets/Scenes/tileset_39.asset using Guid(f1b3a7ac10954d043bb8e56cc8b386b6) Importer(815301076,1909f56bfc062723c751e8b465ee728b)  -> (artifact id: 'b25924d8574c80157f4ce791b6362905') in 0.011311 seconds 
========================================================================
Received Import Request.
  Time since last request: 0.000050 seconds.
  path: Assets/Scenes/tileset_41.asset
  artifactKey: Guid(044d736283c4e2f41818faec16670784) Importer(815301076,1909f56bfc062723c751e8b465ee728b)
Start importing Assets/Scenes/tileset_41.asset using Guid(044d736283c4e2f41818faec16670784) Importer(815301076,1909f56bfc062723c751e8b465ee728b)  -> (artifact id: '4929987f19a8074c3058c01d96d3bc59') in 0.009854 seconds 
========================================================================
Received Import Request.
  Time since last request: 0.000064 seconds.
  path: Assets/Scenes/tileset_42.asset
  artifactKey: Guid(dc1a1f746521ed7448884777ac1c422f) Importer(815301076,1909f56bfc062723c751e8b465ee728b)
Start importing Assets/Scenes/tileset_42.asset using Guid(dc1a1f746521ed7448884777ac1c422f) Importer(815301076,1909f56bfc062723c751e8b465ee728b)  -> (artifact id: 'fb409306eed8b8f126427aa7d3f1d96b') in 0.007850 seconds 
========================================================================
Received Import Request.
  Time since last request: 0.240442 seconds.
  path: Assets/Scenes/tileset_49.asset
  artifactKey: Guid(f609afc08edfd164c85f6a9437b1fab9) Importer(815301076,1909f56bfc062723c751e8b465ee728b)
Start importing Assets/Scenes/tileset_49.asset using Guid(f609afc08edfd164c85f6a9437b1fab9) Importer(815301076,1909f56bfc062723c751e8b465ee728b)  -> (artifact id: '92b30d004d9f3a00042767698473d6ab') in 0.017160 seconds 
========================================================================
Received Import Request.
  Time since last request: 0.000029 seconds.
  path: Assets/Scenes/tileset_54.asset
  artifactKey: Guid(ca7bcdc2fda6eb34b96ef94f9c0cd75a) Importer(815301076,1909f56bfc062723c751e8b465ee728b)
Start importing Assets/Scenes/tileset_54.asset using Guid(ca7bcdc2fda6eb34b96ef94f9c0cd75a) Importer(815301076,1909f56bfc062723c751e8b465ee728b)  -> (artifact id: '521881437894fece48a3b6f5c48730e4') in 0.025100 seconds 
========================================================================
Received Import Request.
  Time since last request: 0.000034 seconds.
  path: Assets/Scenes/tileset_50.asset
  artifactKey: Guid(b617c7c090da4414384b55721f7948f3) Importer(815301076,1909f56bfc062723c751e8b465ee728b)
Start importing Assets/Scenes/tileset_50.asset using Guid(b617c7c090da4414384b55721f7948f3) Importer(815301076,1909f56bfc062723c751e8b465ee728b)  -> (artifact id: '307f23112788f2ffc9128e841c9334bb') in 0.014833 seconds 
========================================================================
Received Import Request.
  Time since last request: 0.000028 seconds.
  path: Assets/Scenes/tileset_60.asset
  artifactKey: Guid(4db4f28f0c61bf1448cc327c93a4e21b) Importer(815301076,1909f56bfc062723c751e8b465ee728b)
Start importing Assets/Scenes/tileset_60.asset using Guid(4db4f28f0c61bf1448cc327c93a4e21b) Importer(815301076,1909f56bfc062723c751e8b465ee728b)  -> (artifact id: '060ebf17b579c25353b8d03f5f363a7b') in 0.011181 seconds 
========================================================================
Received Import Request.
  Time since last request: 0.264906 seconds.
  path: Assets/Scenes/tileset_65.asset
  artifactKey: Guid(79c610c9f9f424f4ca9240145b056595) Importer(815301076,1909f56bfc062723c751e8b465ee728b)
Start importing Assets/Scenes/tileset_65.asset using Guid(79c610c9f9f424f4ca9240145b056595) Importer(815301076,1909f56bfc062723c751e8b465ee728b)  -> (artifact id: '578e3ee88745aeb2a79b072984811c2a') in 0.013353 seconds 
========================================================================
Received Import Request.
  Time since last request: 0.000034 seconds.
  path: Assets/Scenes/tileset_76.asset
  artifactKey: Guid(3ea3bda5c6608ff41a567a0ceb0d46ea) Importer(815301076,1909f56bfc062723c751e8b465ee728b)
Start importing Assets/Scenes/tileset_76.asset using Guid(3ea3bda5c6608ff41a567a0ceb0d46ea) Importer(815301076,1909f56bfc062723c751e8b465ee728b)  -> (artifact id: 'c55e92fc943d20bf7ac96b0f1015d2ab') in 0.011736 seconds 
========================================================================
Received Import Request.
  Time since last request: 0.000056 seconds.
  path: Assets/Scenes/tileset_75.asset
  artifactKey: Guid(947e89a1972389140badd7cca4596d5e) Importer(815301076,1909f56bfc062723c751e8b465ee728b)
Start importing Assets/Scenes/tileset_75.asset using Guid(947e89a1972389140badd7cca4596d5e) Importer(815301076,1909f56bfc062723c751e8b465ee728b)  -> (artifact id: 'd53522fe66c1f8c5a5a34e8f7f092160') in 0.010313 seconds 
========================================================================
Received Import Request.
  Time since last request: 0.000081 seconds.
  path: Assets/Scenes/tileset_85.asset
  artifactKey: Guid(9f7b919e911f307499bbbb18204757f1) Importer(815301076,1909f56bfc062723c751e8b465ee728b)
Start importing Assets/Scenes/tileset_85.asset using Guid(9f7b919e911f307499bbbb18204757f1) Importer(815301076,1909f56bfc062723c751e8b465ee728b)  -> (artifact id: '6449e6aa510d0b419771ff9eb4bf6ecf') in 0.021849 seconds 
========================================================================
Received Import Request.
  Time since last request: 0.000039 seconds.
  path: Assets/Scenes/tileset_89.asset
  artifactKey: Guid(10ea86dea424dbd42ae910078cac489a) Importer(815301076,1909f56bfc062723c751e8b465ee728b)
Start importing Assets/Scenes/tileset_89.asset using Guid(10ea86dea424dbd42ae910078cac489a) Importer(815301076,1909f56bfc062723c751e8b465ee728b)  -> (artifact id: '2c30a230facadf6b2c9817979c99176d') in 0.010777 seconds 
========================================================================
Received Import Request.
  Time since last request: 0.000036 seconds.
  path: Assets/Scenes/tileset_92.asset
  artifactKey: Guid(26a7528055972e349812a82174d6bf92) Importer(815301076,1909f56bfc062723c751e8b465ee728b)
Start importing Assets/Scenes/tileset_92.asset using Guid(26a7528055972e349812a82174d6bf92) Importer(815301076,1909f56bfc062723c751e8b465ee728b)  -> (artifact id: '4fa9ef54e706e654466cfb4b4d13ef60') in 0.016528 seconds 
========================================================================
Received Import Request.
  Time since last request: 0.000026 seconds.
  path: Assets/Scenes/tileset_83.asset
  artifactKey: Guid(4a1d9161220e32a4a86b822a711c7024) Importer(815301076,1909f56bfc062723c751e8b465ee728b)
Start importing Assets/Scenes/tileset_83.asset using Guid(4a1d9161220e32a4a86b822a711c7024) Importer(815301076,1909f56bfc062723c751e8b465ee728b)  -> (artifact id: '75bc223cbbb0e0a3dbfeb2366e8168aa') in 0.020199 seconds 
========================================================================
Received Import Request.
  Time since last request: 0.000027 seconds.
  path: Assets/Scenes/tileset_82.asset
  artifactKey: Guid(74734c79fc248e9408d6d86160e8999c) Importer(815301076,1909f56bfc062723c751e8b465ee728b)
Start importing Assets/Scenes/tileset_82.asset using Guid(74734c79fc248e9408d6d86160e8999c) Importer(815301076,1909f56bfc062723c751e8b465ee728b)  -> (artifact id: '97089ff1779a7eb5bb813d03bd8b728a') in 0.011233 seconds 
========================================================================
Received Import Request.
  Time since last request: 0.207322 seconds.
  path: Assets/Scenes/tileset_97.asset
  artifactKey: Guid(42ed8eef6fda05342924004d82c4bc9e) Importer(815301076,1909f56bfc062723c751e8b465ee728b)
Start importing Assets/Scenes/tileset_97.asset using Guid(42ed8eef6fda05342924004d82c4bc9e) Importer(815301076,1909f56bfc062723c751e8b465ee728b)  -> (artifact id: 'cd1da5ce150d710e2cdaca71e8212552') in 0.012176 seconds 
========================================================================
Received Import Request.
  Time since last request: 0.000029 seconds.
  path: Assets/Scenes/tileset_100.asset
  artifactKey: Guid(7702d28970d15e04db8a315a3a7680ff) Importer(815301076,1909f56bfc062723c751e8b465ee728b)
Start importing Assets/Scenes/tileset_100.asset using Guid(7702d28970d15e04db8a315a3a7680ff) Importer(815301076,1909f56bfc062723c751e8b465ee728b)  -> (artifact id: 'e51f449d431dcad65b185c74e31c853f') in 0.018879 seconds 
Editor requested this worker to shutdown with reason: Scaling down because of idle timeout
AssetImportWorker is now disconnected from the server
Process exiting
Exiting without the bug reporter. Application will terminate with return code 0