Using pre-set license
Built from '2021.3/staging' branch; Version is '2021.3.20f1 (577897200b8b) revision 5732503'; Using compiler version '192829333'; Build Type 'Release'
OS: 'Windows 10  (10.0.19045) 64bit Professional' Language: 'es' Physical Memory: 16332 MB
BatchMode: 1, IsHumanControllingUs: 0, StartBugReporterOnCrash: 0, Is64bit: 1, IsPro: 1

COMMAND LINE ARGUMENTS:
C:\Program Files\Unity\Hub\Editor\2021.3.20f1\Editor\Unity.exe
-adb2
-batchMode
-noUpm
-name
AssetImportWorker7
-projectPath
C:/Users/f.robledo/Desktop/SACRED-HITMAN/My project (1)
-logFile
Logs/AssetImportWorker7.log
-srvPort
49300
Successfully changed project path to: C:/Users/f.robledo/Desktop/SACRED-HITMAN/My project (1)
C:/Users/f.robledo/Desktop/SACRED-HITMAN/My project (1)
[UnityMemory] Configuration Parameters - Can be set up in boot.config
    "memorysetup-bucket-allocator-granularity=16"
    "memorysetup-bucket-allocator-bucket-count=8"
    "memorysetup-bucket-allocator-block-size=33554432"
    "memorysetup-bucket-allocator-block-count=8"
    "memorysetup-main-allocator-block-size=16777216"
    "memorysetup-thread-allocator-block-size=16777216"
    "memorysetup-gfx-main-allocator-block-size=16777216"
    "memorysetup-gfx-thread-allocator-block-size=16777216"
    "memorysetup-cache-allocator-block-size=4194304"
    "memorysetup-typetree-allocator-block-size=2097152"
    "memorysetup-profiler-bucket-allocator-granularity=16"
    "memorysetup-profiler-bucket-allocator-bucket-count=8"
    "memorysetup-profiler-bucket-allocator-block-size=33554432"
    "memorysetup-profiler-bucket-allocator-block-count=8"
    "memorysetup-profiler-allocator-block-size=16777216"
    "memorysetup-profiler-editor-allocator-block-size=1048576"
    "memorysetup-temp-allocator-size-main=16777216"
    "memorysetup-job-temp-allocator-block-size=2097152"
    "memorysetup-job-temp-allocator-block-size-background=1048576"
    "memorysetup-job-temp-allocator-reduction-small-platforms=262144"
    "memorysetup-temp-allocator-size-background-worker=32768"
    "memorysetup-temp-allocator-size-job-worker=262144"
    "memorysetup-temp-allocator-size-preload-manager=33554432"
    "memorysetup-temp-allocator-size-nav-mesh-worker=65536"
    "memorysetup-temp-allocator-size-audio-worker=65536"
    "memorysetup-temp-allocator-size-cloud-worker=32768"
    "memorysetup-temp-allocator-size-gi-baking-worker=262144"
    "memorysetup-temp-allocator-size-gfx=262144"
Player connection [19044] Host "[IP] 192.168.42.82 [Port] 0 [Flags] 2 [Guid] 3638426636 [EditorId] 3638426636 [Version] 1048832 [Id] WindowsEditor(7,LAB2I5PC3) [Debug] 1 [PackageName] WindowsEditor [ProjectName] Editor" joined multi-casting on [225.0.0.222:54997]...

Player connection [19044] Host "[IP] 192.168.42.82 [Port] 0 [Flags] 2 [Guid] 3638426636 [EditorId] 3638426636 [Version] 1048832 [Id] WindowsEditor(7,LAB2I5PC3) [Debug] 1 [PackageName] WindowsEditor [ProjectName] Editor" joined alternative multi-casting on [225.0.0.222:34997]...

Refreshing native plugins compatible for Editor in 143.16 ms, found 4 plugins.
Preloading 0 native plugins for Editor in 0.00 ms.
Initialize engine version: 2021.3.20f1 (577897200b8b)
[Subsystems] Discovering subsystems at path C:/Program Files/Unity/Hub/Editor/2021.3.20f1/Editor/Data/Resources/UnitySubsystems
[Subsystems] Discovering subsystems at path C:/Users/f.robledo/Desktop/SACRED-HITMAN/My project (1)/Assets
GfxDevice: creating device client; threaded=0; jobified=0
Direct3D:
    Version:  Direct3D 11.0 [level 11.1]
    Renderer: NVIDIA GeForce GTX 1650 SUPER (ID=0x2187)
    Vendor:   NVIDIA
    VRAM:     3955 MB
    Driver:   31.0.15.1694
Initialize mono
Mono path[0] = 'C:/Program Files/Unity/Hub/Editor/2021.3.20f1/Editor/Data/Managed'
Mono path[1] = 'C:/Program Files/Unity/Hub/Editor/2021.3.20f1/Editor/Data/MonoBleedingEdge/lib/mono/unityjit-win32'
Mono config path = 'C:/Program Files/Unity/Hub/Editor/2021.3.20f1/Editor/Data/MonoBleedingEdge/etc'
Using monoOptions --debugger-agent=transport=dt_socket,embedding=1,server=y,suspend=n,address=127.0.0.1:56828
Begin MonoManager ReloadAssembly
Registering precompiled unity dll's ...
Register platform support module: C:/Program Files/Unity/Hub/Editor/2021.3.20f1/Editor/Data/PlaybackEngines/WebGLSupport/UnityEditor.WebGL.Extensions.dll
Register platform support module: C:/Program Files/Unity/Hub/Editor/2021.3.20f1/Editor/Data/PlaybackEngines/AndroidPlayer/UnityEditor.Android.Extensions.dll
Register platform support module: C:/Program Files/Unity/Hub/Editor/2021.3.20f1/Editor/Data/PlaybackEngines/WindowsStandaloneSupport/UnityEditor.WindowsStandalone.Extensions.dll
Register platform support module: C:/Program Files/Unity/Hub/Editor/2021.3.20f1/Editor/Data/PlaybackEngines/MetroSupport/UnityEditor.UWP.Extensions.dll
Registered in 0.015538 seconds.
Native extension for UWP target not found
Native extension for WindowsStandalone target not found
Native extension for Android target not found
Android Extension - Scanning For ADB Devices 420 ms
Native extension for WebGL target not found
Refreshing native plugins compatible for Editor in 106.89 ms, found 4 plugins.
Preloading 0 native plugins for Editor in 0.00 ms.
Mono: successfully reloaded assembly
- Completed reload, in  1.273 seconds
Domain Reload Profiling:
	ReloadAssembly (1274ms)
		BeginReloadAssembly (117ms)
			ExecutionOrderSort (0ms)
			DisableScriptedObjects (0ms)
			BackupInstance (0ms)
			ReleaseScriptingObjects (0ms)
			CreateAndSetChildDomain (1ms)
		EndReloadAssembly (1017ms)
			LoadAssemblies (115ms)
			RebuildTransferFunctionScriptingTraits (0ms)
			SetupTypeCache (140ms)
			ReleaseScriptCaches (0ms)
			RebuildScriptCaches (33ms)
			SetupLoadedEditorAssemblies (779ms)
				LogAssemblyErrors (0ms)
				InitializePlatformSupportModulesInManaged (506ms)
				SetLoadedEditorAssemblies (0ms)
				RefreshPlugins (107ms)
				BeforeProcessingInitializeOnLoad (2ms)
				ProcessInitializeOnLoadAttributes (108ms)
				ProcessInitializeOnLoadMethodAttributes (56ms)
				AfterProcessingInitializeOnLoad (0ms)
				EditorAssembliesLoaded (0ms)
			ExecutionOrderSort2 (0ms)
			AwakeInstancesAfterBackupRestoration (0ms)
Platform modules already initialized, skipping
Registering precompiled user dll's ...
Registered in 0.010960 seconds.
Begin MonoManager ReloadAssembly
Symbol file LoadedFromMemory doesn't match image C:\Users\f.robledo\Desktop\SACRED-HITMAN\My project (1)\Library\PackageCache\com.unity.visualscripting@1.8.0\Editor\VisualScripting.Core\Dependencies\YamlDotNet\Unity.VisualScripting.YamlDotNet.dll
Symbol file LoadedFromMemory doesn't match image C:\Users\f.robledo\Desktop\SACRED-HITMAN\My project (1)\Library\PackageCache\com.unity.visualscripting@1.8.0\Editor\VisualScripting.Core\Dependencies\DotNetZip\Unity.VisualScripting.IonicZip.dll
Native extension for UWP target not found
Native extension for WindowsStandalone target not found
Native extension for Android target not found
Native extension for WebGL target not found
Refreshing native plugins compatible for Editor in 97.82 ms, found 4 plugins.
Preloading 0 native plugins for Editor in 0.00 ms.
Mono: successfully reloaded assembly
- Completed reload, in  1.691 seconds
Domain Reload Profiling:
	ReloadAssembly (1692ms)
		BeginReloadAssembly (153ms)
			ExecutionOrderSort (0ms)
			DisableScriptedObjects (7ms)
			BackupInstance (0ms)
			ReleaseScriptingObjects (0ms)
			CreateAndSetChildDomain (22ms)
		EndReloadAssembly (1401ms)
			LoadAssemblies (135ms)
			RebuildTransferFunctionScriptingTraits (0ms)
			SetupTypeCache (513ms)
			ReleaseScriptCaches (1ms)
			RebuildScriptCaches (62ms)
			SetupLoadedEditorAssemblies (653ms)
				LogAssemblyErrors (0ms)
				InitializePlatformSupportModulesInManaged (24ms)
				SetLoadedEditorAssemblies (0ms)
				RefreshPlugins (98ms)
				BeforeProcessingInitializeOnLoad (111ms)
				ProcessInitializeOnLoadAttributes (359ms)
				ProcessInitializeOnLoadMethodAttributes (49ms)
				AfterProcessingInitializeOnLoad (12ms)
				EditorAssembliesLoaded (0ms)
			ExecutionOrderSort2 (0ms)
			AwakeInstancesAfterBackupRestoration (7ms)
Platform modules already initialized, skipping
========================================================================
Worker process is ready to serve import requests
Launched and connected shader compiler UnityShaderCompiler.exe after 0.05 seconds
Refreshing native plugins compatible for Editor in 0.78 ms, found 4 plugins.
Preloading 0 native plugins for Editor in 0.00 ms.
Unloading 3740 Unused Serialized files (Serialized files now loaded: 0)
Unloading 35 unused Assets / (56.4 KB). Loaded Objects now: 4202.
Memory consumption went from 143.0 MB to 142.9 MB.
Total: 3.840400 ms (FindLiveObjects: 0.400100 ms CreateObjectMapping: 0.102400 ms MarkObjects: 3.238700 ms  DeleteObjects: 0.098100 ms)

AssetImportParameters requested are different than current active one (requested -> active):
  custom:video-decoder-ogg-theora: a1e56fd34408186e4bbccfd4996cb3dc -> 
  custom:container-muxer-webm: aa71ff27fc2769a1b78a27578f13a17b -> 
  custom:container-demuxer-webm: 4f35f7cbe854078d1ac9338744f61a02 -> 
  custom:video-encoder-webm-vp8: eb34c28f22e8b96e1ab97ce403110664 -> 
  custom:audio-encoder-webm-vorbis: bf7c407c2cedff20999df2af8eb42d56 -> 
  custom:framework-win-MediaFoundation: 216162199b28c13a410421893ffa2e32 -> 
  custom:container-demuxer-ogg: 62fdf1f143b41e24485cea50d1cbac27 -> 
  custom:video-decoder-webm-vp8: 9c59270c3fd7afecdb556c50c9e8de78 -> 
  custom:audio-decoder-ogg-vorbis: bf7c407c2cedff20999df2af8eb42d56 -> 
========================================================================
Received Import Request.
  Time since last request: 13519.691287 seconds.
  path: Assets/GothicVania Church/Environment/tileset_38.asset
  artifactKey: Guid(263faa5edf5534747b4935e7351b58e5) Importer(815301076,1909f56bfc062723c751e8b465ee728b)
Start importing Assets/GothicVania Church/Environment/tileset_38.asset using Guid(263faa5edf5534747b4935e7351b58e5) Importer(815301076,1909f56bfc062723c751e8b465ee728b)  -> (artifact id: '74c06e71b72b8089fcbd7d99ff94e059') in 0.100062 seconds 
========================================================================
Received Import Request.
  Time since last request: 0.000061 seconds.
  path: Assets/GothicVania Church/Environment/tileset_56.asset
  artifactKey: Guid(275f54bcd6b27f642a27b2c21422aff8) Importer(815301076,1909f56bfc062723c751e8b465ee728b)
Start importing Assets/GothicVania Church/Environment/tileset_56.asset using Guid(275f54bcd6b27f642a27b2c21422aff8) Importer(815301076,1909f56bfc062723c751e8b465ee728b)  -> (artifact id: '3314daeee7549d87d73d1ca9196ce562') in 0.016811 seconds 
========================================================================
Received Import Request.
  Time since last request: 0.000068 seconds.
  path: Assets/GothicVania Church/Environment/tileset_46.asset
  artifactKey: Guid(a7588e3be334d4543a658ba10c9feb85) Importer(815301076,1909f56bfc062723c751e8b465ee728b)
Start importing Assets/GothicVania Church/Environment/tileset_46.asset using Guid(a7588e3be334d4543a658ba10c9feb85) Importer(815301076,1909f56bfc062723c751e8b465ee728b)  -> (artifact id: '7c7137e8babf634edf36f6e5062878b2') in 0.021261 seconds 
========================================================================
Received Import Request.
  Time since last request: 0.000028 seconds.
  path: Assets/GothicVania Church/Environment/tileset_44.asset
  artifactKey: Guid(f8861907d00e3ea47ae7c3e28c852bac) Importer(815301076,1909f56bfc062723c751e8b465ee728b)
Start importing Assets/GothicVania Church/Environment/tileset_44.asset using Guid(f8861907d00e3ea47ae7c3e28c852bac) Importer(815301076,1909f56bfc062723c751e8b465ee728b)  -> (artifact id: '872d56a0f54fe69bbd175296c64d98be') in 0.018606 seconds 
========================================================================
Received Import Request.
  Time since last request: 0.000029 seconds.
  path: Assets/GothicVania Church/Environment/tileset_48.asset
  artifactKey: Guid(0f33eb10f37cd18488b35c04a87b6bdd) Importer(815301076,1909f56bfc062723c751e8b465ee728b)
Start importing Assets/GothicVania Church/Environment/tileset_48.asset using Guid(0f33eb10f37cd18488b35c04a87b6bdd) Importer(815301076,1909f56bfc062723c751e8b465ee728b)  -> (artifact id: 'd46e9de7f7543b3c88308a8568b56c24') in 0.017182 seconds 
========================================================================
Received Import Request.
  Time since last request: 0.000023 seconds.
  path: Assets/GothicVania Church/Environment/tileset_39.asset
  artifactKey: Guid(e163f1ed840dc2641abad5f39026f35d) Importer(815301076,1909f56bfc062723c751e8b465ee728b)
Start importing Assets/GothicVania Church/Environment/tileset_39.asset using Guid(e163f1ed840dc2641abad5f39026f35d) Importer(815301076,1909f56bfc062723c751e8b465ee728b)  -> (artifact id: '67ff52203066240c2e90b300376cd701') in 0.015372 seconds 
========================================================================
Received Import Request.
  Time since last request: 0.000035 seconds.
  path: Assets/GothicVania Church/Environment/tileset_59.asset
  artifactKey: Guid(b6d07d9e9a1d6654dadf28d4887b711d) Importer(815301076,1909f56bfc062723c751e8b465ee728b)
Start importing Assets/GothicVania Church/Environment/tileset_59.asset using Guid(b6d07d9e9a1d6654dadf28d4887b711d) Importer(815301076,1909f56bfc062723c751e8b465ee728b)  -> (artifact id: 'f01f4bfe3f5dbbe5c26a8c493cd0f2e2') in 0.016853 seconds 
========================================================================
Received Import Request.
  Time since last request: 0.000025 seconds.
  path: Assets/GothicVania Church/Environment/tileset_67.asset
  artifactKey: Guid(d0fcb3f529333f745be13f4e9172d8e5) Importer(815301076,1909f56bfc062723c751e8b465ee728b)
Start importing Assets/GothicVania Church/Environment/tileset_67.asset using Guid(d0fcb3f529333f745be13f4e9172d8e5) Importer(815301076,1909f56bfc062723c751e8b465ee728b)  -> (artifact id: '07121d68bab9d676c3d31484c1bdb919') in 0.015879 seconds 
========================================================================
Received Import Request.
  Time since last request: 0.000036 seconds.
  path: Assets/GothicVania Church/Environment/tileset_43.asset
  artifactKey: Guid(a4ba31823b5d29e459454baa757616e4) Importer(815301076,1909f56bfc062723c751e8b465ee728b)
Start importing Assets/GothicVania Church/Environment/tileset_43.asset using Guid(a4ba31823b5d29e459454baa757616e4) Importer(815301076,1909f56bfc062723c751e8b465ee728b)  -> (artifact id: '3b5d5355f34ab49f95b2fa9c7e2ed186') in 0.015891 seconds 
========================================================================
Received Import Request.
  Time since last request: 0.000021 seconds.
  path: Assets/GothicVania Church/Environment/tileset_54.asset
  artifactKey: Guid(30253490ee04a324c9dbd0877869517a) Importer(815301076,1909f56bfc062723c751e8b465ee728b)
Start importing Assets/GothicVania Church/Environment/tileset_54.asset using Guid(30253490ee04a324c9dbd0877869517a) Importer(815301076,1909f56bfc062723c751e8b465ee728b)  -> (artifact id: '1a33b59a5f094cb86a37ac457bf705e1') in 0.014241 seconds 
========================================================================
Received Import Request.
  Time since last request: 0.000021 seconds.
  path: Assets/GothicVania Church/Environment/tileset_52.asset
  artifactKey: Guid(d562174887c49e74b9c11c902787ca7d) Importer(815301076,1909f56bfc062723c751e8b465ee728b)
Start importing Assets/GothicVania Church/Environment/tileset_52.asset using Guid(d562174887c49e74b9c11c902787ca7d) Importer(815301076,1909f56bfc062723c751e8b465ee728b)  -> (artifact id: '3ded34c6adb340fcc193fc2f38f6326b') in 0.014988 seconds 
========================================================================
Received Import Request.
  Time since last request: 0.000028 seconds.
  path: Assets/GothicVania Church/Environment/tileset_63.asset
  artifactKey: Guid(32a40f2377f15d342a8eea843cd04179) Importer(815301076,1909f56bfc062723c751e8b465ee728b)
Start importing Assets/GothicVania Church/Environment/tileset_63.asset using Guid(32a40f2377f15d342a8eea843cd04179) Importer(815301076,1909f56bfc062723c751e8b465ee728b)  -> (artifact id: 'a10d6407a7744f46aede1e87c8a7fba6') in 0.014795 seconds 
========================================================================
Received Import Request.
  Time since last request: 0.000041 seconds.
  path: Assets/GothicVania Church/Environment/tileset_53.asset
  artifactKey: Guid(8c82ad31655ace44ab799a713e4bc193) Importer(815301076,1909f56bfc062723c751e8b465ee728b)
Start importing Assets/GothicVania Church/Environment/tileset_53.asset using Guid(8c82ad31655ace44ab799a713e4bc193) Importer(815301076,1909f56bfc062723c751e8b465ee728b)  -> (artifact id: 'da528420dc0956072e6cf4f7e0c27fa7') in 0.017062 seconds 
========================================================================
Received Import Request.
  Time since last request: 0.000027 seconds.
  path: Assets/GothicVania Church/Environment/tileset_61.asset
  artifactKey: Guid(db5231b290fc578428463bad22036d7c) Importer(815301076,1909f56bfc062723c751e8b465ee728b)
Start importing Assets/GothicVania Church/Environment/tileset_61.asset using Guid(db5231b290fc578428463bad22036d7c) Importer(815301076,1909f56bfc062723c751e8b465ee728b)  -> (artifact id: '28cdb05f798c5862d94c9f3d927a2c0c') in 0.016603 seconds 
========================================================================
Received Import Request.
  Time since last request: 0.000032 seconds.
  path: Assets/GothicVania Church/Environment/tileset_42.asset
  artifactKey: Guid(417d635b9b38c0b4faa9846ebff7bff3) Importer(815301076,1909f56bfc062723c751e8b465ee728b)
Start importing Assets/GothicVania Church/Environment/tileset_42.asset using Guid(417d635b9b38c0b4faa9846ebff7bff3) Importer(815301076,1909f56bfc062723c751e8b465ee728b)  -> (artifact id: 'c5d048aa036745cebffb144ba95f66d2') in 0.016798 seconds 
========================================================================
Received Import Request.
  Time since last request: 0.000041 seconds.
  path: Assets/GothicVania Church/Environment/tileset_65.asset
  artifactKey: Guid(0e629bd7ba4269b4785f2c16a6570197) Importer(815301076,1909f56bfc062723c751e8b465ee728b)
Start importing Assets/GothicVania Church/Environment/tileset_65.asset using Guid(0e629bd7ba4269b4785f2c16a6570197) Importer(815301076,1909f56bfc062723c751e8b465ee728b)  -> (artifact id: 'b61d33356f0af1fc429cf60d15d46077') in 0.015069 seconds 
========================================================================
Received Import Request.
  Time since last request: 0.130140 seconds.
  path: Assets/GothicVania Church/Environment/tileset_71.asset
  artifactKey: Guid(c151a95b2dbe5ff4aae1803a81afa5df) Importer(815301076,1909f56bfc062723c751e8b465ee728b)
Start importing Assets/GothicVania Church/Environment/tileset_71.asset using Guid(c151a95b2dbe5ff4aae1803a81afa5df) Importer(815301076,1909f56bfc062723c751e8b465ee728b)  -> (artifact id: 'f339dbe3a6e3f58dd32240e61c2c419a') in 0.015947 seconds 
========================================================================
Received Import Request.
  Time since last request: 0.000020 seconds.
  path: Assets/GothicVania Church/Environment/tileset_79.asset
  artifactKey: Guid(dc317013a1820c9418bc4e1418a6ef21) Importer(815301076,1909f56bfc062723c751e8b465ee728b)
Start importing Assets/GothicVania Church/Environment/tileset_79.asset using Guid(dc317013a1820c9418bc4e1418a6ef21) Importer(815301076,1909f56bfc062723c751e8b465ee728b)  -> (artifact id: 'f132678323e28e9936763ff97365fed1') in 0.017163 seconds 
========================================================================
Received Import Request.
  Time since last request: 0.000044 seconds.
  path: Assets/GothicVania Church/Environment/tileset_75.asset
  artifactKey: Guid(6e735b4ce839fa94eb94758b6ab11b99) Importer(815301076,1909f56bfc062723c751e8b465ee728b)
Start importing Assets/GothicVania Church/Environment/tileset_75.asset using Guid(6e735b4ce839fa94eb94758b6ab11b99) Importer(815301076,1909f56bfc062723c751e8b465ee728b)  -> (artifact id: '4eba7f2ff480219c94972c23a7111b5b') in 0.020885 seconds 
========================================================================
Received Import Request.
  Time since last request: 0.000028 seconds.
  path: Assets/GothicVania Church/Environment/tileset_85.asset
  artifactKey: Guid(e1b42951127301c40aae105272238850) Importer(815301076,1909f56bfc062723c751e8b465ee728b)
Start importing Assets/GothicVania Church/Environment/tileset_85.asset using Guid(e1b42951127301c40aae105272238850) Importer(815301076,1909f56bfc062723c751e8b465ee728b)  -> (artifact id: '909a049dbad87dadc09261fb8b5182f9') in 0.019001 seconds 
========================================================================
Received Import Request.
  Time since last request: 0.000035 seconds.
  path: Assets/GothicVania Church/Environment/tileset_95.asset
  artifactKey: Guid(32af545560c9678458a21f78cb0794ba) Importer(815301076,1909f56bfc062723c751e8b465ee728b)
Start importing Assets/GothicVania Church/Environment/tileset_95.asset using Guid(32af545560c9678458a21f78cb0794ba) Importer(815301076,1909f56bfc062723c751e8b465ee728b)  -> (artifact id: 'b843ee4179679a6ecb274d0c3e6709a0') in 0.017518 seconds 
========================================================================
Received Import Request.
  Time since last request: 0.000028 seconds.
  path: Assets/GothicVania Church/Environment/tileset_96.asset
  artifactKey: Guid(abf5029edc1e29c45ab24d0da401c1e4) Importer(815301076,1909f56bfc062723c751e8b465ee728b)
Start importing Assets/GothicVania Church/Environment/tileset_96.asset using Guid(abf5029edc1e29c45ab24d0da401c1e4) Importer(815301076,1909f56bfc062723c751e8b465ee728b)  -> (artifact id: 'fded5bfe54287708ee48832acf129751') in 0.017411 seconds 
========================================================================
Received Import Request.
  Time since last request: 0.000025 seconds.
  path: Assets/GothicVania Church/Environment/tileset_93.asset
  artifactKey: Guid(2cb285bd4e89423408f1274ed09fd03f) Importer(815301076,1909f56bfc062723c751e8b465ee728b)
Start importing Assets/GothicVania Church/Environment/tileset_93.asset using Guid(2cb285bd4e89423408f1274ed09fd03f) Importer(815301076,1909f56bfc062723c751e8b465ee728b)  -> (artifact id: '5b001f2295de83c8264ce6a3b58c17f3') in 0.017239 seconds 
========================================================================
Received Import Request.
  Time since last request: 0.000025 seconds.
  path: Assets/GothicVania Church/Environment/tileset_94.asset
  artifactKey: Guid(448ff2ff658f32946ac3905524ee8785) Importer(815301076,1909f56bfc062723c751e8b465ee728b)
Start importing Assets/GothicVania Church/Environment/tileset_94.asset using Guid(448ff2ff658f32946ac3905524ee8785) Importer(815301076,1909f56bfc062723c751e8b465ee728b)  -> (artifact id: '959c7c3828fff8f575a4de3158a8c3a5') in 0.017675 seconds 
========================================================================
Received Import Request.
  Time since last request: 0.000043 seconds.
  path: Assets/GothicVania Church/Environment/tileset_88.asset
  artifactKey: Guid(a6a900793a74ba24da23027b1896d414) Importer(815301076,1909f56bfc062723c751e8b465ee728b)
Start importing Assets/GothicVania Church/Environment/tileset_88.asset using Guid(a6a900793a74ba24da23027b1896d414) Importer(815301076,1909f56bfc062723c751e8b465ee728b)  -> (artifact id: 'e6929c0cdcd5748e137e6a1dbd4b6bad') in 0.018222 seconds 
========================================================================
Received Import Request.
  Time since last request: 0.000029 seconds.
  path: Assets/GothicVania Church/Environment/tileset_87.asset
  artifactKey: Guid(21b26321797394f45bd1f7062f741caf) Importer(815301076,1909f56bfc062723c751e8b465ee728b)
Start importing Assets/GothicVania Church/Environment/tileset_87.asset using Guid(21b26321797394f45bd1f7062f741caf) Importer(815301076,1909f56bfc062723c751e8b465ee728b)  -> (artifact id: 'bab3e33c7e903ba58b82951faf6ff137') in 0.017223 seconds 
========================================================================
Received Import Request.
  Time since last request: 0.000046 seconds.
  path: Assets/GothicVania Church/Environment/tileset_77.asset
  artifactKey: Guid(069cbf21f90806a409da26de6496eec7) Importer(815301076,1909f56bfc062723c751e8b465ee728b)
Start importing Assets/GothicVania Church/Environment/tileset_77.asset using Guid(069cbf21f90806a409da26de6496eec7) Importer(815301076,1909f56bfc062723c751e8b465ee728b)  -> (artifact id: '8d63ed4cb164c2b4e5eefcadb5de1e1c') in 0.020015 seconds 
========================================================================
Received Import Request.
  Time since last request: 0.000047 seconds.
  path: Assets/GothicVania Church/Environment/tileset_81.asset
  artifactKey: Guid(e0859491f2bdb7d41b8bec3e7c352cc3) Importer(815301076,1909f56bfc062723c751e8b465ee728b)
Start importing Assets/GothicVania Church/Environment/tileset_81.asset using Guid(e0859491f2bdb7d41b8bec3e7c352cc3) Importer(815301076,1909f56bfc062723c751e8b465ee728b)  -> (artifact id: 'f3e29e6b92ee327ff8eb97961d3f9360') in 0.021206 seconds 
========================================================================
Received Import Request.
  Time since last request: 0.000034 seconds.
  path: Assets/GothicVania Church/Environment/tileset_91.asset
  artifactKey: Guid(5c0b3d229bb1f3b43adfe70aa9b234e6) Importer(815301076,1909f56bfc062723c751e8b465ee728b)
Start importing Assets/GothicVania Church/Environment/tileset_91.asset using Guid(5c0b3d229bb1f3b43adfe70aa9b234e6) Importer(815301076,1909f56bfc062723c751e8b465ee728b)  -> (artifact id: '11c1c0ee89a738f6ca3e27262d3c5d09') in 0.019631 seconds 
========================================================================
Received Import Request.
  Time since last request: 0.000028 seconds.
  path: Assets/GothicVania Church/Environment/tileset_100.asset
  artifactKey: Guid(fc0c6729e6dfcb849a187b87b471a633) Importer(815301076,1909f56bfc062723c751e8b465ee728b)
Start importing Assets/GothicVania Church/Environment/tileset_100.asset using Guid(fc0c6729e6dfcb849a187b87b471a633) Importer(815301076,1909f56bfc062723c751e8b465ee728b)  -> (artifact id: '917975c86feff28911ee16f5f02c8ffa') in 0.020687 seconds 
========================================================================
Received Import Request.
  Time since last request: 0.000032 seconds.
  path: Assets/GothicVania Church/Environment/tileset_98.asset
  artifactKey: Guid(d7c6d9aba345fa9418709c14977d7748) Importer(815301076,1909f56bfc062723c751e8b465ee728b)
Start importing Assets/GothicVania Church/Environment/tileset_98.asset using Guid(d7c6d9aba345fa9418709c14977d7748) Importer(815301076,1909f56bfc062723c751e8b465ee728b)  -> (artifact id: '38c59c9ba20dd5ed1c27933331b3f89b') in 0.015877 seconds 
========================================================================
Received Import Request.
  Time since last request: 0.000030 seconds.
  path: Assets/GothicVania Church/Environment/tileset_76.asset
  artifactKey: Guid(aacc7322f77cd0e4d8bcdbc9a547b382) Importer(815301076,1909f56bfc062723c751e8b465ee728b)
Start importing Assets/GothicVania Church/Environment/tileset_76.asset using Guid(aacc7322f77cd0e4d8bcdbc9a547b382) Importer(815301076,1909f56bfc062723c751e8b465ee728b)  -> (artifact id: 'facc79fa9ba809b6ce3c70b768fae78f') in 0.016449 seconds 
========================================================================
Received Import Request.
  Time since last request: 0.000026 seconds.
  path: Assets/GothicVania Church/Environment/tileset_101.asset
  artifactKey: Guid(42b710119e047e24982e873b27d7d43b) Importer(815301076,1909f56bfc062723c751e8b465ee728b)
Start importing Assets/GothicVania Church/Environment/tileset_101.asset using Guid(42b710119e047e24982e873b27d7d43b) Importer(815301076,1909f56bfc062723c751e8b465ee728b)  -> (artifact id: 'c9b82efccec2f7c7ee90c45ce0d11184') in 0.016438 seconds 
Editor requested this worker to shutdown with reason: Scaling down because of idle timeout
AssetImportWorker is now disconnected from the server
Process exiting
Exiting without the bug reporter. Application will terminate with return code 0