Using pre-set license
Built from '2021.3/staging' branch; Version is '2021.3.20f1 (577897200b8b) revision 5732503'; Using compiler version '192829333'; Build Type 'Release'
OS: 'Windows 10  (10.0.19045) 64bit Professional' Language: 'es' Physical Memory: 16333 MB
BatchMode: 1, IsHumanControllingUs: 0, StartBugReporterOnCrash: 0, Is64bit: 1, IsPro: 1

COMMAND LINE ARGUMENTS:
C:\Program Files\Unity\Hub\Editor\2021.3.20f1\Editor\Unity.exe
-adb2
-batchMode
-noUpm
-name
AssetImportWorker4
-projectPath
C:/Users/la.fernandez/Desktop/SACRED-HITMAN/prueba
-logFile
Logs/AssetImportWorker4.log
-srvPort
50088
Successfully changed project path to: C:/Users/la.fernandez/Desktop/SACRED-HITMAN/prueba
C:/Users/la.fernandez/Desktop/SACRED-HITMAN/prueba
[UnityMemory] Configuration Parameters - Can be set up in boot.config
    "memorysetup-bucket-allocator-granularity=16"
    "memorysetup-bucket-allocator-bucket-count=8"
    "memorysetup-bucket-allocator-block-size=33554432"
    "memorysetup-bucket-allocator-block-count=8"
    "memorysetup-main-allocator-block-size=16777216"
    "memorysetup-thread-allocator-block-size=16777216"
    "memorysetup-gfx-main-allocator-block-size=16777216"
    "memorysetup-gfx-thread-allocator-block-size=16777216"
    "memorysetup-cache-allocator-block-size=4194304"
    "memorysetup-typetree-allocator-block-size=2097152"
    "memorysetup-profiler-bucket-allocator-granularity=16"
    "memorysetup-profiler-bucket-allocator-bucket-count=8"
    "memorysetup-profiler-bucket-allocator-block-size=33554432"
    "memorysetup-profiler-bucket-allocator-block-count=8"
    "memorysetup-profiler-allocator-block-size=16777216"
    "memorysetup-profiler-editor-allocator-block-size=1048576"
    "memorysetup-temp-allocator-size-main=16777216"
    "memorysetup-job-temp-allocator-block-size=2097152"
    "memorysetup-job-temp-allocator-block-size-background=1048576"
    "memorysetup-job-temp-allocator-reduction-small-platforms=262144"
    "memorysetup-temp-allocator-size-background-worker=32768"
    "memorysetup-temp-allocator-size-job-worker=262144"
    "memorysetup-temp-allocator-size-preload-manager=33554432"
    "memorysetup-temp-allocator-size-nav-mesh-worker=65536"
    "memorysetup-temp-allocator-size-audio-worker=65536"
    "memorysetup-temp-allocator-size-cloud-worker=32768"
    "memorysetup-temp-allocator-size-gi-baking-worker=262144"
    "memorysetup-temp-allocator-size-gfx=262144"
Player connection [17856] Host "[IP] 192.168.42.89 [Port] 0 [Flags] 2 [Guid] 3588144467 [EditorId] 3588144467 [Version] 1048832 [Id] WindowsEditor(7,LAB2I2PC2) [Debug] 1 [PackageName] WindowsEditor [ProjectName] Editor" joined multi-casting on [225.0.0.222:54997]...

Player connection [17856] Host "[IP] 192.168.42.89 [Port] 0 [Flags] 2 [Guid] 3588144467 [EditorId] 3588144467 [Version] 1048832 [Id] WindowsEditor(7,LAB2I2PC2) [Debug] 1 [PackageName] WindowsEditor [ProjectName] Editor" joined alternative multi-casting on [225.0.0.222:34997]...

Refreshing native plugins compatible for Editor in 142.08 ms, found 4 plugins.
Preloading 0 native plugins for Editor in 0.00 ms.
Initialize engine version: 2021.3.20f1 (577897200b8b)
[Subsystems] Discovering subsystems at path C:/Program Files/Unity/Hub/Editor/2021.3.20f1/Editor/Data/Resources/UnitySubsystems
[Subsystems] Discovering subsystems at path C:/Users/la.fernandez/Desktop/SACRED-HITMAN/prueba/Assets
GfxDevice: creating device client; threaded=0; jobified=0
Direct3D:
    Version:  Direct3D 11.0 [level 11.1]
    Renderer: NVIDIA GeForce GTX 1650 SUPER (ID=0x2187)
    Vendor:   NVIDIA
    VRAM:     3955 MB
    Driver:   31.0.15.1694
Initialize mono
Mono path[0] = 'C:/Program Files/Unity/Hub/Editor/2021.3.20f1/Editor/Data/Managed'
Mono path[1] = 'C:/Program Files/Unity/Hub/Editor/2021.3.20f1/Editor/Data/MonoBleedingEdge/lib/mono/unityjit-win32'
Mono config path = 'C:/Program Files/Unity/Hub/Editor/2021.3.20f1/Editor/Data/MonoBleedingEdge/etc'
Using monoOptions --debugger-agent=transport=dt_socket,embedding=1,server=y,suspend=n,address=127.0.0.1:56636
Begin MonoManager ReloadAssembly
Registering precompiled unity dll's ...
Register platform support module: C:/Program Files/Unity/Hub/Editor/2021.3.20f1/Editor/Data/PlaybackEngines/WebGLSupport/UnityEditor.WebGL.Extensions.dll
Register platform support module: C:/Program Files/Unity/Hub/Editor/2021.3.20f1/Editor/Data/PlaybackEngines/AndroidPlayer/UnityEditor.Android.Extensions.dll
Register platform support module: C:/Program Files/Unity/Hub/Editor/2021.3.20f1/Editor/Data/PlaybackEngines/WindowsStandaloneSupport/UnityEditor.WindowsStandalone.Extensions.dll
Register platform support module: C:/Program Files/Unity/Hub/Editor/2021.3.20f1/Editor/Data/PlaybackEngines/MetroSupport/UnityEditor.UWP.Extensions.dll
Registered in 0.010089 seconds.
Native extension for UWP target not found
Native extension for WindowsStandalone target not found
Native extension for Android target not found
Android Extension - Scanning For ADB Devices 263 ms
Native extension for WebGL target not found
Refreshing native plugins compatible for Editor in 116.66 ms, found 4 plugins.
Preloading 0 native plugins for Editor in 0.00 ms.
Mono: successfully reloaded assembly
- Completed reload, in  1.077 seconds
Domain Reload Profiling:
	ReloadAssembly (1078ms)
		BeginReloadAssembly (98ms)
			ExecutionOrderSort (0ms)
			DisableScriptedObjects (0ms)
			BackupInstance (0ms)
			ReleaseScriptingObjects (0ms)
			CreateAndSetChildDomain (1ms)
		EndReloadAssembly (863ms)
			LoadAssemblies (96ms)
			RebuildTransferFunctionScriptingTraits (0ms)
			SetupTypeCache (126ms)
			ReleaseScriptCaches (0ms)
			RebuildScriptCaches (32ms)
			SetupLoadedEditorAssemblies (643ms)
				LogAssemblyErrors (0ms)
				InitializePlatformSupportModulesInManaged (352ms)
				SetLoadedEditorAssemblies (0ms)
				RefreshPlugins (117ms)
				BeforeProcessingInitializeOnLoad (1ms)
				ProcessInitializeOnLoadAttributes (104ms)
				ProcessInitializeOnLoadMethodAttributes (68ms)
				AfterProcessingInitializeOnLoad (0ms)
				EditorAssembliesLoaded (0ms)
			ExecutionOrderSort2 (0ms)
			AwakeInstancesAfterBackupRestoration (0ms)
Platform modules already initialized, skipping
Registering precompiled user dll's ...
Registered in 0.008991 seconds.
Begin MonoManager ReloadAssembly
Symbol file LoadedFromMemory doesn't match image C:\Users\la.fernandez\Desktop\SACRED-HITMAN\prueba\Library\PackageCache\com.unity.visualscripting@1.8.0\Editor\VisualScripting.Core\Dependencies\YamlDotNet\Unity.VisualScripting.YamlDotNet.dll
Symbol file LoadedFromMemory doesn't match image C:\Users\la.fernandez\Desktop\SACRED-HITMAN\prueba\Library\PackageCache\com.unity.visualscripting@1.8.0\Editor\VisualScripting.Core\Dependencies\DotNetZip\Unity.VisualScripting.IonicZip.dll
Native extension for UWP target not found
Native extension for WindowsStandalone target not found
Native extension for Android target not found
Native extension for WebGL target not found
Refreshing native plugins compatible for Editor in 121.63 ms, found 4 plugins.
Preloading 0 native plugins for Editor in 0.00 ms.
Mono: successfully reloaded assembly
- Completed reload, in  6.649 seconds
Domain Reload Profiling:
	ReloadAssembly (6650ms)
		BeginReloadAssembly (137ms)
			ExecutionOrderSort (0ms)
			DisableScriptedObjects (7ms)
			BackupInstance (0ms)
			ReleaseScriptingObjects (0ms)
			CreateAndSetChildDomain (24ms)
		EndReloadAssembly (6306ms)
			LoadAssemblies (4630ms)
			RebuildTransferFunctionScriptingTraits (0ms)
			SetupTypeCache (803ms)
			ReleaseScriptCaches (1ms)
			RebuildScriptCaches (74ms)
			SetupLoadedEditorAssemblies (751ms)
				LogAssemblyErrors (0ms)
				InitializePlatformSupportModulesInManaged (23ms)
				SetLoadedEditorAssemblies (0ms)
				RefreshPlugins (122ms)
				BeforeProcessingInitializeOnLoad (109ms)
				ProcessInitializeOnLoadAttributes (443ms)
				ProcessInitializeOnLoadMethodAttributes (46ms)
				AfterProcessingInitializeOnLoad (9ms)
				EditorAssembliesLoaded (0ms)
			ExecutionOrderSort2 (0ms)
			AwakeInstancesAfterBackupRestoration (6ms)
Platform modules already initialized, skipping
========================================================================
Worker process is ready to serve import requests
Launched and connected shader compiler UnityShaderCompiler.exe after 0.04 seconds
Refreshing native plugins compatible for Editor in 0.91 ms, found 4 plugins.
Preloading 0 native plugins for Editor in 0.00 ms.
Unloading 3910 Unused Serialized files (Serialized files now loaded: 0)
Unloading 48 unused Assets / (129.0 KB). Loaded Objects now: 4372.
Memory consumption went from 148.9 MB to 148.8 MB.
Total: 3.863800 ms (FindLiveObjects: 0.366000 ms CreateObjectMapping: 0.115400 ms MarkObjects: 3.268700 ms  DeleteObjects: 0.112700 ms)

AssetImportParameters requested are different than current active one (requested -> active):
  custom:video-decoder-ogg-theora: a1e56fd34408186e4bbccfd4996cb3dc -> 
  custom:container-muxer-webm: aa71ff27fc2769a1b78a27578f13a17b -> 
  custom:container-demuxer-webm: 4f35f7cbe854078d1ac9338744f61a02 -> 
  custom:video-encoder-webm-vp8: eb34c28f22e8b96e1ab97ce403110664 -> 
  custom:audio-encoder-webm-vorbis: bf7c407c2cedff20999df2af8eb42d56 -> 
  custom:framework-win-MediaFoundation: 216162199b28c13a410421893ffa2e32 -> 
  custom:container-demuxer-ogg: 62fdf1f143b41e24485cea50d1cbac27 -> 
  custom:video-decoder-webm-vp8: 9c59270c3fd7afecdb556c50c9e8de78 -> 
  custom:audio-decoder-ogg-vorbis: bf7c407c2cedff20999df2af8eb42d56 -> 
========================================================================
Received Import Request.
  Time since last request: 1576.558957 seconds.
  path: Assets/2D Pixel Item Pack/No Outline/S_ItemNoOutline_CoinRed_00.png
  artifactKey: Guid(ee180329dcbf39340894f49a646df1cd) Importer(815301076,1909f56bfc062723c751e8b465ee728b)
Start importing Assets/2D Pixel Item Pack/No Outline/S_ItemNoOutline_CoinRed_00.png using Guid(ee180329dcbf39340894f49a646df1cd) Importer(815301076,1909f56bfc062723c751e8b465ee728b)  -> (artifact id: '05cf5e7fa06d88d4b945016435008090') in 0.159479 seconds 
========================================================================
Received Import Request.
  Time since last request: 0.000058 seconds.
  path: Assets/2D Pixel Item Pack/No Outline/S_ItemNoOutline_HeartRed_00.png
  artifactKey: Guid(23565949412127044ace543e892409b2) Importer(815301076,1909f56bfc062723c751e8b465ee728b)
Start importing Assets/2D Pixel Item Pack/No Outline/S_ItemNoOutline_HeartRed_00.png using Guid(23565949412127044ace543e892409b2) Importer(815301076,1909f56bfc062723c751e8b465ee728b)  -> (artifact id: 'fddc385961e7af86cd5b794ae3e15673') in 0.029766 seconds 
========================================================================
Received Import Request.
  Time since last request: 0.000047 seconds.
  path: Assets/2D Pixel Item Pack/No Outline/S_ItemNoOutline_JarPurple_00.png
  artifactKey: Guid(705d80d2f8e09c14ba1867fc40ca752b) Importer(815301076,1909f56bfc062723c751e8b465ee728b)
Start importing Assets/2D Pixel Item Pack/No Outline/S_ItemNoOutline_JarPurple_00.png using Guid(705d80d2f8e09c14ba1867fc40ca752b) Importer(815301076,1909f56bfc062723c751e8b465ee728b)  -> (artifact id: '3a9b9e0282a72b1ca0a8e0ea9ff5d592') in 0.032613 seconds 
========================================================================
Received Import Request.
  Time since last request: 0.000028 seconds.
  path: Assets/2D Pixel Item Pack/No Outline/S_ItemNoOutline_PotionPurple_00.png
  artifactKey: Guid(48427561134115740b6f6e2caf015996) Importer(815301076,1909f56bfc062723c751e8b465ee728b)
Start importing Assets/2D Pixel Item Pack/No Outline/S_ItemNoOutline_PotionPurple_00.png using Guid(48427561134115740b6f6e2caf015996) Importer(815301076,1909f56bfc062723c751e8b465ee728b)  -> (artifact id: '5427a26ac0818dfbc33d48df56a7b962') in 0.029486 seconds 
========================================================================
Received Import Request.
  Time since last request: 0.000029 seconds.
  path: Assets/2D Pixel Item Pack/No Outline/S_ItemNoOutline_PotionRed_00.png
  artifactKey: Guid(a38de2af0ebcd1d438398af9491043ac) Importer(815301076,1909f56bfc062723c751e8b465ee728b)
Start importing Assets/2D Pixel Item Pack/No Outline/S_ItemNoOutline_PotionRed_00.png using Guid(a38de2af0ebcd1d438398af9491043ac) Importer(815301076,1909f56bfc062723c751e8b465ee728b)  -> (artifact id: 'dd7c786d2754df80ceb0561737465b23') in 0.026253 seconds 
========================================================================
Received Import Request.
  Time since last request: 0.000037 seconds.
  path: Assets/2D Pixel Item Pack/No Outline/S_ItemNoOutline_PotionBlue_00.png
  artifactKey: Guid(2b3f72a8c25c0db42831048113b1ac60) Importer(815301076,1909f56bfc062723c751e8b465ee728b)
Start importing Assets/2D Pixel Item Pack/No Outline/S_ItemNoOutline_PotionBlue_00.png using Guid(2b3f72a8c25c0db42831048113b1ac60) Importer(815301076,1909f56bfc062723c751e8b465ee728b)  -> (artifact id: 'a6ecdde6b7f8ced6359286026fe940d3') in 0.025643 seconds 
========================================================================
Received Import Request.
  Time since last request: 0.000034 seconds.
  path: Assets/2D Pixel Item Pack/No Outline/S_ItemNoOutline_JarGold_00.png
  artifactKey: Guid(6ac74b0e3aa9f0e4693ac30504573201) Importer(815301076,1909f56bfc062723c751e8b465ee728b)
Start importing Assets/2D Pixel Item Pack/No Outline/S_ItemNoOutline_JarGold_00.png using Guid(6ac74b0e3aa9f0e4693ac30504573201) Importer(815301076,1909f56bfc062723c751e8b465ee728b)  -> (artifact id: '0b5ffaf8d03810c1e578d9cd06309e80') in 0.028937 seconds 
========================================================================
Received Import Request.
  Time since last request: 0.000030 seconds.
  path: Assets/2D Pixel Item Pack/No Outline/S_ItemNoOutline_PotionGold_02.png
  artifactKey: Guid(955f66ab17993b74eae3a0c8a446d007) Importer(815301076,1909f56bfc062723c751e8b465ee728b)
Start importing Assets/2D Pixel Item Pack/No Outline/S_ItemNoOutline_PotionGold_02.png using Guid(955f66ab17993b74eae3a0c8a446d007) Importer(815301076,1909f56bfc062723c751e8b465ee728b)  -> (artifact id: '0e87711e8e3668b8625daa211137c60e') in 0.028711 seconds 
========================================================================
Received Import Request.
  Time since last request: 7.422922 seconds.
  path: Assets/2D Pixel Item Pack/No Outline/S_ItemNoOutline_BarrelBlue_00.png
  artifactKey: Guid(f723f733b9289b5489cab1fac4d6a1c9) Importer(815301076,1909f56bfc062723c751e8b465ee728b)
Start importing Assets/2D Pixel Item Pack/No Outline/S_ItemNoOutline_BarrelBlue_00.png using Guid(f723f733b9289b5489cab1fac4d6a1c9) Importer(815301076,1909f56bfc062723c751e8b465ee728b)  -> (artifact id: 'c8c1d8d93f164a78901709bc4c29fc1c') in 0.034862 seconds 
========================================================================
Received Import Request.
  Time since last request: 0.000022 seconds.
  path: Assets/2D Pixel Item Pack/No Outline/S_ItemNoOutline_BarrelPurple_00.png
  artifactKey: Guid(999538d78e7c5a44c9b6687b1f4300d5) Importer(815301076,1909f56bfc062723c751e8b465ee728b)
Start importing Assets/2D Pixel Item Pack/No Outline/S_ItemNoOutline_BarrelPurple_00.png using Guid(999538d78e7c5a44c9b6687b1f4300d5) Importer(815301076,1909f56bfc062723c751e8b465ee728b)  -> (artifact id: 'd08c840367ada4c4413c9bf051609458') in 0.027980 seconds 
========================================================================
Received Import Request.
  Time since last request: 0.000033 seconds.
  path: Assets/2D Pixel Item Pack/No Outline/S_ItemNoOutline_CoinGold_00.png
  artifactKey: Guid(32b264cf55ad7444696b291a8a1b4886) Importer(815301076,1909f56bfc062723c751e8b465ee728b)
Start importing Assets/2D Pixel Item Pack/No Outline/S_ItemNoOutline_CoinGold_00.png using Guid(32b264cf55ad7444696b291a8a1b4886) Importer(815301076,1909f56bfc062723c751e8b465ee728b)  -> (artifact id: '22ad93065ed30ca227dbd4cc1114b314') in 0.026897 seconds 
========================================================================
Received Import Request.
  Time since last request: 0.000026 seconds.
  path: Assets/2D Pixel Item Pack/No Outline/S_ItemNoOutline_ChestRed_00.png
  artifactKey: Guid(d374c104b2b43c5449b430081e3d117e) Importer(815301076,1909f56bfc062723c751e8b465ee728b)
Start importing Assets/2D Pixel Item Pack/No Outline/S_ItemNoOutline_ChestRed_00.png using Guid(d374c104b2b43c5449b430081e3d117e) Importer(815301076,1909f56bfc062723c751e8b465ee728b)  -> (artifact id: 'c3664b6589b6fa6fdcdce1a323e80c2c') in 0.028904 seconds 
========================================================================
Received Import Request.
  Time since last request: 0.000028 seconds.
  path: Assets/2D Pixel Item Pack/No Outline/S_ItemNoOutline_CoinGreen_00.png
  artifactKey: Guid(9183feacbdb09714ab2b7fe8d652857a) Importer(815301076,1909f56bfc062723c751e8b465ee728b)
Start importing Assets/2D Pixel Item Pack/No Outline/S_ItemNoOutline_CoinGreen_00.png using Guid(9183feacbdb09714ab2b7fe8d652857a) Importer(815301076,1909f56bfc062723c751e8b465ee728b)  -> (artifact id: 'ac0b6a1431c1cc442ffa09d3edfe6ebe') in 0.026641 seconds 
========================================================================
Received Import Request.
  Time since last request: 0.000023 seconds.
  path: Assets/2D Pixel Item Pack/No Outline/S_ItemNoOutline_CoinBlue_00.png
  artifactKey: Guid(e51331a95da8f4c4f93a1172063345fb) Importer(815301076,1909f56bfc062723c751e8b465ee728b)
Start importing Assets/2D Pixel Item Pack/No Outline/S_ItemNoOutline_CoinBlue_00.png using Guid(e51331a95da8f4c4f93a1172063345fb) Importer(815301076,1909f56bfc062723c751e8b465ee728b)  -> (artifact id: '48b801bf31a18dcb530e0540f948e7fd') in 0.025920 seconds 
========================================================================
Received Prepare
Registering precompiled user dll's ...
Registered in 0.010000 seconds.
Begin MonoManager ReloadAssembly
Symbol file LoadedFromMemory doesn't match image C:\Users\la.fernandez\Desktop\SACRED-HITMAN\prueba\Library\PackageCache\com.unity.visualscripting@1.8.0\Editor\VisualScripting.Core\Dependencies\YamlDotNet\Unity.VisualScripting.YamlDotNet.dll
Symbol file LoadedFromMemory doesn't match image C:\Users\la.fernandez\Desktop\SACRED-HITMAN\prueba\Library\PackageCache\com.unity.visualscripting@1.8.0\Editor\VisualScripting.Core\Dependencies\DotNetZip\Unity.VisualScripting.IonicZip.dll
Native extension for UWP target not found
Native extension for WindowsStandalone target not found
Native extension for Android target not found
Native extension for WebGL target not found
Refreshing native plugins compatible for Editor in 1.73 ms, found 4 plugins.
Preloading 0 native plugins for Editor in 0.00 ms.
Mono: successfully reloaded assembly
- Completed reload, in  1.379 seconds
Domain Reload Profiling:
	ReloadAssembly (1380ms)
		BeginReloadAssembly (163ms)
			ExecutionOrderSort (0ms)
			DisableScriptedObjects (7ms)
			BackupInstance (0ms)
			ReleaseScriptingObjects (0ms)
			CreateAndSetChildDomain (42ms)
		EndReloadAssembly (1092ms)
			LoadAssemblies (114ms)
			RebuildTransferFunctionScriptingTraits (0ms)
			SetupTypeCache (356ms)
			ReleaseScriptCaches (2ms)
			RebuildScriptCaches (65ms)
			SetupLoadedEditorAssemblies (490ms)
				LogAssemblyErrors (0ms)
				InitializePlatformSupportModulesInManaged (28ms)
				SetLoadedEditorAssemblies (1ms)
				RefreshPlugins (2ms)
				BeforeProcessingInitializeOnLoad (99ms)
				ProcessInitializeOnLoadAttributes (303ms)
				ProcessInitializeOnLoadMethodAttributes (47ms)
				AfterProcessingInitializeOnLoad (11ms)
				EditorAssembliesLoaded (0ms)
			ExecutionOrderSort2 (0ms)
			AwakeInstancesAfterBackupRestoration (12ms)
Platform modules already initialized, skipping
Refreshing native plugins compatible for Editor in 3.44 ms, found 4 plugins.
Preloading 0 native plugins for Editor in 0.00 ms.
Unloading 3899 Unused Serialized files (Serialized files now loaded: 0)
Unloading 23 unused Assets / (95.3 KB). Loaded Objects now: 4405.
Memory consumption went from 152.1 MB to 152.0 MB.
Total: 4.593100 ms (FindLiveObjects: 0.358000 ms CreateObjectMapping: 0.150500 ms MarkObjects: 4.010900 ms  DeleteObjects: 0.072500 ms)

AssetImportParameters requested are different than current active one (requested -> active):
  custom:video-decoder-ogg-theora: a1e56fd34408186e4bbccfd4996cb3dc -> 
  custom:container-muxer-webm: aa71ff27fc2769a1b78a27578f13a17b -> 
  custom:container-demuxer-webm: 4f35f7cbe854078d1ac9338744f61a02 -> 
  custom:video-encoder-webm-vp8: eb34c28f22e8b96e1ab97ce403110664 -> 
  custom:audio-encoder-webm-vorbis: bf7c407c2cedff20999df2af8eb42d56 -> 
  custom:framework-win-MediaFoundation: 216162199b28c13a410421893ffa2e32 -> 
  custom:container-demuxer-ogg: 62fdf1f143b41e24485cea50d1cbac27 -> 
  custom:video-decoder-webm-vp8: 9c59270c3fd7afecdb556c50c9e8de78 -> 
  custom:audio-decoder-ogg-vorbis: bf7c407c2cedff20999df2af8eb42d56 -> 
========================================================================
Received Import Request.
  Time since last request: 442.667989 seconds.
  path: Assets/GothicVania Church/Sprites/Enemies/Angel-Attack/angel-attack-1.png
  artifactKey: Guid(ab8c6ad7260aa4988b3a67bd49e66038) Importer(815301076,1909f56bfc062723c751e8b465ee728b)
Start importing Assets/GothicVania Church/Sprites/Enemies/Angel-Attack/angel-attack-1.png using Guid(ab8c6ad7260aa4988b3a67bd49e66038) Importer(815301076,1909f56bfc062723c751e8b465ee728b)  -> (artifact id: '5addcdde7010f19019f7c28d8eafa9b2') in 0.093695 seconds 
========================================================================
Received Import Request.
  Time since last request: 0.000027 seconds.
  path: Assets/GothicVania Church/Sprites/Enemies/Angel-Idle/angel3.png
  artifactKey: Guid(66378c6e1c74a4e1598202a298a855b7) Importer(815301076,1909f56bfc062723c751e8b465ee728b)
Start importing Assets/GothicVania Church/Sprites/Enemies/Angel-Idle/angel3.png using Guid(66378c6e1c74a4e1598202a298a855b7) Importer(815301076,1909f56bfc062723c751e8b465ee728b)  -> (artifact id: 'f4542a43c22f51852f545bec3cc8488e') in 0.027505 seconds 
========================================================================
Received Import Request.
  Time since last request: 0.000023 seconds.
  path: Assets/GothicVania Church/Sprites/Enemies/Angel-Idle/angel4.png
  artifactKey: Guid(3be7eb8ca5bd045a5b1955571b2b357e) Importer(815301076,1909f56bfc062723c751e8b465ee728b)
Start importing Assets/GothicVania Church/Sprites/Enemies/Angel-Idle/angel4.png using Guid(3be7eb8ca5bd045a5b1955571b2b357e) Importer(815301076,1909f56bfc062723c751e8b465ee728b)  -> (artifact id: '5f6c6be97946191c2f72d6eec221ddaf') in 0.027877 seconds 
========================================================================
Received Import Request.
  Time since last request: 0.000028 seconds.
  path: Assets/GothicVania Church/Sprites/Enemies/Angel-Idle/angel2.png
  artifactKey: Guid(8227eed74717840efab40c23d2406b66) Importer(815301076,1909f56bfc062723c751e8b465ee728b)
Start importing Assets/GothicVania Church/Sprites/Enemies/Angel-Idle/angel2.png using Guid(8227eed74717840efab40c23d2406b66) Importer(815301076,1909f56bfc062723c751e8b465ee728b)  -> (artifact id: 'ef56fc18b95f7ae15cd85444749ceed6') in 0.030448 seconds 
========================================================================
Received Import Request.
  Time since last request: 0.000026 seconds.
  path: Assets/GothicVania Church/Sprites/Enemies/Angel-Idle/angel1.png
  artifactKey: Guid(fce97958da54a4c40a77191a048fa121) Importer(815301076,1909f56bfc062723c751e8b465ee728b)
Start importing Assets/GothicVania Church/Sprites/Enemies/Angel-Idle/angel1.png using Guid(fce97958da54a4c40a77191a048fa121) Importer(815301076,1909f56bfc062723c751e8b465ee728b)  -> (artifact id: 'd773959ef5d05a4b0de5c8ddcd5f957b') in 0.030011 seconds 
========================================================================
Received Import Request.
  Time since last request: 0.000072 seconds.
  path: Assets/GothicVania Church/Sprites/Enemies/Angel-Idle/angel5.png
  artifactKey: Guid(73ed7f313e86e4564afc2c7b474d707f) Importer(815301076,1909f56bfc062723c751e8b465ee728b)
Start importing Assets/GothicVania Church/Sprites/Enemies/Angel-Idle/angel5.png using Guid(73ed7f313e86e4564afc2c7b474d707f) Importer(815301076,1909f56bfc062723c751e8b465ee728b)  -> (artifact id: '01d4fbe16d944befe7f82c6652981bcb') in 0.025692 seconds 
========================================================================
Received Import Request.
  Time since last request: 0.893466 seconds.
  path: Assets/Gothicvania Cemetery Artwork/Environment/background.png
  artifactKey: Guid(df73b4bce81f34a13ad5c1760f1a7a40) Importer(815301076,1909f56bfc062723c751e8b465ee728b)
Start importing Assets/Gothicvania Cemetery Artwork/Environment/background.png using Guid(df73b4bce81f34a13ad5c1760f1a7a40) Importer(815301076,1909f56bfc062723c751e8b465ee728b)  -> (artifact id: '8a184d288c9f29275d0fd4c767f22673') in 0.046361 seconds 
========================================================================
Received Import Request.
  Time since last request: 0.000029 seconds.
  path: Assets/GrottoEscape2/GrottoEscape2Artwork/background/background_door.png
  artifactKey: Guid(ff71ea2cf2b874bd78ca8d1a426f8883) Importer(815301076,1909f56bfc062723c751e8b465ee728b)
Start importing Assets/GrottoEscape2/GrottoEscape2Artwork/background/background_door.png using Guid(ff71ea2cf2b874bd78ca8d1a426f8883) Importer(815301076,1909f56bfc062723c751e8b465ee728b)  -> (artifact id: '07ee484a974849ef2c4389ec475eebc6') in 0.030239 seconds 
========================================================================
Received Import Request.
  Time since last request: 0.061001 seconds.
  path: Assets/GrottoEscape2/GrottoEscape2Artwork/background/background_plant-alone.png
  artifactKey: Guid(8300005a8ecfb435ab5f1467ef544756) Importer(815301076,1909f56bfc062723c751e8b465ee728b)
Start importing Assets/GrottoEscape2/GrottoEscape2Artwork/background/background_plant-alone.png using Guid(8300005a8ecfb435ab5f1467ef544756) Importer(815301076,1909f56bfc062723c751e8b465ee728b)  -> (artifact id: '450c3c48cf1b130e9f3b0ea3365f7b0e') in 0.027396 seconds 
========================================================================
Received Import Request.
  Time since last request: 0.000063 seconds.
  path: Assets/GrottoEscape2/GrottoEscape2Artwork/background/background_plant-left.png
  artifactKey: Guid(0afec2dce4be34dfd91a5964175fb1be) Importer(815301076,1909f56bfc062723c751e8b465ee728b)
Start importing Assets/GrottoEscape2/GrottoEscape2Artwork/background/background_plant-left.png using Guid(0afec2dce4be34dfd91a5964175fb1be) Importer(815301076,1909f56bfc062723c751e8b465ee728b)  -> (artifact id: '17039f549b14513db19ebfe26c9e13b0') in 0.024670 seconds 
========================================================================
Received Import Request.
  Time since last request: 0.432492 seconds.
  path: Assets/GrottoEscape2/GrottoEscape2Artwork/background/background_plant-right.png
  artifactKey: Guid(e3df1070c40f2487b818aa16b495620d) Importer(815301076,1909f56bfc062723c751e8b465ee728b)
Start importing Assets/GrottoEscape2/GrottoEscape2Artwork/background/background_plant-right.png using Guid(e3df1070c40f2487b818aa16b495620d) Importer(815301076,1909f56bfc062723c751e8b465ee728b)  -> (artifact id: '4cee8918fcc3dce6924512c3dea85ab0') in 0.029024 seconds 
========================================================================
Received Import Request.
  Time since last request: 0.000026 seconds.
  path: Assets/GrottoEscape2/GrottoEscape2Artwork/background/background_statue-head.png
  artifactKey: Guid(cf855888b5f3047498ebaaa37035533b) Importer(815301076,1909f56bfc062723c751e8b465ee728b)
Start importing Assets/GrottoEscape2/GrottoEscape2Artwork/background/background_statue-head.png using Guid(cf855888b5f3047498ebaaa37035533b) Importer(815301076,1909f56bfc062723c751e8b465ee728b)  -> (artifact id: 'a70a8dec22e7e68d611c2791555c6ce5') in 0.029744 seconds 
========================================================================
Received Import Request.
  Time since last request: 0.000028 seconds.
  path: Assets/GrottoEscape2/GrottoEscape2Artwork/background/background_tree-leaves.png
  artifactKey: Guid(c977b4e6ad8e6495d86d213d76cfac6a) Importer(815301076,1909f56bfc062723c751e8b465ee728b)
Start importing Assets/GrottoEscape2/GrottoEscape2Artwork/background/background_tree-leaves.png using Guid(c977b4e6ad8e6495d86d213d76cfac6a) Importer(815301076,1909f56bfc062723c751e8b465ee728b)  -> (artifact id: '3b9109288367d8808d5eb6238f973f73') in 0.028947 seconds 
========================================================================
Received Import Request.
  Time since last request: 0.000036 seconds.
  path: Assets/GothicVania Church/Environment/bg-2.png
  artifactKey: Guid(4d106ce971166481faa32de0ba5145c0) Importer(815301076,1909f56bfc062723c751e8b465ee728b)
Start importing Assets/GothicVania Church/Environment/bg-2.png using Guid(4d106ce971166481faa32de0ba5145c0) Importer(815301076,1909f56bfc062723c751e8b465ee728b)  -> (artifact id: '16ca8289d6f8fdc7731990403b440225') in 0.038245 seconds 
========================================================================
Received Import Request.
  Time since last request: 0.000036 seconds.
  path: Assets/Sprites/bibliaPanelMenu.png
  artifactKey: Guid(da0baf3d46ba0b749b42ffc9384b89ce) Importer(815301076,1909f56bfc062723c751e8b465ee728b)
Start importing Assets/Sprites/bibliaPanelMenu.png using Guid(da0baf3d46ba0b749b42ffc9384b89ce) Importer(815301076,1909f56bfc062723c751e8b465ee728b)  -> (artifact id: '0792aa9bb2ce7982dc2a9f6efab390e5') in 0.042017 seconds 
========================================================================
Received Import Request.
  Time since last request: 0.000022 seconds.
  path: Assets/GothicVania Church/Environment/bg-4.png
  artifactKey: Guid(d8254b0cb964744a0a12cf381c9356e0) Importer(815301076,1909f56bfc062723c751e8b465ee728b)
Start importing Assets/GothicVania Church/Environment/bg-4.png using Guid(d8254b0cb964744a0a12cf381c9356e0) Importer(815301076,1909f56bfc062723c751e8b465ee728b)  -> (artifact id: 'fbc74fa079c4d86dc1761667a3190a44') in 0.031851 seconds 
========================================================================
Received Import Request.
  Time since last request: 32.630798 seconds.
  path: Assets/ATG Studios/Magical Potions and Effects/Potion Area Effects/Prefabs/Brawl Area Effect.prefab
  artifactKey: Guid(412b024159425ff428036b8d4f4a1429) Importer(815301076,1909f56bfc062723c751e8b465ee728b)
Start importing Assets/ATG Studios/Magical Potions and Effects/Potion Area Effects/Prefabs/Brawl Area Effect.prefab using Guid(412b024159425ff428036b8d4f4a1429) Importer(815301076,1909f56bfc062723c751e8b465ee728b)  -> (artifact id: '1301a66c1e984266ac30f533f63a3e3c') in 0.098097 seconds 
========================================================================
Received Import Request.
  Time since last request: 15.271726 seconds.
  path: Packages/com.unity.2d.animation/Editor/Assets/SkinningModule/Icons/Light/Bone.png
  artifactKey: Guid(62ce01ddca719d34ea9648c586a7cc94) Importer(815301076,1909f56bfc062723c751e8b465ee728b)
Start importing Packages/com.unity.2d.animation/Editor/Assets/SkinningModule/Icons/Light/Bone.png using Guid(62ce01ddca719d34ea9648c586a7cc94) Importer(815301076,1909f56bfc062723c751e8b465ee728b)  -> (artifact id: 'b705dd65152717ac77ef5f8b6b820a5f') in 0.026853 seconds 
========================================================================
Received Import Request.
  Time since last request: 0.139856 seconds.
  path: Packages/com.unity.2d.animation/Editor/Assets/SkinningModule/Icons/Light/Bone@2x.png
  artifactKey: Guid(d6a44ab95b0def041a7929981a2c23a1) Importer(815301076,1909f56bfc062723c751e8b465ee728b)
Start importing Packages/com.unity.2d.animation/Editor/Assets/SkinningModule/Icons/Light/Bone@2x.png using Guid(d6a44ab95b0def041a7929981a2c23a1) Importer(815301076,1909f56bfc062723c751e8b465ee728b)  -> (artifact id: '156aabc13c9c5eb604601a812d5bb061') in 0.031347 seconds 
========================================================================
Received Import Request.
  Time since last request: 0.889781 seconds.
  path: Packages/com.unity.2d.animation/Editor/Assets/SkinningModule/Icons/Selected/Bone_Influence.png
  artifactKey: Guid(ff00345da0563d641903c5bd5bb748a4) Importer(815301076,1909f56bfc062723c751e8b465ee728b)
Start importing Packages/com.unity.2d.animation/Editor/Assets/SkinningModule/Icons/Selected/Bone_Influence.png using Guid(ff00345da0563d641903c5bd5bb748a4) Importer(815301076,1909f56bfc062723c751e8b465ee728b)  -> (artifact id: '0311cdd93a2f0bcb2c6ac26027a42dae') in 0.038084 seconds 
========================================================================
Received Import Request.
  Time since last request: 0.000039 seconds.
  path: Packages/com.unity.2d.animation/Editor/Assets/SkinningModule/Icons/Light/Bone_Influence@2x.png
  artifactKey: Guid(7395bf0bc3cc40e4ab2dda5ec6832261) Importer(815301076,1909f56bfc062723c751e8b465ee728b)
Start importing Packages/com.unity.2d.animation/Editor/Assets/SkinningModule/Icons/Light/Bone_Influence@2x.png using Guid(7395bf0bc3cc40e4ab2dda5ec6832261) Importer(815301076,1909f56bfc062723c751e8b465ee728b)  -> (artifact id: 'feb247e6a940932c80bcccac257b5344') in 0.034408 seconds 
========================================================================
Received Import Request.
  Time since last request: 2.209296 seconds.
  path: Packages/com.unity.2d.animation/Editor/Assets/SkinningModule/Icons/Light/Bone_Influence@4x.png
  artifactKey: Guid(c7aa62ae78ffca0498c89e5f45f94c0e) Importer(815301076,1909f56bfc062723c751e8b465ee728b)
Start importing Packages/com.unity.2d.animation/Editor/Assets/SkinningModule/Icons/Light/Bone_Influence@4x.png using Guid(c7aa62ae78ffca0498c89e5f45f94c0e) Importer(815301076,1909f56bfc062723c751e8b465ee728b)  -> (artifact id: 'afd9d4386f77990546e24be785fdf218') in 0.039842 seconds 
========================================================================
Received Import Request.
  Time since last request: 0.058515 seconds.
  path: Assets/GothicVania Church/Sprites/Enemies/Burning-Ghoul/burning-ghoul1.png
  artifactKey: Guid(0868bf4c36fa14dacbef0b4619f706e6) Importer(815301076,1909f56bfc062723c751e8b465ee728b)
Start importing Assets/GothicVania Church/Sprites/Enemies/Burning-Ghoul/burning-ghoul1.png using Guid(0868bf4c36fa14dacbef0b4619f706e6) Importer(815301076,1909f56bfc062723c751e8b465ee728b)  -> (artifact id: 'fdc79033193aea0dc087a2cdb6df177a') in 0.037644 seconds 
========================================================================
Received Import Request.
  Time since last request: 0.346698 seconds.
  path: Assets/GothicVania Church/Sprites/Enemies/Burning-Ghoul/burning-ghoul2.png
  artifactKey: Guid(4daa8d9424fb449af8be4f99d6688c8d) Importer(815301076,1909f56bfc062723c751e8b465ee728b)
Start importing Assets/GothicVania Church/Sprites/Enemies/Burning-Ghoul/burning-ghoul2.png using Guid(4daa8d9424fb449af8be4f99d6688c8d) Importer(815301076,1909f56bfc062723c751e8b465ee728b)  -> (artifact id: '6f5eaa166fbaface6972ebe87fe24d57') in 0.036920 seconds 
========================================================================
Received Import Request.
  Time since last request: 0.000031 seconds.
  path: Assets/Gothicvania Cemetery Artwork/Environment/sliced-objects/bush-large.png
  artifactKey: Guid(169c738601686406e9dc499aecfe1539) Importer(815301076,1909f56bfc062723c751e8b465ee728b)
Start importing Assets/Gothicvania Cemetery Artwork/Environment/sliced-objects/bush-large.png using Guid(169c738601686406e9dc499aecfe1539) Importer(815301076,1909f56bfc062723c751e8b465ee728b)  -> (artifact id: 'a9b0ec37615a049b03a9dd2ab1e6e1b9') in 0.042006 seconds 
========================================================================
Received Import Request.
  Time since last request: 0.000050 seconds.
  path: Assets/GothicVania Church/Sprites/Enemies/Burning-Ghoul/burning-ghoul6.png
  artifactKey: Guid(8a0436343c7684990b718c9c08fcc084) Importer(815301076,1909f56bfc062723c751e8b465ee728b)
Start importing Assets/GothicVania Church/Sprites/Enemies/Burning-Ghoul/burning-ghoul6.png using Guid(8a0436343c7684990b718c9c08fcc084) Importer(815301076,1909f56bfc062723c751e8b465ee728b)  -> (artifact id: 'b2c2f07f7e43e794de0eb7b550cf7fde') in 0.027307 seconds 
========================================================================
Received Import Request.
  Time since last request: 0.000053 seconds.
  path: Assets/Gothicvania Cemetery Artwork/Environment/sliced-objects/bush-small.png
  artifactKey: Guid(36d30963c1b6a4d4ab1c9d7a31b892b2) Importer(815301076,1909f56bfc062723c751e8b465ee728b)
Start importing Assets/Gothicvania Cemetery Artwork/Environment/sliced-objects/bush-small.png using Guid(36d30963c1b6a4d4ab1c9d7a31b892b2) Importer(815301076,1909f56bfc062723c751e8b465ee728b)  -> (artifact id: '264ca3a48b6ec04053d86c40e12572e2') in 0.031709 seconds 
========================================================================
Received Import Request.
  Time since last request: 4.644297 seconds.
  path: Packages/com.unity.collab-proxy/Editor/PlasticSCM/Assets/Images/buttonssosigninemail.png
  artifactKey: Guid(d24e7e0b75e1a244bb9687d6fd4315ef) Importer(815301076,1909f56bfc062723c751e8b465ee728b)
Start importing Packages/com.unity.collab-proxy/Editor/PlasticSCM/Assets/Images/buttonssosigninemail.png using Guid(d24e7e0b75e1a244bb9687d6fd4315ef) Importer(815301076,1909f56bfc062723c751e8b465ee728b)  -> (artifact id: 'e1b77a58a17a09a7f079aa9a211c415c') in 0.033814 seconds 
========================================================================
Received Import Request.
  Time since last request: 0.000046 seconds.
  path: Packages/com.unity.collab-proxy/Editor/PlasticSCM/Assets/Images/buttonssosigninunity.png
  artifactKey: Guid(f9161c6c9e06dc445ada3ee16d991f90) Importer(815301076,1909f56bfc062723c751e8b465ee728b)
Start importing Packages/com.unity.collab-proxy/Editor/PlasticSCM/Assets/Images/buttonssosigninunity.png using Guid(f9161c6c9e06dc445ada3ee16d991f90) Importer(815301076,1909f56bfc062723c751e8b465ee728b)  -> (artifact id: '4b9d4be1afe351b3f675039c0dca8e40') in 0.047583 seconds 
========================================================================
Received Import Request.
  Time since last request: 0.290439 seconds.
  path: Assets/Pet Cats pack/Sprites/Cat-1/Cat-1-Itch.png
  artifactKey: Guid(ff2f12d0c1d616742a807c701855de77) Importer(815301076,1909f56bfc062723c751e8b465ee728b)
Start importing Assets/Pet Cats pack/Sprites/Cat-1/Cat-1-Itch.png using Guid(ff2f12d0c1d616742a807c701855de77) Importer(815301076,1909f56bfc062723c751e8b465ee728b)  -> (artifact id: 'd0df79c21b56abdf98fab2af85619efb') in 0.035937 seconds 
========================================================================
Received Import Request.
  Time since last request: 0.583738 seconds.
  path: Assets/Pet Cats pack/Sprites/Cat-1/Cat-1-Licking 1.png
  artifactKey: Guid(0ba83ae3e39fa1e418bf74f5e82b1f5d) Importer(815301076,1909f56bfc062723c751e8b465ee728b)
Start importing Assets/Pet Cats pack/Sprites/Cat-1/Cat-1-Licking 1.png using Guid(0ba83ae3e39fa1e418bf74f5e82b1f5d) Importer(815301076,1909f56bfc062723c751e8b465ee728b)  -> (artifact id: 'e17f9541d9da9c2c41fec7d075ac9ee9') in 0.049133 seconds 
========================================================================
Received Import Request.
  Time since last request: 0.460638 seconds.
  path: Assets/Pet Cats pack/Sprites/Cat-1/Cat-1-Meow.png
  artifactKey: Guid(a7dd92e6bf1f4244a85147857743bd79) Importer(815301076,1909f56bfc062723c751e8b465ee728b)
Start importing Assets/Pet Cats pack/Sprites/Cat-1/Cat-1-Meow.png using Guid(a7dd92e6bf1f4244a85147857743bd79) Importer(815301076,1909f56bfc062723c751e8b465ee728b)  -> (artifact id: 'ca83dd2729a820b77f6eb3c81eb4b3d2') in 0.044054 seconds 
========================================================================
Received Import Request.
  Time since last request: 0.034902 seconds.
  path: Assets/Pet Cats pack/Sprites/Cat-1/Cat-1-Sitting.png
  artifactKey: Guid(65ce8b731e1efbd4d8e681ee98d2ab85) Importer(815301076,1909f56bfc062723c751e8b465ee728b)
Start importing Assets/Pet Cats pack/Sprites/Cat-1/Cat-1-Sitting.png using Guid(65ce8b731e1efbd4d8e681ee98d2ab85) Importer(815301076,1909f56bfc062723c751e8b465ee728b)  -> (artifact id: '8673a3878924489f451aef8d1972c761') in 0.032080 seconds 
========================================================================
Received Import Request.
  Time since last request: 0.010346 seconds.
  path: Assets/Pet Cats pack/Sprites/Cat-1/Cat-1-Sleeping2.png
  artifactKey: Guid(044a4b89ca47e3b42a62e26bd2095be9) Importer(815301076,1909f56bfc062723c751e8b465ee728b)
Start importing Assets/Pet Cats pack/Sprites/Cat-1/Cat-1-Sleeping2.png using Guid(044a4b89ca47e3b42a62e26bd2095be9) Importer(815301076,1909f56bfc062723c751e8b465ee728b)  -> (artifact id: '8b01b739b9891bb15f47452502394a45') in 0.031287 seconds 
========================================================================
Received Import Request.
  Time since last request: 0.211724 seconds.
  path: Assets/Pet Cats pack/Sprites/Cat-1/Cat-1-Walk.png
  artifactKey: Guid(575eda94bad32984fa4935919f2c1b1b) Importer(815301076,1909f56bfc062723c751e8b465ee728b)
Start importing Assets/Pet Cats pack/Sprites/Cat-1/Cat-1-Walk.png using Guid(575eda94bad32984fa4935919f2c1b1b) Importer(815301076,1909f56bfc062723c751e8b465ee728b)  -> (artifact id: 'e851c2cd6bc4b924b3409f08f06c49e3') in 0.050484 seconds 
========================================================================
Received Import Request.
  Time since last request: 0.331727 seconds.
  path: Assets/Pet Cats pack/Sprites/Cat-2/Cat-2-Idle.png
  artifactKey: Guid(c8f0e7e1d76fe1c409039ade1ac6c99c) Importer(815301076,1909f56bfc062723c751e8b465ee728b)
Start importing Assets/Pet Cats pack/Sprites/Cat-2/Cat-2-Idle.png using Guid(c8f0e7e1d76fe1c409039ade1ac6c99c) Importer(815301076,1909f56bfc062723c751e8b465ee728b)  -> (artifact id: 'a194f1844e268bf6cfa195a2e7368438') in 0.054945 seconds 
========================================================================
Received Import Request.
  Time since last request: 0.000037 seconds.
  path: Assets/Pet Cats pack/Sprites/Cat-2/Cat-2-Itch.png
  artifactKey: Guid(5489b541156c65344b7c3a1ba7f5e284) Importer(815301076,1909f56bfc062723c751e8b465ee728b)
Start importing Assets/Pet Cats pack/Sprites/Cat-2/Cat-2-Itch.png using Guid(5489b541156c65344b7c3a1ba7f5e284) Importer(815301076,1909f56bfc062723c751e8b465ee728b)  -> (artifact id: '2e54348b431c6af21858de57077309ce') in 0.032582 seconds 
========================================================================
Received Import Request.
  Time since last request: 0.002698 seconds.
  path: Assets/Pet Cats pack/Sprites/Cat-2/Cat-2-Laying.png
  artifactKey: Guid(e95e0487b3b9dc744a33314e8ab4a312) Importer(815301076,1909f56bfc062723c751e8b465ee728b)
Start importing Assets/Pet Cats pack/Sprites/Cat-2/Cat-2-Laying.png using Guid(e95e0487b3b9dc744a33314e8ab4a312) Importer(815301076,1909f56bfc062723c751e8b465ee728b)  -> (artifact id: '1271db9c0e144c671bacae4e96656fb0') in 0.046231 seconds 
========================================================================
Received Import Request.
  Time since last request: 0.417799 seconds.
  path: Assets/Pet Cats pack/Sprites/Cat-2/Cat-2-Licking 1.png
  artifactKey: Guid(d2362876c3ea354468cb7816614b03eb) Importer(815301076,1909f56bfc062723c751e8b465ee728b)
Start importing Assets/Pet Cats pack/Sprites/Cat-2/Cat-2-Licking 1.png using Guid(d2362876c3ea354468cb7816614b03eb) Importer(815301076,1909f56bfc062723c751e8b465ee728b)  -> (artifact id: '7fcd399bcfaebe4d1ef0474d6585c767') in 0.046174 seconds 
========================================================================
Received Import Request.
  Time since last request: 0.018614 seconds.
  path: Assets/Pet Cats pack/Sprites/Cat-2/Cat-2-Meow.png
  artifactKey: Guid(922936d3e15297e42b9c19a8d40e7662) Importer(815301076,1909f56bfc062723c751e8b465ee728b)
Start importing Assets/Pet Cats pack/Sprites/Cat-2/Cat-2-Meow.png using Guid(922936d3e15297e42b9c19a8d40e7662) Importer(815301076,1909f56bfc062723c751e8b465ee728b)  -> (artifact id: '59d65b5390492cd339705b0c0d70428d') in 0.033466 seconds 
========================================================================
Received Import Request.
  Time since last request: 0.249944 seconds.
  path: Assets/Pet Cats pack/Sprites/Cat-2/Cat-2-Run.png
  artifactKey: Guid(98f7b2ab72126f044b2da2e5cd2e43af) Importer(815301076,1909f56bfc062723c751e8b465ee728b)
Start importing Assets/Pet Cats pack/Sprites/Cat-2/Cat-2-Run.png using Guid(98f7b2ab72126f044b2da2e5cd2e43af) Importer(815301076,1909f56bfc062723c751e8b465ee728b)  -> (artifact id: 'cb114186a532e53bdba8febf1870b56d') in 0.054988 seconds 
========================================================================
Received Import Request.
  Time since last request: 0.001073 seconds.
  path: Assets/Pet Cats pack/Sprites/Cat-2/Cat-2-Sitting.png
  artifactKey: Guid(4282a1e20e673d943a10aa8a0fdf40fc) Importer(815301076,1909f56bfc062723c751e8b465ee728b)
Start importing Assets/Pet Cats pack/Sprites/Cat-2/Cat-2-Sitting.png using Guid(4282a1e20e673d943a10aa8a0fdf40fc) Importer(815301076,1909f56bfc062723c751e8b465ee728b)  -> (artifact id: '095f1e5b9cb050205b1913cab2a9bc6d') in 0.031896 seconds 
========================================================================
Received Prepare
Registering precompiled user dll's ...
Registered in 0.008278 seconds.
Begin MonoManager ReloadAssembly
Symbol file LoadedFromMemory doesn't match image C:\Users\la.fernandez\Desktop\SACRED-HITMAN\prueba\Library\PackageCache\com.unity.visualscripting@1.8.0\Editor\VisualScripting.Core\Dependencies\YamlDotNet\Unity.VisualScripting.YamlDotNet.dll
Symbol file LoadedFromMemory doesn't match image C:\Users\la.fernandez\Desktop\SACRED-HITMAN\prueba\Library\PackageCache\com.unity.visualscripting@1.8.0\Editor\VisualScripting.Core\Dependencies\DotNetZip\Unity.VisualScripting.IonicZip.dll
Native extension for UWP target not found
Native extension for WindowsStandalone target not found
Native extension for Android target not found
Native extension for WebGL target not found
Refreshing native plugins compatible for Editor in 1.37 ms, found 4 plugins.
Preloading 0 native plugins for Editor in 0.00 ms.
Mono: successfully reloaded assembly
- Completed reload, in  1.311 seconds
Domain Reload Profiling:
	ReloadAssembly (1311ms)
		BeginReloadAssembly (166ms)
			ExecutionOrderSort (0ms)
			DisableScriptedObjects (7ms)
			BackupInstance (0ms)
			ReleaseScriptingObjects (0ms)
			CreateAndSetChildDomain (46ms)
		EndReloadAssembly (1032ms)
			LoadAssemblies (114ms)
			RebuildTransferFunctionScriptingTraits (0ms)
			SetupTypeCache (318ms)
			ReleaseScriptCaches (2ms)
			RebuildScriptCaches (66ms)
			SetupLoadedEditorAssemblies (468ms)
				LogAssemblyErrors (0ms)
				InitializePlatformSupportModulesInManaged (30ms)
				SetLoadedEditorAssemblies (1ms)
				RefreshPlugins (1ms)
				BeforeProcessingInitializeOnLoad (99ms)
				ProcessInitializeOnLoadAttributes (278ms)
				ProcessInitializeOnLoadMethodAttributes (47ms)
				AfterProcessingInitializeOnLoad (11ms)
				EditorAssembliesLoaded (0ms)
			ExecutionOrderSort2 (0ms)
			AwakeInstancesAfterBackupRestoration (12ms)
Platform modules already initialized, skipping
Refreshing native plugins compatible for Editor in 4.60 ms, found 4 plugins.
Preloading 0 native plugins for Editor in 0.00 ms.
Unloading 3899 Unused Serialized files (Serialized files now loaded: 0)
Unloading 23 unused Assets / (95.4 KB). Loaded Objects now: 4461.
Memory consumption went from 152.7 MB to 152.6 MB.
Total: 4.424200 ms (FindLiveObjects: 0.491900 ms CreateObjectMapping: 0.108600 ms MarkObjects: 3.758900 ms  DeleteObjects: 0.063600 ms)

AssetImportParameters requested are different than current active one (requested -> active):
  custom:video-decoder-ogg-theora: a1e56fd34408186e4bbccfd4996cb3dc -> 
  custom:container-muxer-webm: aa71ff27fc2769a1b78a27578f13a17b -> 
  custom:container-demuxer-webm: 4f35f7cbe854078d1ac9338744f61a02 -> 
  custom:video-encoder-webm-vp8: eb34c28f22e8b96e1ab97ce403110664 -> 
  custom:audio-encoder-webm-vorbis: bf7c407c2cedff20999df2af8eb42d56 -> 
  custom:framework-win-MediaFoundation: 216162199b28c13a410421893ffa2e32 -> 
  custom:container-demuxer-ogg: 62fdf1f143b41e24485cea50d1cbac27 -> 
  custom:video-decoder-webm-vp8: 9c59270c3fd7afecdb556c50c9e8de78 -> 
  custom:audio-decoder-ogg-vorbis: bf7c407c2cedff20999df2af8eb42d56 -> 
========================================================================
Received Import Request.
  Time since last request: 580.344670 seconds.
  path: Assets/ATG Studios/Magical Potions and Effects/Potion Area Effects/Prefabs/Brawl Area Effect.prefab
  artifactKey: Guid(412b024159425ff428036b8d4f4a1429) Importer(815301076,1909f56bfc062723c751e8b465ee728b)
Start importing Assets/ATG Studios/Magical Potions and Effects/Potion Area Effects/Prefabs/Brawl Area Effect.prefab using Guid(412b024159425ff428036b8d4f4a1429) Importer(815301076,1909f56bfc062723c751e8b465ee728b)  -> (artifact id: 'ef2e2486054732e4e223327299bfd469') in 0.076047 seconds 
========================================================================
Received Import Request.
  Time since last request: 1.362362 seconds.
  path: Assets/ATG Studios/Magical Potions and Effects/Potion Area Effects/Prefabs/Brawl Area Effect.prefab
  artifactKey: Guid(412b024159425ff428036b8d4f4a1429) Importer(815301076,1909f56bfc062723c751e8b465ee728b)
Start importing Assets/ATG Studios/Magical Potions and Effects/Potion Area Effects/Prefabs/Brawl Area Effect.prefab using Guid(412b024159425ff428036b8d4f4a1429) Importer(815301076,1909f56bfc062723c751e8b465ee728b)  -> (artifact id: '107c7c8f27536e28edbac12772e59618') in 0.015348 seconds 
========================================================================
Received Prepare
Registering precompiled user dll's ...
Registered in 0.007876 seconds.
Begin MonoManager ReloadAssembly
Symbol file LoadedFromMemory doesn't match image C:\Users\la.fernandez\Desktop\SACRED-HITMAN\prueba\Library\PackageCache\com.unity.visualscripting@1.8.0\Editor\VisualScripting.Core\Dependencies\YamlDotNet\Unity.VisualScripting.YamlDotNet.dll
Symbol file LoadedFromMemory doesn't match image C:\Users\la.fernandez\Desktop\SACRED-HITMAN\prueba\Library\PackageCache\com.unity.visualscripting@1.8.0\Editor\VisualScripting.Core\Dependencies\DotNetZip\Unity.VisualScripting.IonicZip.dll
Native extension for UWP target not found
Native extension for WindowsStandalone target not found
Native extension for Android target not found
Native extension for WebGL target not found
Refreshing native plugins compatible for Editor in 1.01 ms, found 4 plugins.
Preloading 0 native plugins for Editor in 0.00 ms.
Mono: successfully reloaded assembly
- Completed reload, in  1.321 seconds
Domain Reload Profiling:
	ReloadAssembly (1322ms)
		BeginReloadAssembly (161ms)
			ExecutionOrderSort (0ms)
			DisableScriptedObjects (7ms)
			BackupInstance (0ms)
			ReleaseScriptingObjects (0ms)
			CreateAndSetChildDomain (41ms)
		EndReloadAssembly (1028ms)
			LoadAssemblies (117ms)
			RebuildTransferFunctionScriptingTraits (0ms)
			SetupTypeCache (324ms)
			ReleaseScriptCaches (2ms)
			RebuildScriptCaches (60ms)
			SetupLoadedEditorAssemblies (464ms)
				LogAssemblyErrors (0ms)
				InitializePlatformSupportModulesInManaged (29ms)
				SetLoadedEditorAssemblies (1ms)
				RefreshPlugins (1ms)
				BeforeProcessingInitializeOnLoad (98ms)
				ProcessInitializeOnLoadAttributes (278ms)
				ProcessInitializeOnLoadMethodAttributes (45ms)
				AfterProcessingInitializeOnLoad (12ms)
				EditorAssembliesLoaded (0ms)
			ExecutionOrderSort2 (0ms)
			AwakeInstancesAfterBackupRestoration (10ms)
Platform modules already initialized, skipping
Refreshing native plugins compatible for Editor in 2.93 ms, found 4 plugins.
Preloading 0 native plugins for Editor in 0.00 ms.
Unloading 3899 Unused Serialized files (Serialized files now loaded: 0)
Unloading 23 unused Assets / (95.4 KB). Loaded Objects now: 4476.
Memory consumption went from 152.7 MB to 152.6 MB.
Total: 3.781600 ms (FindLiveObjects: 0.383500 ms CreateObjectMapping: 0.122800 ms MarkObjects: 3.223900 ms  DeleteObjects: 0.050100 ms)

AssetImportParameters requested are different than current active one (requested -> active):
  custom:video-decoder-ogg-theora: a1e56fd34408186e4bbccfd4996cb3dc -> 
  custom:container-muxer-webm: aa71ff27fc2769a1b78a27578f13a17b -> 
  custom:container-demuxer-webm: 4f35f7cbe854078d1ac9338744f61a02 -> 
  custom:video-encoder-webm-vp8: eb34c28f22e8b96e1ab97ce403110664 -> 
  custom:audio-encoder-webm-vorbis: bf7c407c2cedff20999df2af8eb42d56 -> 
  custom:framework-win-MediaFoundation: 216162199b28c13a410421893ffa2e32 -> 
  custom:container-demuxer-ogg: 62fdf1f143b41e24485cea50d1cbac27 -> 
  custom:video-decoder-webm-vp8: 9c59270c3fd7afecdb556c50c9e8de78 -> 
  custom:audio-decoder-ogg-vorbis: bf7c407c2cedff20999df2af8eb42d56 -> 
========================================================================
Received Import Request.
  Time since last request: 208.719221 seconds.
  path: Assets/ATG Studios/Magical Potions and Effects/Potion Area Effects/Prefabs/Immunity Area Effect.prefab
  artifactKey: Guid(872d641a39b1d6a4584d42c9cc50cc0c) Importer(815301076,1909f56bfc062723c751e8b465ee728b)
Start importing Assets/ATG Studios/Magical Potions and Effects/Potion Area Effects/Prefabs/Immunity Area Effect.prefab using Guid(872d641a39b1d6a4584d42c9cc50cc0c) Importer(815301076,1909f56bfc062723c751e8b465ee728b)  -> (artifact id: '675200b51abd5a094d65b0e22b1efd78') in 0.132856 seconds 
========================================================================
Received Import Request.
  Time since last request: 9.232926 seconds.
  path: Assets/ATG Studios/Magical Potions and Effects/Potion Area Effects/Prefabs/Immunity Area Effect.prefab
  artifactKey: Guid(872d641a39b1d6a4584d42c9cc50cc0c) Importer(815301076,1909f56bfc062723c751e8b465ee728b)
Start importing Assets/ATG Studios/Magical Potions and Effects/Potion Area Effects/Prefabs/Immunity Area Effect.prefab using Guid(872d641a39b1d6a4584d42c9cc50cc0c) Importer(815301076,1909f56bfc062723c751e8b465ee728b)  -> (artifact id: '6decfe676032757c3a8c3adf1dbd9480') in 0.015183 seconds 
========================================================================
Received Import Request.
  Time since last request: 0.766915 seconds.
  path: Assets/ATG Studios/Magical Potions and Effects/Potion Area Effects/Prefabs/Immunity Area Effect.prefab
  artifactKey: Guid(872d641a39b1d6a4584d42c9cc50cc0c) Importer(815301076,1909f56bfc062723c751e8b465ee728b)
Start importing Assets/ATG Studios/Magical Potions and Effects/Potion Area Effects/Prefabs/Immunity Area Effect.prefab using Guid(872d641a39b1d6a4584d42c9cc50cc0c) Importer(815301076,1909f56bfc062723c751e8b465ee728b)  -> (artifact id: 'abf05cbe45a9da3d8fcba2a3d7f95df1') in 0.012528 seconds 
========================================================================
Received Import Request.
  Time since last request: 9.849024 seconds.
  path: Assets/ATG Studios/Magical Potions and Effects/Potion Area Effects/Prefabs/Immunity Area Effect.prefab
  artifactKey: Guid(872d641a39b1d6a4584d42c9cc50cc0c) Importer(815301076,1909f56bfc062723c751e8b465ee728b)
Start importing Assets/ATG Studios/Magical Potions and Effects/Potion Area Effects/Prefabs/Immunity Area Effect.prefab using Guid(872d641a39b1d6a4584d42c9cc50cc0c) Importer(815301076,1909f56bfc062723c751e8b465ee728b)  -> (artifact id: '143663da02646d375262fefa9f160fb6') in 0.012673 seconds 
========================================================================
Received Import Request.
  Time since last request: 0.797530 seconds.
  path: Assets/ATG Studios/Magical Potions and Effects/Potion Area Effects/Prefabs/Immunity Area Effect.prefab
  artifactKey: Guid(872d641a39b1d6a4584d42c9cc50cc0c) Importer(815301076,1909f56bfc062723c751e8b465ee728b)
Start importing Assets/ATG Studios/Magical Potions and Effects/Potion Area Effects/Prefabs/Immunity Area Effect.prefab using Guid(872d641a39b1d6a4584d42c9cc50cc0c) Importer(815301076,1909f56bfc062723c751e8b465ee728b)  -> (artifact id: 'da7827a2ff71bf954add6a72e4fa3a4c') in 0.015135 seconds 
========================================================================
Received Prepare
Registering precompiled user dll's ...
Registered in 0.007759 seconds.
Begin MonoManager ReloadAssembly
Symbol file LoadedFromMemory doesn't match image C:\Users\la.fernandez\Desktop\SACRED-HITMAN\prueba\Library\PackageCache\com.unity.visualscripting@1.8.0\Editor\VisualScripting.Core\Dependencies\YamlDotNet\Unity.VisualScripting.YamlDotNet.dll
Symbol file LoadedFromMemory doesn't match image C:\Users\la.fernandez\Desktop\SACRED-HITMAN\prueba\Library\PackageCache\com.unity.visualscripting@1.8.0\Editor\VisualScripting.Core\Dependencies\DotNetZip\Unity.VisualScripting.IonicZip.dll
Native extension for UWP target not found
Native extension for WindowsStandalone target not found
Native extension for Android target not found
Native extension for WebGL target not found
Refreshing native plugins compatible for Editor in 1.26 ms, found 4 plugins.
Preloading 0 native plugins for Editor in 0.00 ms.
Mono: successfully reloaded assembly
- Completed reload, in  1.315 seconds
Domain Reload Profiling:
	ReloadAssembly (1316ms)
		BeginReloadAssembly (158ms)
			ExecutionOrderSort (0ms)
			DisableScriptedObjects (7ms)
			BackupInstance (0ms)
			ReleaseScriptingObjects (0ms)
			CreateAndSetChildDomain (41ms)
		EndReloadAssembly (1046ms)
			LoadAssemblies (111ms)
			RebuildTransferFunctionScriptingTraits (0ms)
			SetupTypeCache (339ms)
			ReleaseScriptCaches (2ms)
			RebuildScriptCaches (71ms)
			SetupLoadedEditorAssemblies (457ms)
				LogAssemblyErrors (0ms)
				InitializePlatformSupportModulesInManaged (29ms)
				SetLoadedEditorAssemblies (0ms)
				RefreshPlugins (1ms)
				BeforeProcessingInitializeOnLoad (98ms)
				ProcessInitializeOnLoadAttributes (275ms)
				ProcessInitializeOnLoadMethodAttributes (42ms)
				AfterProcessingInitializeOnLoad (10ms)
				EditorAssembliesLoaded (0ms)
			ExecutionOrderSort2 (0ms)
			AwakeInstancesAfterBackupRestoration (10ms)
Platform modules already initialized, skipping
Refreshing native plugins compatible for Editor in 3.60 ms, found 4 plugins.
Preloading 0 native plugins for Editor in 0.00 ms.
Unloading 3899 Unused Serialized files (Serialized files now loaded: 0)
Unloading 24 unused Assets / (96.2 KB). Loaded Objects now: 4492.
Memory consumption went from 152.8 MB to 152.7 MB.
Total: 3.897300 ms (FindLiveObjects: 0.429300 ms CreateObjectMapping: 0.139300 ms MarkObjects: 3.270800 ms  DeleteObjects: 0.056400 ms)

AssetImportParameters requested are different than current active one (requested -> active):
  custom:video-decoder-ogg-theora: a1e56fd34408186e4bbccfd4996cb3dc -> 
  custom:container-muxer-webm: aa71ff27fc2769a1b78a27578f13a17b -> 
  custom:container-demuxer-webm: 4f35f7cbe854078d1ac9338744f61a02 -> 
  custom:video-encoder-webm-vp8: eb34c28f22e8b96e1ab97ce403110664 -> 
  custom:audio-encoder-webm-vorbis: bf7c407c2cedff20999df2af8eb42d56 -> 
  custom:framework-win-MediaFoundation: 216162199b28c13a410421893ffa2e32 -> 
  custom:container-demuxer-ogg: 62fdf1f143b41e24485cea50d1cbac27 -> 
  custom:video-decoder-webm-vp8: 9c59270c3fd7afecdb556c50c9e8de78 -> 
  custom:audio-decoder-ogg-vorbis: bf7c407c2cedff20999df2af8eb42d56 -> 
========================================================================
Received Import Request.
  Time since last request: 376.065770 seconds.
  path: Assets/ATG Studios/Magical Potions and Effects/Potion Area Effects/Prefabs/Blood Area Effect.prefab
  artifactKey: Guid(714228ad5e9990742957d6c7445e9116) Importer(815301076,1909f56bfc062723c751e8b465ee728b)
Start importing Assets/ATG Studios/Magical Potions and Effects/Potion Area Effects/Prefabs/Blood Area Effect.prefab using Guid(714228ad5e9990742957d6c7445e9116) Importer(815301076,1909f56bfc062723c751e8b465ee728b)  -> (artifact id: 'ef0d4ce6416dd64dd749370d43f463f6') in 0.086998 seconds 
========================================================================
Received Import Request.
  Time since last request: 3.075300 seconds.
  path: Assets/ATG Studios/Magical Potions and Effects/Potion Area Effects/Prefabs/Blood Area Effect.prefab
  artifactKey: Guid(714228ad5e9990742957d6c7445e9116) Importer(815301076,1909f56bfc062723c751e8b465ee728b)
Start importing Assets/ATG Studios/Magical Potions and Effects/Potion Area Effects/Prefabs/Blood Area Effect.prefab using Guid(714228ad5e9990742957d6c7445e9116) Importer(815301076,1909f56bfc062723c751e8b465ee728b)  -> (artifact id: 'c3b234d1b2eccde0adb40c53971d2328') in 0.014367 seconds 
========================================================================
Received Import Request.
  Time since last request: 39.106431 seconds.
  path: Assets/ATG Studios/Magical Potions and Effects/Potion Area Effects/Prefabs/Heat Area Effect.prefab
  artifactKey: Guid(45f65dac6d4ed0340b8b84ba959847d7) Importer(815301076,1909f56bfc062723c751e8b465ee728b)
Start importing Assets/ATG Studios/Magical Potions and Effects/Potion Area Effects/Prefabs/Heat Area Effect.prefab using Guid(45f65dac6d4ed0340b8b84ba959847d7) Importer(815301076,1909f56bfc062723c751e8b465ee728b)  -> (artifact id: '446eadd13078ad4885baf8a239f12ac9') in 0.020779 seconds 
========================================================================
Received Import Request.
  Time since last request: 3.782661 seconds.
  path: Assets/ATG Studios/Magical Potions and Effects/Potion Area Effects/Prefabs/Heat Area Effect.prefab
  artifactKey: Guid(45f65dac6d4ed0340b8b84ba959847d7) Importer(815301076,1909f56bfc062723c751e8b465ee728b)
Start importing Assets/ATG Studios/Magical Potions and Effects/Potion Area Effects/Prefabs/Heat Area Effect.prefab using Guid(45f65dac6d4ed0340b8b84ba959847d7) Importer(815301076,1909f56bfc062723c751e8b465ee728b)  -> (artifact id: '9e51b97cf995f0c310c4f660395215c0') in 0.014329 seconds 
========================================================================
Received Prepare
Registering precompiled user dll's ...
Registered in 0.008004 seconds.
Begin MonoManager ReloadAssembly
Symbol file LoadedFromMemory doesn't match image C:\Users\la.fernandez\Desktop\SACRED-HITMAN\prueba\Library\PackageCache\com.unity.visualscripting@1.8.0\Editor\VisualScripting.Core\Dependencies\YamlDotNet\Unity.VisualScripting.YamlDotNet.dll
Symbol file LoadedFromMemory doesn't match image C:\Users\la.fernandez\Desktop\SACRED-HITMAN\prueba\Library\PackageCache\com.unity.visualscripting@1.8.0\Editor\VisualScripting.Core\Dependencies\DotNetZip\Unity.VisualScripting.IonicZip.dll
Native extension for UWP target not found
Native extension for WindowsStandalone target not found
Native extension for Android target not found
Native extension for WebGL target not found
Refreshing native plugins compatible for Editor in 1.20 ms, found 4 plugins.
Preloading 0 native plugins for Editor in 0.00 ms.
Mono: successfully reloaded assembly
- Completed reload, in  1.294 seconds
Domain Reload Profiling:
	ReloadAssembly (1295ms)
		BeginReloadAssembly (158ms)
			ExecutionOrderSort (0ms)
			DisableScriptedObjects (9ms)
			BackupInstance (0ms)
			ReleaseScriptingObjects (0ms)
			CreateAndSetChildDomain (43ms)
		EndReloadAssembly (1016ms)
			LoadAssemblies (107ms)
			RebuildTransferFunctionScriptingTraits (0ms)
			SetupTypeCache (316ms)
			ReleaseScriptCaches (2ms)
			RebuildScriptCaches (66ms)
			SetupLoadedEditorAssemblies (462ms)
				LogAssemblyErrors (0ms)
				InitializePlatformSupportModulesInManaged (26ms)
				SetLoadedEditorAssemblies (1ms)
				RefreshPlugins (1ms)
				BeforeProcessingInitializeOnLoad (96ms)
				ProcessInitializeOnLoadAttributes (281ms)
				ProcessInitializeOnLoadMethodAttributes (45ms)
				AfterProcessingInitializeOnLoad (11ms)
				EditorAssembliesLoaded (0ms)
			ExecutionOrderSort2 (0ms)
			AwakeInstancesAfterBackupRestoration (11ms)
Platform modules already initialized, skipping
Refreshing native plugins compatible for Editor in 3.64 ms, found 4 plugins.
Preloading 0 native plugins for Editor in 0.00 ms.
Unloading 3899 Unused Serialized files (Serialized files now loaded: 0)
Unloading 24 unused Assets / (96.2 KB). Loaded Objects now: 4507.
Memory consumption went from 152.8 MB to 152.7 MB.
Total: 4.141100 ms (FindLiveObjects: 0.391000 ms CreateObjectMapping: 0.134000 ms MarkObjects: 3.548000 ms  DeleteObjects: 0.066800 ms)

AssetImportParameters requested are different than current active one (requested -> active):
  custom:video-decoder-ogg-theora: a1e56fd34408186e4bbccfd4996cb3dc -> 
  custom:container-muxer-webm: aa71ff27fc2769a1b78a27578f13a17b -> 
  custom:container-demuxer-webm: 4f35f7cbe854078d1ac9338744f61a02 -> 
  custom:video-encoder-webm-vp8: eb34c28f22e8b96e1ab97ce403110664 -> 
  custom:audio-encoder-webm-vorbis: bf7c407c2cedff20999df2af8eb42d56 -> 
  custom:framework-win-MediaFoundation: 216162199b28c13a410421893ffa2e32 -> 
  custom:container-demuxer-ogg: 62fdf1f143b41e24485cea50d1cbac27 -> 
  custom:video-decoder-webm-vp8: 9c59270c3fd7afecdb556c50c9e8de78 -> 
  custom:audio-decoder-ogg-vorbis: bf7c407c2cedff20999df2af8eb42d56 -> 
========================================================================
Received Prepare
Registering precompiled user dll's ...
Registered in 0.008992 seconds.
Begin MonoManager ReloadAssembly
Symbol file LoadedFromMemory doesn't match image C:\Users\la.fernandez\Desktop\SACRED-HITMAN\prueba\Library\PackageCache\com.unity.visualscripting@1.8.0\Editor\VisualScripting.Core\Dependencies\YamlDotNet\Unity.VisualScripting.YamlDotNet.dll
Symbol file LoadedFromMemory doesn't match image C:\Users\la.fernandez\Desktop\SACRED-HITMAN\prueba\Library\PackageCache\com.unity.visualscripting@1.8.0\Editor\VisualScripting.Core\Dependencies\DotNetZip\Unity.VisualScripting.IonicZip.dll
Native extension for UWP target not found
Native extension for WindowsStandalone target not found
Native extension for Android target not found
Native extension for WebGL target not found
Refreshing native plugins compatible for Editor in 1.80 ms, found 4 plugins.
Preloading 0 native plugins for Editor in 0.00 ms.
Mono: successfully reloaded assembly
- Completed reload, in  1.289 seconds
Domain Reload Profiling:
	ReloadAssembly (1290ms)
		BeginReloadAssembly (166ms)
			ExecutionOrderSort (0ms)
			DisableScriptedObjects (8ms)
			BackupInstance (0ms)
			ReleaseScriptingObjects (0ms)
			CreateAndSetChildDomain (41ms)
		EndReloadAssembly (999ms)
			LoadAssemblies (122ms)
			RebuildTransferFunctionScriptingTraits (0ms)
			SetupTypeCache (310ms)
			ReleaseScriptCaches (2ms)
			RebuildScriptCaches (66ms)
			SetupLoadedEditorAssemblies (446ms)
				LogAssemblyErrors (0ms)
				InitializePlatformSupportModulesInManaged (30ms)
				SetLoadedEditorAssemblies (1ms)
				RefreshPlugins (2ms)
				BeforeProcessingInitializeOnLoad (95ms)
				ProcessInitializeOnLoadAttributes (266ms)
				ProcessInitializeOnLoadMethodAttributes (42ms)
				AfterProcessingInitializeOnLoad (11ms)
				EditorAssembliesLoaded (0ms)
			ExecutionOrderSort2 (0ms)
			AwakeInstancesAfterBackupRestoration (11ms)
Platform modules already initialized, skipping
Refreshing native plugins compatible for Editor in 3.59 ms, found 4 plugins.
Preloading 0 native plugins for Editor in 0.00 ms.
Unloading 3899 Unused Serialized files (Serialized files now loaded: 0)
Unloading 23 unused Assets / (95.4 KB). Loaded Objects now: 4522.
Memory consumption went from 152.8 MB to 152.7 MB.
Total: 4.305000 ms (FindLiveObjects: 0.404800 ms CreateObjectMapping: 0.113300 ms MarkObjects: 3.733800 ms  DeleteObjects: 0.051800 ms)

AssetImportParameters requested are different than current active one (requested -> active):
  custom:video-decoder-ogg-theora: a1e56fd34408186e4bbccfd4996cb3dc -> 
  custom:container-muxer-webm: aa71ff27fc2769a1b78a27578f13a17b -> 
  custom:container-demuxer-webm: 4f35f7cbe854078d1ac9338744f61a02 -> 
  custom:video-encoder-webm-vp8: eb34c28f22e8b96e1ab97ce403110664 -> 
  custom:audio-encoder-webm-vorbis: bf7c407c2cedff20999df2af8eb42d56 -> 
  custom:framework-win-MediaFoundation: 216162199b28c13a410421893ffa2e32 -> 
  custom:container-demuxer-ogg: 62fdf1f143b41e24485cea50d1cbac27 -> 
  custom:video-decoder-webm-vp8: 9c59270c3fd7afecdb556c50c9e8de78 -> 
  custom:audio-decoder-ogg-vorbis: bf7c407c2cedff20999df2af8eb42d56 -> 
========================================================================
Received Prepare
Registering precompiled user dll's ...
Registered in 0.008014 seconds.
Begin MonoManager ReloadAssembly
Symbol file LoadedFromMemory doesn't match image C:\Users\la.fernandez\Desktop\SACRED-HITMAN\prueba\Library\PackageCache\com.unity.visualscripting@1.8.0\Editor\VisualScripting.Core\Dependencies\YamlDotNet\Unity.VisualScripting.YamlDotNet.dll
Symbol file LoadedFromMemory doesn't match image C:\Users\la.fernandez\Desktop\SACRED-HITMAN\prueba\Library\PackageCache\com.unity.visualscripting@1.8.0\Editor\VisualScripting.Core\Dependencies\DotNetZip\Unity.VisualScripting.IonicZip.dll
Native extension for UWP target not found
Native extension for WindowsStandalone target not found
Native extension for Android target not found
Native extension for WebGL target not found
Refreshing native plugins compatible for Editor in 1.34 ms, found 4 plugins.
Preloading 0 native plugins for Editor in 0.00 ms.
Mono: successfully reloaded assembly
- Completed reload, in  1.326 seconds
Domain Reload Profiling:
	ReloadAssembly (1327ms)
		BeginReloadAssembly (168ms)
			ExecutionOrderSort (0ms)
			DisableScriptedObjects (9ms)
			BackupInstance (0ms)
			ReleaseScriptingObjects (0ms)
			CreateAndSetChildDomain (42ms)
		EndReloadAssembly (1039ms)
			LoadAssemblies (115ms)
			RebuildTransferFunctionScriptingTraits (0ms)
			SetupTypeCache (316ms)
			ReleaseScriptCaches (2ms)
			RebuildScriptCaches (68ms)
			SetupLoadedEditorAssemblies (479ms)
				LogAssemblyErrors (0ms)
				InitializePlatformSupportModulesInManaged (27ms)
				SetLoadedEditorAssemblies (1ms)
				RefreshPlugins (1ms)
				BeforeProcessingInitializeOnLoad (98ms)
				ProcessInitializeOnLoadAttributes (292ms)
				ProcessInitializeOnLoadMethodAttributes (50ms)
				AfterProcessingInitializeOnLoad (10ms)
				EditorAssembliesLoaded (0ms)
			ExecutionOrderSort2 (0ms)
			AwakeInstancesAfterBackupRestoration (11ms)
Platform modules already initialized, skipping
Refreshing native plugins compatible for Editor in 4.19 ms, found 4 plugins.
Preloading 0 native plugins for Editor in 0.00 ms.
Unloading 3899 Unused Serialized files (Serialized files now loaded: 0)
Unloading 23 unused Assets / (95.3 KB). Loaded Objects now: 4537.
Memory consumption went from 152.8 MB to 152.7 MB.
Total: 4.079900 ms (FindLiveObjects: 0.420200 ms CreateObjectMapping: 0.117500 ms MarkObjects: 3.484000 ms  DeleteObjects: 0.056900 ms)

AssetImportParameters requested are different than current active one (requested -> active):
  custom:video-decoder-ogg-theora: a1e56fd34408186e4bbccfd4996cb3dc -> 
  custom:container-muxer-webm: aa71ff27fc2769a1b78a27578f13a17b -> 
  custom:container-demuxer-webm: 4f35f7cbe854078d1ac9338744f61a02 -> 
  custom:video-encoder-webm-vp8: eb34c28f22e8b96e1ab97ce403110664 -> 
  custom:audio-encoder-webm-vorbis: bf7c407c2cedff20999df2af8eb42d56 -> 
  custom:framework-win-MediaFoundation: 216162199b28c13a410421893ffa2e32 -> 
  custom:container-demuxer-ogg: 62fdf1f143b41e24485cea50d1cbac27 -> 
  custom:video-decoder-webm-vp8: 9c59270c3fd7afecdb556c50c9e8de78 -> 
  custom:audio-decoder-ogg-vorbis: bf7c407c2cedff20999df2af8eb42d56 -> 
========================================================================
Received Prepare
Registering precompiled user dll's ...
Registered in 0.008562 seconds.
Begin MonoManager ReloadAssembly
Symbol file LoadedFromMemory doesn't match image C:\Users\la.fernandez\Desktop\SACRED-HITMAN\prueba\Library\PackageCache\com.unity.visualscripting@1.8.0\Editor\VisualScripting.Core\Dependencies\YamlDotNet\Unity.VisualScripting.YamlDotNet.dll
Symbol file LoadedFromMemory doesn't match image C:\Users\la.fernandez\Desktop\SACRED-HITMAN\prueba\Library\PackageCache\com.unity.visualscripting@1.8.0\Editor\VisualScripting.Core\Dependencies\DotNetZip\Unity.VisualScripting.IonicZip.dll
Native extension for UWP target not found
Native extension for WindowsStandalone target not found
Native extension for Android target not found
Native extension for WebGL target not found
Refreshing native plugins compatible for Editor in 1.11 ms, found 4 plugins.
Preloading 0 native plugins for Editor in 0.00 ms.
Mono: successfully reloaded assembly
- Completed reload, in  1.304 seconds
Domain Reload Profiling:
	ReloadAssembly (1305ms)
		BeginReloadAssembly (159ms)
			ExecutionOrderSort (0ms)
			DisableScriptedObjects (8ms)
			BackupInstance (0ms)
			ReleaseScriptingObjects (0ms)
			CreateAndSetChildDomain (38ms)
		EndReloadAssembly (1031ms)
			LoadAssemblies (117ms)
			RebuildTransferFunctionScriptingTraits (0ms)
			SetupTypeCache (311ms)
			ReleaseScriptCaches (2ms)
			RebuildScriptCaches (64ms)
			SetupLoadedEditorAssemblies (478ms)
				LogAssemblyErrors (0ms)
				InitializePlatformSupportModulesInManaged (26ms)
				SetLoadedEditorAssemblies (1ms)
				RefreshPlugins (1ms)
				BeforeProcessingInitializeOnLoad (101ms)
				ProcessInitializeOnLoadAttributes (292ms)
				ProcessInitializeOnLoadMethodAttributes (46ms)
				AfterProcessingInitializeOnLoad (11ms)
				EditorAssembliesLoaded (0ms)
			ExecutionOrderSort2 (0ms)
			AwakeInstancesAfterBackupRestoration (13ms)
Platform modules already initialized, skipping
Refreshing native plugins compatible for Editor in 4.66 ms, found 4 plugins.
Preloading 0 native plugins for Editor in 0.00 ms.
Unloading 3899 Unused Serialized files (Serialized files now loaded: 0)
Unloading 23 unused Assets / (95.4 KB). Loaded Objects now: 4552.
Memory consumption went from 152.8 MB to 152.7 MB.
Total: 4.384000 ms (FindLiveObjects: 0.388200 ms CreateObjectMapping: 0.123200 ms MarkObjects: 3.819400 ms  DeleteObjects: 0.052100 ms)

AssetImportParameters requested are different than current active one (requested -> active):
  custom:video-decoder-ogg-theora: a1e56fd34408186e4bbccfd4996cb3dc -> 
  custom:container-muxer-webm: aa71ff27fc2769a1b78a27578f13a17b -> 
  custom:container-demuxer-webm: 4f35f7cbe854078d1ac9338744f61a02 -> 
  custom:video-encoder-webm-vp8: eb34c28f22e8b96e1ab97ce403110664 -> 
  custom:audio-encoder-webm-vorbis: bf7c407c2cedff20999df2af8eb42d56 -> 
  custom:framework-win-MediaFoundation: 216162199b28c13a410421893ffa2e32 -> 
  custom:container-demuxer-ogg: 62fdf1f143b41e24485cea50d1cbac27 -> 
  custom:video-decoder-webm-vp8: 9c59270c3fd7afecdb556c50c9e8de78 -> 
  custom:audio-decoder-ogg-vorbis: bf7c407c2cedff20999df2af8eb42d56 -> 
